
[1mRooFit v3.60 -- Developed by Wouter Verkerke and David Kirkby[0m 
                Copyright (C) 2000-2013 NIKHEF, University of California & Stanford University
                All rights reserved, please read http://roofit.sourceforge.net/license.txt

Analizing channel 18 using Standard Analysis ...
Calibration = 0.377751
 FCN=188.439 FROM MIGRAD    STATUS=CONVERGED     254 CALLS         255 TOTAL
                     EDM=2.3542e-09    STRATEGY= 1      ERROR MATRIX ACCURATE 
  EXT PARAMETER                                   STEP         FIRST   
  NO.   NAME      VALUE            ERROR          SIZE      DERIVATIVE 
   1  Amp. - DEP   8.37950e+01   3.65009e+00   2.66120e-02   1.47685e-05
   2  Mean - DEP   4.21459e+03   1.57901e-01   2.00967e-03   5.09753e-05
   3  Sigma - DEP   3.85997e+00   1.57265e-01   5.69110e-05   4.96162e-03
   4  Amp. - FEP   5.11864e+01   3.16541e+00   2.34492e-02   2.45907e-06
   5  Mean - FEP   4.28958e+03   2.11685e-01   2.04543e-03  -4.11837e-05
   6  Sigma - FEP   3.49447e+00   2.04472e-01   7.90415e-05  -8.44113e-06
   7  Flat Bkg     1.78660e+01   2.90409e-01   2.54999e-03  -4.41085e-05
                               ERR DEF= 0.5
mean_aoe = 0.0527
 FCN=3.80847 FROM MIGRAD    STATUS=CONVERGED     383 CALLS         384 TOTAL
                     EDM=2.47686e-09    STRATEGY= 1  ERROR MATRIX UNCERTAINTY   4.1 per cent
  EXT PARAMETER                                   STEP         FIRST   
  NO.   NAME      VALUE            ERROR          SIZE      DERIVATIVE 
   1  Amp. - A/E   9.02573e-01   3.15954e-01  -4.70568e-04  -4.07021e-05
   2  Mean - A/E   9.99840e-01   2.16588e-03  -1.61205e-06  -2.08215e-02
   3  Sigma - A/E   7.56166e-03   1.65614e-03   1.85763e-05  -1.45988e-03
   4  Flat Bkg     4.94081e-03   3.38797e-03  -1.98396e-06  -3.42068e-01
   5  Linear Bkg   3.46026e-03   2.37070e-03  -1.38856e-06   5.06017e-01
                               ERR DEF= 0.5
Integral = 14.4382
AoE_cut = 0.983
CutIntegral = 12.9663
SF_dep = 0.898054
 FCN=187.271 FROM MIGRAD    STATUS=CONVERGED     172 CALLS         173 TOTAL
                     EDM=6.80112e-07    STRATEGY= 1      ERROR MATRIX ACCURATE 
  EXT PARAMETER                                   STEP         FIRST   
  NO.   NAME      VALUE            ERROR          SIZE      DERIVATIVE 
   1  Amp. - DEP   7.27042e+01   3.18035e+00   2.28610e-02   2.52463e-04
   2  Mean - DEP   4.21449e+03   1.55803e-01   2.00962e-03  -1.50200e-03
   3  Sigma - DEP   3.99166e+00   1.54639e-01   5.45239e-05   6.14768e-02
   4  Amp. - FEP   6.74834e+00   1.57635e+00   1.31263e-02  -2.80471e-04
   5  Mean - FEP   4.29002e+03   6.92293e-01   6.53663e-03   1.64306e-04
   6  Sigma - FEP   2.68827e+00   4.56808e-01   2.34652e-04  -1.62276e-02
   7  Flat Bkg     8.27900e+00   1.93488e-01   1.71741e-03  -7.94294e-04
                               ERR DEF= 0.5
Correction of AoE...
 FCN=104.113 FROM MIGRAD    STATUS=CONVERGED     997 CALLS         998 TOTAL
                     EDM=4.72746e-09    STRATEGY= 1  ERROR MATRIX UNCERTAINTY   2.3 per cent
  EXT PARAMETER                                   STEP         FIRST   
  NO.   NAME      VALUE            ERROR          SIZE      DERIVATIVE 
   1  Amp. - A/E   8.35152e+01   3.58097e+00  -5.04250e-05   5.41989e-05
   2  Mean - A/E   1.00006e+00   3.62070e-04  -1.25376e-06  -2.00968e-03
   3  Sigma - A/E   9.43900e-03   3.48713e-04  -2.14626e-05   4.09554e-04
   4  p3           1.35098e+01   9.04587e-01   1.99450e-04   1.41087e-05
   5  p4           4.93648e+00   5.28701e-01  -2.64146e-04  -1.08151e-04
   6  p5           1.00014e+00   7.79467e-03   2.39404e-06  -5.40067e-03
   7  p6          -4.97484e-10   1.23151e-01   8.84870e-05** at limit **
   8  p7           2.01341e-02   2.53732e-03  -4.93742e-06   1.50227e-04
                               ERR DEF= 0.5
 FCN=107.477 FROM MIGRAD    STATUS=CONVERGED     888 CALLS         889 TOTAL
                     EDM=2.50856e-08    STRATEGY= 1  ERROR MATRIX UNCERTAINTY   3.2 per cent
  EXT PARAMETER                                   STEP         FIRST   
  NO.   NAME      VALUE            ERROR          SIZE      DERIVATIVE 
   1  Amp. - A/E   7.03751e+01   3.33630e+00  -1.47306e-04  -1.67896e-03
   2  Mean - A/E   9.99822e-01   4.09661e-04   2.59542e-05  -4.18188e-03
   3  Sigma - A/E   9.52343e-03   3.75431e-04  -1.66309e-05  -3.71266e-03
   4  p3           1.49145e+01   9.40701e-01   8.58039e-04  -1.95809e-04
   5  p4           5.84120e+00   5.27239e-01  -2.02847e-05   2.69032e-04
   6  p5           9.95693e-01   6.89874e-03   6.93698e-06  -4.29315e-03
   7  p6          -7.69549e-11   6.39233e-02   2.13678e-03** at limit **
   8  p7           1.99445e-02   2.08987e-03  -4.58896e-05   2.93275e-05
                               ERR DEF= 0.5
 FCN=113.817 FROM MIGRAD    STATUS=CONVERGED     816 CALLS         817 TOTAL
                     EDM=2.50935e-07    STRATEGY= 1  ERROR MATRIX UNCERTAINTY   0.1 per cent
  EXT PARAMETER                                   STEP         FIRST   
  NO.   NAME      VALUE            ERROR          SIZE      DERIVATIVE 
   1  Amp. - A/E   7.28910e+01   3.73395e+00  -4.60120e-05  -3.01174e-04
   2  Mean - A/E   9.99509e-01   4.14951e-04  -4.20637e-05   6.94112e-04
   3  Sigma - A/E   8.73564e-03   5.22102e-04   8.84875e-05  -2.20956e-03
   4  p3           1.68897e+01   1.22588e+00  -8.96399e-03  -8.89730e-04
   5  p4           6.88521e+00   5.09642e-01  -4.74761e-03   2.52625e-03
   6  p5           1.00790e+00   5.42332e-03   1.92903e-05   9.08562e-02
   7  p6          -3.40155e-09   1.87228e-02   6.09266e-03** at limit **
   8  p7           1.64587e-02   1.92042e-03  -4.33154e-05  -1.02600e-04
                               ERR DEF= 0.5
 FCN=123.257 FROM MIGRAD    STATUS=CONVERGED     738 CALLS         739 TOTAL
                     EDM=4.10113e-07    STRATEGY= 1      ERROR MATRIX ACCURATE 
  EXT PARAMETER                                   STEP         FIRST   
  NO.   NAME      VALUE            ERROR          SIZE      DERIVATIVE 
   1  Amp. - A/E   9.19258e+01   4.50730e+00   8.32265e-04  -1.19690e-03
   2  Mean - A/E   9.98701e-01   3.55758e-04   1.23790e-04   6.67254e-03
   3  Sigma - A/E   7.36339e-03   3.79331e-04   2.35651e-04   1.42299e-03
   4  p3           3.05368e+01   1.50748e+00   6.33570e-03  -3.15214e-04
   5  p4           9.70337e+00   4.71402e-01   1.80034e-03   1.96271e-03
   6  p5           9.92489e-01   4.18921e-03   1.33713e-05   1.31393e-01
   7  p6          -3.80076e-10   3.29765e-03   8.81823e-04** at limit **
   8  p7           1.36815e-02   1.08927e-03   1.78636e-04   5.57607e-04
                               ERR DEF= 0.5
 FCN=140.721 FROM MIGRAD    STATUS=CONVERGED     872 CALLS         873 TOTAL
                     EDM=7.96444e-09    STRATEGY= 1      ERROR MATRIX ACCURATE 
  EXT PARAMETER                                   STEP         FIRST   
  NO.   NAME      VALUE            ERROR          SIZE      DERIVATIVE 
   1  Amp. - A/E   8.25699e+01   3.93382e+00   8.79892e-04   1.57372e-04
   2  Mean - A/E   9.96914e-01   4.30803e-04   1.49525e-04   1.89893e-03
   3  Sigma - A/E   8.55600e-03   4.47178e-04   2.32367e-04   6.18664e-04
   4  p3           2.65636e+01   1.56573e+00   5.84184e-03   3.87360e-05
   5  p4           6.16572e+00   1.50262e+00   1.25805e-03   4.31805e-05
   6  p5           9.89957e-01   6.77820e-03   1.71434e-05   9.23571e-03
   7  p6          -7.48759e-02   8.03596e-02   2.55420e-04  -1.87414e-05
   8  p7           1.60600e-02   1.75339e-03   2.27119e-04   1.87291e-03
                               ERR DEF= 0.5
 FCN=145.2 FROM MIGRAD    STATUS=CONVERGED     705 CALLS         706 TOTAL
                     EDM=1.35393e-07    STRATEGY= 1      ERROR MATRIX ACCURATE 
  EXT PARAMETER                                   STEP         FIRST   
  NO.   NAME      VALUE            ERROR          SIZE      DERIVATIVE 
   1  Amp. - A/E   1.00711e+02   4.46323e+00   8.39131e-04   5.31002e-04
   2  Mean - A/E   9.96784e-01   3.49242e-04   1.29391e-04   1.08015e-02
   3  Sigma - A/E   7.81815e-03   3.22665e-04   2.16911e-04   9.21905e-03
   4  p3           3.08025e+01   3.01034e+00   6.67787e-03  -1.33805e-04
   5  p4           4.55786e+00   1.32851e+00   7.88135e-04   2.09210e-03
   6  p5           9.93733e-01   4.49434e-03   1.58496e-05   6.31106e-02
   7  p6          -1.95273e-01   1.12640e-01   1.49385e-04  -1.00238e-02
   8  p7           1.54246e-02   1.35570e-03   2.30836e-04  -1.37017e-03
                               ERR DEF= 0.5
 FCN=124.197 FROM MIGRAD    STATUS=CONVERGED     838 CALLS         839 TOTAL
                     EDM=3.90948e-07    STRATEGY= 1      ERROR MATRIX ACCURATE 
  EXT PARAMETER                                   STEP         FIRST   
  NO.   NAME      VALUE            ERROR          SIZE      DERIVATIVE 
   1  Amp. - A/E   9.17934e+01   4.23779e+00   8.01269e-04  -7.31183e-05
   2  Mean - A/E   9.95367e-01   3.79142e-04   1.34130e-04   1.42962e-04
   3  Sigma - A/E   8.28508e-03   3.68534e-04   2.11601e-04  -8.87071e-03
   4  p3           2.53955e+01   1.41436e+00   5.18951e-03  -7.06760e-04
   5  p4           6.78208e+00   1.49879e+00   1.45496e-03   1.73254e-03
   6  p5           9.95086e-01   4.37609e-03   1.49436e-05  -2.19435e-02
   7  p6          -1.33271e-02   9.24445e-02   5.97535e-04  -5.25592e-03
   8  p7           1.51766e-02   1.30612e-03   2.03345e-04  -5.57549e-03
                               ERR DEF= 0.5
 FCN=145.515 FROM MIGRAD    STATUS=CONVERGED     658 CALLS         659 TOTAL
                     EDM=3.47476e-08    STRATEGY= 1  ERROR MATRIX UNCERTAINTY   2.3 per cent
  EXT PARAMETER                                   STEP         FIRST   
  NO.   NAME      VALUE            ERROR          SIZE      DERIVATIVE 
   1  Amp. - A/E   1.01709e+02   4.44705e+00  -9.63157e-05  -5.59823e-04
   2  Mean - A/E   9.95554e-01   3.35756e-04   1.50310e-05  -4.11758e-03
   3  Sigma - A/E   7.81005e-03   3.15859e-04  -4.30595e-05   2.81530e-03
   4  p3           2.76694e+01   3.50875e+00   1.58005e-04   3.72494e-05
   5  p4           4.57361e+00   1.70788e+00  -2.82797e-04  -6.83841e-04
   6  p5           9.93398e-01   4.45331e-03   3.27053e-06  -5.86772e-02
   7  p6          -1.81637e-01   1.46865e-01  -1.89008e-05   3.11059e-03
   8  p7           1.57065e-02   1.34278e-03  -3.36896e-05  -4.68510e-03
                               ERR DEF= 0.5
 FCN=131.179 FROM MIGRAD    STATUS=CONVERGED     802 CALLS         803 TOTAL
                     EDM=2.30844e-07    STRATEGY= 1  ERROR MATRIX UNCERTAINTY   1.7 per cent
  EXT PARAMETER                                   STEP         FIRST   
  NO.   NAME      VALUE            ERROR          SIZE      DERIVATIVE 
   1  Amp. - A/E   1.12206e+02   4.57404e+00   9.84431e-05  -1.01752e-03
   2  Mean - A/E   9.93819e-01   3.70747e-04   1.00096e-05  -7.75029e-04
   3  Sigma - A/E   8.73210e-03   3.44467e-04   2.39343e-05  -6.72090e-03
   4  p3           2.76463e+01   1.44924e+00  -5.86855e-04  -6.81529e-04
   5  p4           6.50543e+00   3.81244e-01   2.04670e-04   3.23796e-03
   6  p5           9.95744e-01   3.64853e-03  -5.02970e-06   1.67046e-01
   7  p6          -4.33735e-11   1.93344e-02   1.19300e-03** at limit **
   8  p7           1.50482e-02   1.22682e-03   1.86697e-05   4.02332e-03
                               ERR DEF= 0.5
 FCN=119.268 FROM MIGRAD    STATUS=CONVERGED     748 CALLS         749 TOTAL
                     EDM=9.65713e-09    STRATEGY= 1  ERROR MATRIX UNCERTAINTY   0.0 per cent
  EXT PARAMETER                                   STEP         FIRST   
  NO.   NAME      VALUE            ERROR          SIZE      DERIVATIVE 
   1  Amp. - A/E   1.33353e+02   5.01857e+00   5.44544e-06  -9.28573e-05
   2  Mean - A/E   9.92492e-01   3.29652e-04   1.21664e-05   2.73189e-04
   3  Sigma - A/E   8.58470e-03   3.13942e-04  -1.99077e-05  -5.42881e-04
   4  p3           3.32652e+01   1.67180e+00   3.48709e-03  -1.35084e-04
   5  p4           7.41224e+00   3.74109e-01   1.08966e-03   7.04123e-04
   6  p5           9.93939e-01   3.17456e-03  -2.68466e-06   2.94476e-02
   7  p6          -2.37197e-11   9.86920e-03  -1.34732e-03** at limit **
   8  p7           1.38854e-02   1.02514e-03   1.99215e-06  -4.11827e-05
                               ERR DEF= 0.5
 FCN=191.036 FROM MIGRAD    STATUS=CONVERGED     744 CALLS         745 TOTAL
                     EDM=2.74311e-07    STRATEGY= 1  ERROR MATRIX UNCERTAINTY   0.6 per cent
  EXT PARAMETER                                   STEP         FIRST   
  NO.   NAME      VALUE            ERROR          SIZE      DERIVATIVE 
   1  Amp. - A/E   1.47605e+02   5.45185e+00  -2.43471e-04  -1.92169e-03
   2  Mean - A/E   9.92761e-01   3.22229e-04  -2.30959e-06  -7.21931e-03
   3  Sigma - A/E   8.43506e-03   2.76129e-04  -5.44870e-05   1.51641e-02
   4  p3           4.11867e+01   1.89231e+00  -2.05587e-03   1.55208e-04
   5  p4           8.29505e+00   3.55299e-01  -9.63582e-04  -4.26311e-05
   6  p5           9.92997e-01   2.41204e-03  -1.71599e-06  -9.20511e-02
   7  p6          -1.69217e-10   2.77698e-03  -3.71014e-04** at limit **
   8  p7           1.20146e-02   7.59829e-04  -7.65911e-05  -1.70125e-02
                               ERR DEF= 0.5
 FCN=188.174 FROM MIGRAD    STATUS=CONVERGED     707 CALLS         708 TOTAL
                     EDM=4.22015e-09    STRATEGY= 1  ERROR MATRIX UNCERTAINTY   1.1 per cent
  EXT PARAMETER                                   STEP         FIRST   
  NO.   NAME      VALUE            ERROR          SIZE      DERIVATIVE 
   1  Amp. - A/E   1.66749e+02   5.60357e+00  -1.92158e-05  -1.47384e-04
   2  Mean - A/E   9.91850e-01   3.17255e-04  -9.07797e-06  -5.07411e-03
   3  Sigma - A/E   8.56242e-03   2.72105e-04  -2.20544e-05  -1.40916e-03
   4  p3           4.71985e+01   2.04993e+00   1.13409e-03   3.86256e-05
   5  p4           8.39032e+00   3.35834e-01  -8.17873e-05  -1.76171e-04
   6  p5           9.88932e-01   2.27435e-03   1.67252e-06  -8.40932e-03
   7  p6          -3.74700e-13   2.61103e-03   5.51457e-06** at limit **
   8  p7           1.23257e-02   6.93121e-04  -1.33813e-05  -1.48718e-03
                               ERR DEF= 0.5

****************************************
Minimizer is Linear
Chi2                      =      23.3662
NDf                       =           10
p0                        =      1.01298   +/-   0.000638196 
p1                        = -8.85145e-06   +/-   3.23739e-07 
1.01298
-8.85145e-06
0.000638196
3.23739e-07
0.049538
Calculation of survival fraction for 2104
 FCN=255.622 FROM MIGRAD    STATUS=CONVERGED     132 CALLS         133 TOTAL
                     EDM=1.42698e-11    STRATEGY= 1      ERROR MATRIX ACCURATE 
  EXT PARAMETER                                   STEP         FIRST   
  NO.   NAME      VALUE            ERROR          SIZE      DERIVATIVE 
   1  Amp.         6.22737e+01   2.34342e+00   2.00825e-02  -4.74852e-07
   2  Mean         5.56553e+03   1.94032e-01   2.65385e-03  -4.95485e-06
   3  Sigma        5.43118e+00   1.91612e-01   6.98464e-05  -2.42828e-04
   4  Flat Bkg     1.61328e+01   1.98563e-01   2.10702e-03   1.50024e-05
                               ERR DEF= 0.5
 FCN=218.311 FROM MIGRAD    STATUS=CONVERGED     581 CALLS         582 TOTAL
                     EDM=8.28634e-08    STRATEGY= 1      ERROR MATRIX ACCURATE 
  EXT PARAMETER                                   STEP         FIRST   
  NO.   NAME      VALUE            ERROR          SIZE      DERIVATIVE 
   1  Amp.         5.38567e+00   7.76992e-01   6.49705e-03  -1.98886e-04
   2  Mean         5.56333e+03   1.11809e+00   1.14199e-02   1.35118e-04
   3  Sigma        7.31579e+00   1.01233e+00   3.20449e-04  -2.61518e-03
   4  Flat Bkg     6.20523e+00   1.24293e-01   1.19199e-03   8.37703e-04
                               ERR DEF= 0.5
Calculation of survival fraction for 2614.5
 FCN=2819.38 FROM MIGRAD    STATUS=CONVERGED     114 CALLS         115 TOTAL
                     EDM=3.87756e-08    STRATEGY= 1      ERROR MATRIX ACCURATE 
  EXT PARAMETER                                   STEP         FIRST   
  NO.   NAME      VALUE            ERROR          SIZE      DERIVATIVE 
   1  Amp.         5.03481e+02   6.16890e+00   1.69712e-01   1.96622e-05
   2  Mean         6.91727e+03   5.10396e-02   3.29841e-03   5.88401e-04
   3  Sigma        4.88700e+00   4.66686e-02   5.58671e-05   9.68179e-02
   4  Flat Bkg     8.03123e+00   1.45142e-01   5.10029e-03  -6.40492e-04
                               ERR DEF= 0.5
 FCN=502.852 FROM MIGRAD    STATUS=CONVERGED     173 CALLS         174 TOTAL
                     EDM=4.44587e-09    STRATEGY= 1  ERROR MATRIX UNCERTAINTY   1.5 per cent
  EXT PARAMETER                                   STEP         FIRST   
  NO.   NAME      VALUE            ERROR          SIZE      DERIVATIVE 
   1  Amp.         5.38854e+01   2.02751e+00   1.88273e-05   3.08136e-07
   2  Mean         6.91724e+03   1.58453e-01   4.12933e-05   4.29516e-04
   3  Sigma        4.94938e+00   1.44729e-01   6.57888e-06   1.16038e-02
   4  Flat Bkg     7.84416e-01   4.55241e-02   7.19106e-06  -3.83806e-04
                               ERR DEF= 0.5
Calculation of survival fraction background at 2039
