
[1mRooFit v3.60 -- Developed by Wouter Verkerke and David Kirkby[0m 
                Copyright (C) 2000-2013 NIKHEF, University of California & Stanford University
                All rights reserved, please read http://roofit.sourceforge.net/license.txt

Analizing channel 33 using Standard Analysis ...
Calibration = 0.316096
 FCN=160.141 FROM MIGRAD    STATUS=CONVERGED     508 CALLS         509 TOTAL
                     EDM=1.83436e-07    STRATEGY= 1      ERROR MATRIX ACCURATE 
  EXT PARAMETER                                   STEP         FIRST   
  NO.   NAME      VALUE            ERROR          SIZE      DERIVATIVE 
   1  Amp. - DEP   1.11763e+01   1.48228e+00   1.04145e-02   6.41263e-05
   2  Mean - DEP   5.03646e+03   3.83640e-01   3.33857e-03   1.80595e-04
   3  Sigma - DEP   3.13085e+00   3.27797e-01   1.30429e-04  -8.66068e-03
   4  Amp. - FEP   8.28616e+00   1.67141e+00   1.05469e-02  -1.36528e-04
   5  Mean - FEP   5.12728e+03   4.39681e-01   3.55615e-03   5.68616e-05
   6  Sigma - FEP   2.39490e+00   4.67926e-01   1.81708e-04   5.24439e-03
   7  Flat Bkg     1.57216e+00   8.15044e-02   6.86397e-04  -1.46057e-04
                               ERR DEF= 0.5
mean_aoe = 0.04406
 FCN=9.5479 FROM MIGRAD    STATUS=CONVERGED     370 CALLS         371 TOTAL
                     EDM=6.15978e-07    STRATEGY= 1  ERROR MATRIX UNCERTAINTY   3.5 per cent
  EXT PARAMETER                                   STEP         FIRST   
  NO.   NAME      VALUE            ERROR          SIZE      DERIVATIVE 
   1  Amp. - A/E   6.07951e-01   2.32047e-01  -1.85137e-03   2.36450e-03
   2  Mean - A/E   1.00696e+00   2.76886e-03   1.77600e-05   2.76357e-01
   3  Sigma - A/E   9.08821e-03   1.99734e-03   1.81704e-04   2.03174e-02
   4  Flat Bkg     4.04606e-03   2.90356e-03   2.61027e-05   9.73301e-02
   5  Linear Bkg   3.53805e-03   2.53723e-03   2.28098e-05  -3.13170e-01
                               ERR DEF= 0.5
Integral = 11.4444
AoE_cut = 0.901
CutIntegral = 10.2222
SF_dep = 0.893204
 FCN=146.793 FROM MIGRAD    STATUS=CONVERGED     291 CALLS         292 TOTAL
                     EDM=1.68983e-08    STRATEGY= 1      ERROR MATRIX ACCURATE 
  EXT PARAMETER                                   STEP         FIRST   
  NO.   NAME      VALUE            ERROR          SIZE      DERIVATIVE 
   1  Amp. - DEP   1.02840e+01   1.39547e+00   9.42402e-03  -4.01372e-05
   2  Mean - DEP   5.03667e+03   3.83626e-01   3.21082e-03  -8.42467e-05
   3  Sigma - DEP   3.11393e+00   3.19301e-01   1.23039e-04  -3.42231e-03
   4  Amp. - FEP   4.01452e+00   1.21487e+00   8.51866e-03  -5.90942e-05
   5  Mean - FEP   5.12705e+03   5.39277e-01   4.51880e-03  -1.98848e-05
   6  Sigma - FEP   1.83442e+00   4.08250e-01   2.12950e-04   3.62787e-04
   7  Flat Bkg     1.17560e+00   6.91024e-02   5.65493e-04   1.03226e-03
                               ERR DEF= 0.5
Correction of AoE...
 FCN=91.9975 FROM MIGRAD    STATUS=CONVERGED     843 CALLS         844 TOTAL
                     EDM=5.18026e-08    STRATEGY= 1      ERROR MATRIX ACCURATE 
  EXT PARAMETER                                   STEP         FIRST   
  NO.   NAME      VALUE            ERROR          SIZE      DERIVATIVE 
   1  Amp. - A/E   7.84563e+00   1.11738e+00   2.17533e-03  -1.51212e-04
   2  Mean - A/E   1.00749e+00   1.33649e-03   4.52157e-04   3.60459e-04
   3  Sigma - A/E   1.06058e-02   1.20285e-03   5.22493e-04  -1.82399e-03
   4  p3           1.52333e+00   3.34033e-01   9.80534e-04  -9.82765e-04
   5  p4           4.70011e+00   1.36382e+00   4.02368e-03   2.16802e-04
   6  p5           1.01757e+00   2.16682e-02   5.30065e-05   4.73427e-03
   7  p6          -4.04714e-11   6.46798e-01   7.61316e-03** at limit **
   8  p7           1.38448e-02   7.49832e-03   7.90334e-04   5.80379e-04
                               ERR DEF= 0.5
 FCN=91.9521 FROM MIGRAD    STATUS=CONVERGED    1163 CALLS        1164 TOTAL
                     EDM=1.40694e-07    STRATEGY= 1  ERROR MATRIX UNCERTAINTY   3.6 per cent
  EXT PARAMETER                                   STEP         FIRST   
  NO.   NAME      VALUE            ERROR          SIZE      DERIVATIVE 
   1  Amp. - A/E   8.43441e+00   7.56925e+00   6.97554e-04   1.30208e-04
   2  Mean - A/E   1.00573e+00   1.47894e-03   5.00895e-05  -5.11573e-04
   3  Sigma - A/E   1.06114e-02   1.35458e-03  -5.77094e-05   1.85422e-03
   4  p3           1.86793e+00   4.06867e-01  -1.03445e-05   5.33089e-04
   5  p4           6.45069e+00   6.79354e+00   5.49472e-03  -3.68229e-04
   6  p5           9.89366e-01   3.40350e-02  -1.84589e-05  -2.12197e-02
   7  p6          -7.94635e-02   7.67253e-01   9.11895e-04   1.60720e-03
   8  p7           1.73062e-02   7.26101e-03   1.22976e-04  -9.56655e-04
                               ERR DEF= 0.5
 FCN=96.4343 FROM MIGRAD    STATUS=CONVERGED    1136 CALLS        1137 TOTAL
                     EDM=8.0033e-07    STRATEGY= 1      ERROR MATRIX ACCURATE 
  EXT PARAMETER                                   STEP         FIRST   
  NO.   NAME      VALUE            ERROR          SIZE      DERIVATIVE 
   1  Amp. - A/E   7.20000e+00   5.30674e-01   3.73686e-03** at limit **
   2  Mean - A/E   1.00480e+00   2.59205e-03   5.23610e-04   6.50034e-03
   3  Sigma - A/E   1.29696e-02   2.01210e-03   5.43591e-04   5.01359e-03
   4  p3           1.72356e+00   8.20378e-01   1.32408e-03  -1.34333e-03
   5  p4           4.32852e+00   6.33814e+00   2.60089e-03   7.68297e-04
   6  p5           9.98453e-01   2.83091e-02   6.60390e-05  -6.05001e-04
   7  p6          -2.06653e-01   8.26867e-01   5.10226e-04  -3.99482e-03
   8  p7           1.94862e-02   9.64853e-03   8.64138e-04  -3.30519e-03
                               ERR DEF= 0.5
 FCN=90.0902 FROM MIGRAD    STATUS=CONVERGED    1073 CALLS        1074 TOTAL
                     EDM=2.76401e-07    STRATEGY= 1      ERROR MATRIX ACCURATE 
  EXT PARAMETER                                   STEP         FIRST   
  NO.   NAME      VALUE            ERROR          SIZE      DERIVATIVE 
   1  Amp. - A/E   9.65892e+00   1.31535e+00   3.06486e-03  -4.49776e-04
   2  Mean - A/E   1.00713e+00   1.13254e-03   3.51993e-04   6.11869e-04
   3  Sigma - A/E   7.89215e-03   9.54041e-04   5.24929e-04  -3.57341e-03
   4  p3           2.98085e+00   5.06837e-01   1.84621e-03  -7.50482e-04
   5  p4           1.15755e+01   1.72013e+00   5.75972e-03  -5.96685e-05
   6  p5           1.00063e+00   1.31114e-02   3.69715e-05  -6.34054e-02
   7  p6          -3.07844e-10   1.50448e-02   1.61437e-03** at limit **
   8  p7           1.40792e-02   3.49293e-03   4.68526e-04  -3.48520e-03
                               ERR DEF= 0.5
 FCN=82.2358 FROM MIGRAD    STATUS=CONVERGED    1183 CALLS        1184 TOTAL
                     EDM=1.23198e-06    STRATEGY= 1      ERROR MATRIX ACCURATE 
  EXT PARAMETER                                   STEP         FIRST   
  NO.   NAME      VALUE            ERROR          SIZE      DERIVATIVE 
   1  Amp. - A/E   6.00003e+00   5.50054e+00   2.37576e-02   2.72686e-04
   2  Mean - A/E   1.00377e+00   2.18051e-03   4.73923e-04   7.97960e-05
   3  Sigma - A/E   8.20775e-03   1.81911e-03   7.23589e-04   9.20352e-06
   4  p3           3.16100e+00   5.73097e-01   1.67603e-03   9.57880e-04
   5  p4           9.12023e+00   1.29184e+00   4.20938e-03  -3.89875e-04
   6  p5           1.01219e+00   1.30396e-02   2.42975e-05  -1.04773e-02
   7  p6          -7.01452e-11   5.96214e-02   3.09225e-03** at limit **
   8  p7           6.53965e-03   3.26765e-03   8.23616e-04  -3.60291e-04
                               ERR DEF= 0.5
 FCN=79.8938 FROM MIGRAD    STATUS=CONVERGED     998 CALLS         999 TOTAL
                     EDM=6.75946e-08    STRATEGY= 1      ERROR MATRIX ACCURATE 
  EXT PARAMETER                                   STEP         FIRST   
  NO.   NAME      VALUE            ERROR          SIZE      DERIVATIVE 
   1  Amp. - A/E   1.04453e+01   1.63362e+00   2.21865e-03   7.69109e-05
   2  Mean - A/E   1.00330e+00   9.06685e-04   2.76765e-04  -5.51670e-04
   3  Sigma - A/E   6.16429e-03   1.35762e-03   7.68952e-04   2.26414e-04
   4  p3           2.38116e+00   4.44368e-01   1.29812e-03  -6.86321e-04
   5  p4           7.46668e+00   1.31422e+00   4.09405e-03   3.60638e-04
   6  p5           1.00744e+00   1.48113e-02   3.28814e-05   1.57455e-02
   7  p6          -4.10333e-09   9.52759e-01   1.44088e-02** at limit **
   8  p7           1.13100e-02   4.66556e-03   5.73630e-04  -2.02878e-04
                               ERR DEF= 0.5
 FCN=85.5219 FROM MIGRAD    STATUS=CONVERGED     961 CALLS         962 TOTAL
                     EDM=2.21458e-07    STRATEGY= 1      ERROR MATRIX ACCURATE 
  EXT PARAMETER                                   STEP         FIRST   
  NO.   NAME      VALUE            ERROR          SIZE      DERIVATIVE 
   1  Amp. - A/E   9.60000e+00   7.44838e+00   1.07959e-02** at limit **
   2  Mean - A/E   1.00119e+00   1.29205e-03   3.16995e-04  -4.09062e-04
   3  Sigma - A/E   9.43315e-03   8.10728e-04   4.07212e-04  -9.28983e-06
   4  p3           2.02861e+00   2.64759e+00   1.33235e-03  -1.43971e-03
   5  p4           2.69555e+00   6.01866e+00   1.75658e-03   1.34341e-03
   6  p5           9.92278e-01   1.08865e-02   4.94801e-05   4.25995e-02
   7  p6          -3.50164e-01   8.21050e-01   4.06832e-04  -5.70286e-03
   8  p7           5.00000e-03   5.54766e-03   3.12336e-03** at limit **
                               ERR DEF= 0.5
 FCN=87.4505 FROM MIGRAD    STATUS=CONVERGED    1372 CALLS        1373 TOTAL
                     EDM=1.94307e-07    STRATEGY= 1      ERROR MATRIX ACCURATE 
  EXT PARAMETER                                   STEP         FIRST   
  NO.   NAME      VALUE            ERROR          SIZE      DERIVATIVE 
   1  Amp. - A/E   1.05019e+01   1.39450e+00   2.70103e-03  -3.37653e-04
   2  Mean - A/E   1.00389e+00   9.02362e-04   2.85685e-04   2.66105e-04
   3  Sigma - A/E   7.15506e-03   7.32402e-04   5.05580e-04  -3.19824e-03
   4  p3           3.25150e+00   4.62621e-01   1.86533e-03  -9.50961e-04
   5  p4           1.18376e+01   1.72892e+00   5.64601e-03   3.03140e-04
   6  p5           9.87082e-01   1.01215e-02   3.59801e-05   7.94879e-03
   7  p6          -1.09487e-09   7.17301e-01   9.05367e-03** at limit **
   8  p7           1.42078e-02   2.56050e-03   4.59596e-04  -2.77423e-03
                               ERR DEF= 0.5
 FCN=84.2416 FROM MIGRAD    STATUS=CONVERGED    1395 CALLS        1396 TOTAL
                     EDM=2.16264e-08    STRATEGY= 1      ERROR MATRIX ACCURATE 
  EXT PARAMETER                                   STEP         FIRST   
  NO.   NAME      VALUE            ERROR          SIZE      DERIVATIVE 
   1  Amp. - A/E   9.60000e+00   1.27167e+00   4.73598e-03** at limit **
   2  Mean - A/E   1.00049e+00   1.18523e-03   3.31252e-04  -2.61664e-05
   3  Sigma - A/E   8.81449e-03   9.04392e-04   4.71009e-04   4.66218e-06
   4  p3           2.25071e+00   3.91726e-01   1.37612e-03   1.86399e-05
   5  p4           8.83272e+00   2.31140e+00   5.08989e-03  -9.37208e-05
   6  p5           9.89311e-01   1.42260e-02   4.45595e-05  -6.26061e-04
   7  p6          -3.97183e-04   9.80306e-01   8.09516e-03   6.86409e-05
   8  p7           1.56524e-02   3.94489e-03   5.65141e-04  -3.13136e-05
                               ERR DEF= 0.5
 FCN=88.7034 FROM MIGRAD    STATUS=CONVERGED    1039 CALLS        1040 TOTAL
                     EDM=1.52925e-08    STRATEGY= 1      ERROR MATRIX ACCURATE 
  EXT PARAMETER                                   STEP         FIRST   
  NO.   NAME      VALUE            ERROR          SIZE      DERIVATIVE 
   1  Amp. - A/E   1.19954e+01   1.51663e+00   1.87747e-03  -9.98698e-05
   2  Mean - A/E   1.00005e+00   1.04243e-03   2.88325e-04   4.91033e-04
   3  Sigma - A/E   8.01535e-03   8.67272e-04   4.59386e-04  -7.64995e-04
   4  p3           2.64030e+00   5.05919e-01   1.61499e-03   1.48720e-04
   5  p4           9.46761e+00   1.48906e+00   5.02763e-03  -3.12512e-05
   6  p5           1.00062e+00   8.90807e-03   3.47616e-05   4.73038e-03
   7  p6          -8.17124e-13   3.10497e-02   2.30829e-03** at limit **
   8  p7           1.03631e-02   2.68145e-03   5.70801e-04   5.52116e-04
                               ERR DEF= 0.5
 FCN=102.443 FROM MIGRAD    STATUS=CONVERGED    1070 CALLS        1071 TOTAL
                     EDM=1.07877e-06    STRATEGY= 1      ERROR MATRIX ACCURATE 
  EXT PARAMETER                                   STEP         FIRST   
  NO.   NAME      VALUE            ERROR          SIZE      DERIVATIVE 
   1  Amp. - A/E   1.60462e+01   1.58091e+00   1.76430e-03  -1.68880e-03
   2  Mean - A/E   9.98774e-01   9.18386e-04   2.74106e-04  -2.05005e-02
   3  Sigma - A/E   8.89270e-03   7.92495e-04   3.92421e-04  -3.51774e-03
   4  p3           3.38174e+00   4.84479e-01   1.89852e-03  -7.82154e-04
   5  p4           9.38665e+00   1.45877e+00   4.86690e-03   5.86308e-04
   6  p5           9.83581e-01   1.31767e-02   4.19479e-05   2.73925e-02
   7  p6          -3.72617e-11   3.52196e-02   2.61832e-03** at limit **
   8  p7           1.75707e-02   3.42203e-03   4.76651e-04  -1.82350e-03
                               ERR DEF= 0.5
 FCN=87.1145 FROM MIGRAD    STATUS=CONVERGED    1125 CALLS        1126 TOTAL
                     EDM=6.42836e-07    STRATEGY= 1      ERROR MATRIX ACCURATE 
  EXT PARAMETER                                   STEP         FIRST   
  NO.   NAME      VALUE            ERROR          SIZE      DERIVATIVE 
   1  Amp. - A/E   1.60392e+01   1.87046e+00   1.70619e-03  -1.08710e-03
   2  Mean - A/E   9.99781e-01   1.05351e-03   2.46997e-04  -9.96996e-03
   3  Sigma - A/E   7.62415e-03   8.95017e-04   4.26313e-04  -6.12877e-03
   4  p3           4.02082e+00   7.18025e-01   2.02967e-03  -1.59144e-03
   5  p4           1.01153e+01   1.30349e+00   4.28899e-03   7.41672e-04
   6  p5           1.00036e+00   7.43488e-03   2.66877e-05   3.28627e-02
   7  p6          -7.86176e-09   7.46005e-02   3.59074e-03** at limit **
   8  p7           8.72012e-03   2.21746e-03   5.18484e-04  -2.24180e-03
                               ERR DEF= 0.5

****************************************
Minimizer is Linear
Chi2                      =      12.0593
NDf                       =           10
p0                        =      1.02008   +/-   0.00229344  
p1                        = -8.82738e-06   +/-   1.13795e-06 
1.02008
-8.82738e-06
0.00229344
1.13795e-06
0.0414164
Calculation of survival fraction for 2104
 FCN=349.309 FROM MIGRAD    STATUS=CONVERGED     227 CALLS         228 TOTAL
                     EDM=9.64071e-08    STRATEGY= 1      ERROR MATRIX ACCURATE 
  EXT PARAMETER                                   STEP         FIRST   
  NO.   NAME      VALUE            ERROR          SIZE      DERIVATIVE 
   1  Amp.         5.41767e+00   6.70705e-01   6.33087e-03  -3.76122e-04
   2  Mean         6.65273e+03   6.82591e-01   8.54462e-03   6.42980e-05
   3  Sigma        6.09785e+00   7.65901e-01   2.87434e-04  -8.97912e-03
   4  Flat Bkg     1.09930e+00   4.78122e-02   5.88409e-04  -5.84408e-03
                               ERR DEF= 0.5
 FCN=324.516 FROM MIGRAD    STATUS=CONVERGED      97 CALLS          98 TOTAL
                     EDM=6.17701e-09    STRATEGY= 1      ERROR MATRIX ACCURATE 
  EXT PARAMETER                                   STEP         FIRST   
  NO.   NAME      VALUE            ERROR          SIZE      DERIVATIVE 
   1  Amp.         2.21113e+00   4.67561e-01   3.76138e-03  -1.46054e-04
   2  Mean         6.65253e+03   1.49363e+00   1.61907e-02   1.42415e-05
   3  Sigma        7.63550e+00   2.05635e+00   5.47872e-04  -3.67977e-04
   4  Flat Bkg     7.75792e-01   4.25115e-02   4.76763e-04  -1.51171e-03
                               ERR DEF= 0.5
Calculation of survival fraction for 2614.5
 FCN=200.659 FROM MIGRAD    STATUS=CONVERGED     192 CALLS         193 TOTAL
                     EDM=8.35896e-07    STRATEGY= 1  ERROR MATRIX UNCERTAINTY   3.3 per cent
  EXT PARAMETER                                   STEP         FIRST   
  NO.   NAME      VALUE            ERROR          SIZE      DERIVATIVE 
   1  Amp.         5.46299e+01   2.02062e+00   2.25549e-02   9.20123e-05
   2  Mean         8.26814e+03   1.59268e-01  -5.01215e-04  -7.21043e-03
   3  Sigma        4.14471e+00   9.27264e-02  -8.92042e-05   9.18913e-03
   4  Flat Bkg     1.56005e-01   1.75977e-02   7.45809e-04  -9.79607e-03
                               ERR DEF= 0.5
 FCN=153.464 FROM MIGRAD    STATUS=CONVERGED     193 CALLS         194 TOTAL
                     EDM=2.78081e-07    STRATEGY= 1      ERROR MATRIX ACCURATE 
  EXT PARAMETER                                   STEP         FIRST   
  NO.   NAME      VALUE            ERROR          SIZE      DERIVATIVE 
   1  Amp.         3.07776e+01   1.48915e+00   1.03105e-02  -9.18547e-05
   2  Mean         8.26812e+03   1.69727e-01   3.94255e-03   4.54813e-04
   3  Sigma        4.27651e+00   1.25509e-01   4.27976e-05  -6.84194e-02
   4  Flat Bkg     8.72821e-02   1.31372e-02   1.12087e-04  -3.09252e-02
                               ERR DEF= 0.5
Calculation of survival fraction background at 2039
