-bash: /users/b/burlac/.bash_profile: Permesso negato
Info in <TCanvas::Print>: pdf file chn7_spectrum.pdf has been created
Info in <TCanvas::Print>: pdf file chn7_DEP_FEP_calib.pdf has been created
Info in <TCanvas::Print>: pdf file chn7_AoE_onlyDEP.pdf has been created
Info in <TCanvas::Print>: pdf file chn7_PSA_DEP-FEP.pdf has been created
Warning in <TFile::Append>: Replacing existing TH1: h_AoE (Potential memory leak).
Warning in <TFile::Append>: Replacing existing TH1: h_AoE (Potential memory leak).
Warning in <TFile::Append>: Replacing existing TH1: h_AoE (Potential memory leak).
Warning in <TFile::Append>: Replacing existing TH1: h_AoE (Potential memory leak).
Warning in <TFile::Append>: Replacing existing TH1: h_AoE (Potential memory leak).
Warning in <TFile::Append>: Replacing existing TH1: h_AoE (Potential memory leak).
Warning in <TFile::Append>: Replacing existing TH1: h_AoE (Potential memory leak).
Warning in <TFile::Append>: Replacing existing TH1: h_AoE (Potential memory leak).
Warning in <TFile::Append>: Replacing existing TH1: h_AoE (Potential memory leak).
Warning in <TFile::Append>: Replacing existing TH1: h_AoE (Potential memory leak).
Warning in <TFile::Append>: Replacing existing TH1: h_AoE (Potential memory leak).
Warning in <TFile::Append>: Replacing existing TH1: h_AoE (Potential memory leak).
Info in <TCanvas::Print>: pdf file /nfs/gerda6/users/burlac/psd/chn7/chn7_AoE_fits.pdf has been created
Info in <TCanvas::Print>: pdf file /nfs/gerda6/users/burlac/psd/chn7/chn7_AoE_vs_E.pdf has been created
Warning in <TFile::Append>: Replacing existing TH1: h_ene (Potential memory leak).
Warning in <TFile::Append>: Replacing existing TH1: hene_psa (Potential memory leak).
Info in <TCanvas::Print>: pdf file /nfs/gerda6/users/burlac/psd/chn7/chn7_PSA_peak2104.pdf has been created
Warning in <TFile::Append>: Replacing existing TH1: h_ene (Potential memory leak).
Warning in <TFile::Append>: Replacing existing TH1: hene_psa (Potential memory leak).
Info in <TCanvas::Print>: pdf file /nfs/gerda6/users/burlac/psd/chn7/chn7_PSA_peak2614.5.pdf has been created
Warning in <TFile::Append>: Replacing existing TH1: h_ene (Potential memory leak).
Warning in <TFile::Append>: Replacing existing TH1: hene_psa (Potential memory leak).
Info in <TCanvas::Print>: pdf file /nfs/gerda6/users/burlac/psd/chn7/chn7_PSA_bkg2039.pdf has been created
Info in <TCanvas::Print>: pdf file /nfs/gerda6/users/burlac/psd/chn7/chn7_AoE.pdf has been created
