
[1mRooFit v3.60 -- Developed by Wouter Verkerke and David Kirkby[0m 
                Copyright (C) 2000-2013 NIKHEF, University of California & Stanford University
                All rights reserved, please read http://roofit.sourceforge.net/license.txt

Analizing channel 7 using Standard Analysis ...
Calibration = 0.401692
 FCN=150.227 FROM MIGRAD    STATUS=CONVERGED     380 CALLS         381 TOTAL
                     EDM=2.6295e-08    STRATEGY= 1  ERROR MATRIX UNCERTAINTY   9.6 per cent
  EXT PARAMETER                                   STEP         FIRST   
  NO.   NAME      VALUE            ERROR          SIZE      DERIVATIVE 
   1  Amp. - DEP   1.33384e+01   1.23897e+00   1.93409e-03  -8.57926e-05
   2  Mean - DEP   1.59261e+03   1.75253e-01   2.70121e-05   6.99915e-04
   3  Sigma - DEP   1.77313e+00   1.35298e-01  -1.10892e-05  -1.78683e-02
   4  Amp. - FEP   4.46258e+00   8.95438e-01   1.30718e-03  -3.45005e-05
   5  Mean - FEP   1.62049e+03   3.53546e-01  -1.49775e-04  -3.23474e-05
   6  Sigma - FEP   1.85011e+00   4.01168e-01  -3.92563e-06   2.41956e-03
   7  Flat Bkg     2.51458e+00   1.13665e-01   7.60659e-05  -3.00427e-04
                               ERR DEF= 0.5
mean_aoe = 0.127511
 FCN=12.0805 FROM MIGRAD    STATUS=CONVERGED     353 CALLS         354 TOTAL
                     EDM=5.34326e-08    STRATEGY= 1  ERROR MATRIX UNCERTAINTY   4.1 per cent
  EXT PARAMETER                                   STEP         FIRST   
  NO.   NAME      VALUE            ERROR          SIZE      DERIVATIVE 
   1  Amp. - A/E   8.51739e-01   2.77042e-01   7.46445e-04   9.35578e-04
   2  Mean - A/E   9.88967e-01   2.56484e-03  -6.64051e-07   2.58081e-02
   3  Sigma - A/E   9.33760e-03   1.85157e-03  -3.12792e-05   1.98708e-02
   4  Flat Bkg     7.83414e-03   4.33573e-03   9.98254e-06  -3.91771e+00
   5  Linear Bkg   5.55087e-03   3.07003e-03   7.06882e-06   5.52181e+00
                               ERR DEF= 0.5
Integral = 16.9333
AoE_cut = 0.901
CutIntegral = 15
SF_dep = 0.885827
 FCN=164.341 FROM MIGRAD    STATUS=CONVERGED     218 CALLS         219 TOTAL
                     EDM=6.70124e-07    STRATEGY= 1      ERROR MATRIX ACCURATE 
  EXT PARAMETER                                   STEP         FIRST   
  NO.   NAME      VALUE            ERROR          SIZE      DERIVATIVE 
   1  Amp. - DEP   1.26307e+01   1.17556e+00   8.46120e-03  -2.30746e-04
   2  Mean - DEP   1.59253e+03   1.45601e-01   1.28802e-03  -4.82698e-04
   3  Sigma - DEP   1.70599e+00   1.19615e-01   6.52831e-05  -1.56276e-02
   4  Amp. - FEP   1.29402e+00   4.49713e-01   3.19366e-03   1.40219e-03
   5  Mean - FEP   1.61882e+03   1.06335e+00   9.40850e-03  -2.71800e-04
   6  Sigma - FEP   2.85307e+00   1.09692e+00   4.44426e-04   1.27255e-04
   7  Flat Bkg     1.59974e+00   9.49923e-02   7.24799e-04  -3.47641e-03
                               ERR DEF= 0.5
Correction of AoE...
 FCN=86.5387 FROM MIGRAD    STATUS=CONVERGED     987 CALLS         988 TOTAL
                     EDM=2.88372e-07    STRATEGY= 1      ERROR MATRIX ACCURATE 
  EXT PARAMETER                                   STEP         FIRST   
  NO.   NAME      VALUE            ERROR          SIZE      DERIVATIVE 
   1  Amp. - A/E   1.66350e+01   1.61092e+00   1.40917e-03  -7.78369e-04
   2  Mean - A/E   9.92130e-01   7.71673e-04   2.61925e-04  -3.68690e-03
   3  Sigma - A/E   8.98064e-03   6.88736e-04   3.37478e-04  -3.45995e-03
   4  p3           2.30748e+00   3.82386e-01   1.28960e-03  -2.31703e-03
   5  p4           6.63302e+00   1.40851e+00   4.15911e-03   6.06414e-04
   6  p5           9.88408e-01   1.63861e-02   4.76632e-05   2.26457e-04
   7  p6          -2.08448e-09   6.79687e-01   8.32244e-03** at limit **
   8  p7           1.52470e-02   4.39695e-03   5.81002e-04  -1.75444e-03
                               ERR DEF= 0.5
 FCN=86.0273 FROM MIGRAD    STATUS=CONVERGED     931 CALLS         932 TOTAL
                     EDM=5.87248e-08    STRATEGY= 1  ERROR MATRIX UNCERTAINTY   0.5 per cent
  EXT PARAMETER                                   STEP         FIRST   
  NO.   NAME      VALUE            ERROR          SIZE      DERIVATIVE 
   1  Amp. - A/E   1.36053e+01   1.27844e+00  -3.86896e-05   3.97030e-06
   2  Mean - A/E   9.88347e-01   9.81633e-04  -1.36023e-05   2.92926e-06
   3  Sigma - A/E   1.12259e-02   8.72096e-04  -4.45768e-05   5.35914e-06
   4  p3           2.02363e+00   3.72975e-01  -7.21069e-04  -3.76271e-06
   5  p4           6.64429e+00   2.18346e+00  -4.86956e-03   1.01909e-06
   6  p5           9.66047e-01   2.90687e-02   5.14357e-05   4.60425e-04
   7  p6          -6.96241e-08   7.31937e-01   9.22961e-03** at limit **
   8  p7           2.23198e-02   6.36803e-03  -2.09378e-04   2.74434e-05
                               ERR DEF= 0.5
 FCN=97.7327 FROM MIGRAD    STATUS=CONVERGED    1160 CALLS        1161 TOTAL
                     EDM=2.09927e-07    STRATEGY= 1      ERROR MATRIX ACCURATE 
  EXT PARAMETER                                   STEP         FIRST   
  NO.   NAME      VALUE            ERROR          SIZE      DERIVATIVE 
   1  Amp. - A/E   1.20000e+01   8.01609e+00   8.45753e-03** at limit **
   2  Mean - A/E   9.90334e-01   9.21325e-04   3.51231e-04  -1.61780e-03
   3  Sigma - A/E   8.07678e-03   8.59236e-04   5.08064e-04  -8.49881e-04
   4  p3           2.05965e+00   3.63329e-01   1.19117e-03  -1.80202e-04
   5  p4           5.17191e+00   1.29522e+00   3.95745e-03   2.16498e-04
   6  p5           9.97047e-01   1.62313e-02   4.61608e-05  -2.11373e-02
   7  p6          -1.10066e-08   8.37782e-01   1.30767e-02** at limit **
   8  p7           1.57222e-02   5.68977e-03   6.51558e-04  -3.05116e-04
                               ERR DEF= 0.5
 FCN=88.469 FROM MIGRAD    STATUS=CONVERGED     770 CALLS         771 TOTAL
                     EDM=8.48586e-08    STRATEGY= 1      ERROR MATRIX ACCURATE 
  EXT PARAMETER                                   STEP         FIRST   
  NO.   NAME      VALUE            ERROR          SIZE      DERIVATIVE 
   1  Amp. - A/E   1.49160e+01   1.58067e+00   1.56553e-03   5.46011e-04
   2  Mean - A/E   9.88821e-01   9.09079e-04   3.09234e-04   2.03277e-03
   3  Sigma - A/E   8.57246e-03   7.15792e-04   3.68905e-04   2.27158e-03
   4  p3           2.99708e+00   4.74023e-01   1.61341e-03  -1.57081e-04
   5  p4           8.42100e+00   1.30647e+00   4.42281e-03   1.37896e-04
   6  p5           9.82446e-01   9.31371e-03   3.69826e-05   1.29499e-02
   7  p6          -1.81221e-09   3.95342e-02   2.62091e-03** at limit **
   8  p7           1.12683e-02   2.56057e-03   5.65899e-04  -3.02078e-04
                               ERR DEF= 0.5
 FCN=64.915 FROM MIGRAD    STATUS=CONVERGED     932 CALLS         933 TOTAL
                     EDM=6.12258e-07    STRATEGY= 1      ERROR MATRIX ACCURATE 
  EXT PARAMETER                                   STEP         FIRST   
  NO.   NAME      VALUE            ERROR          SIZE      DERIVATIVE 
   1  Amp. - A/E   1.40994e+01   2.40571e+00   2.05348e-03  -1.39259e-04
   2  Mean - A/E   9.89659e-01   9.17094e-04   2.45882e-04  -6.77287e-03
   3  Sigma - A/E   6.36737e-03   7.77979e-04   4.80610e-04  -9.01925e-04
   4  p3           4.33852e+00   6.88816e-01   1.69447e-03   1.41829e-04
   5  p4           8.90503e+00   1.07581e+00   3.24081e-03   1.46991e-04
   6  p5           9.91006e-01   1.07396e-02   2.13056e-05  -7.94328e-02
   7  p6          -5.64114e-08   1.53957e-01   4.35834e-03** at limit **
   8  p7           6.12858e-03   2.72674e-03   7.46962e-04  -3.09387e-03
                               ERR DEF= 0.5
 FCN=100.328 FROM MIGRAD    STATUS=CONVERGED     894 CALLS         895 TOTAL
                     EDM=5.51598e-08    STRATEGY= 1      ERROR MATRIX ACCURATE 
  EXT PARAMETER                                   STEP         FIRST   
  NO.   NAME      VALUE            ERROR          SIZE      DERIVATIVE 
   1  Amp. - A/E   1.50659e+01   1.53819e+00   2.95648e-03  -1.16845e-05
   2  Mean - A/E   9.87135e-01   8.78506e-04   3.52357e-04  -1.32325e-03
   3  Sigma - A/E   8.27462e-03   7.51443e-04   4.13003e-04  -9.37851e-04
   4  p3           3.67645e+00   5.05905e-01   1.86966e-03  -6.97710e-04
   5  p4           7.46988e+00   4.66895e+00   3.65313e-03   3.64186e-04
   6  p5           9.71009e-01   1.47022e-02   4.00055e-05   6.34055e-03
   7  p6          -3.89828e-02   2.11493e-01   8.07136e-04  -1.76474e-03
   8  p7           1.68964e-02   3.29054e-03   4.89655e-04  -9.66872e-04
                               ERR DEF= 0.5
 FCN=83.7032 FROM MIGRAD    STATUS=CONVERGED     939 CALLS         940 TOTAL
                     EDM=9.37592e-08    STRATEGY= 1      ERROR MATRIX ACCURATE 
  EXT PARAMETER                                   STEP         FIRST   
  NO.   NAME      VALUE            ERROR          SIZE      DERIVATIVE 
   1  Amp. - A/E   1.18591e+01   6.13083e+00   3.51180e-03  -4.64442e-05
   2  Mean - A/E   9.87071e-01   1.09949e-03   3.78748e-04   8.57489e-04
   3  Sigma - A/E   7.83588e-03   8.65550e-04   4.67169e-04  -6.47311e-04
   4  p3           5.06444e+00   2.17151e+00   2.29945e-03  -9.05153e-05
   5  p4           3.61049e+00   3.46580e+00   9.99905e-04   3.27615e-04
   6  p5           9.90801e-01   1.45912e-02   2.70314e-05  -1.28234e-02
   7  p6          -3.23163e-01   3.40789e-01   2.01758e-04  -1.66713e-03
   8  p7           6.68635e-03   3.75384e-03   8.42897e-04  -2.74559e-04
                               ERR DEF= 0.5
 FCN=110.047 FROM MIGRAD    STATUS=CONVERGED    1104 CALLS        1105 TOTAL
                     EDM=4.43478e-07    STRATEGY= 1      ERROR MATRIX ACCURATE 
  EXT PARAMETER                                   STEP         FIRST   
  NO.   NAME      VALUE            ERROR          SIZE      DERIVATIVE 
   1  Amp. - A/E   1.52617e+01   1.65900e+00   2.03013e-03  -2.07696e-04
   2  Mean - A/E   9.85990e-01   9.44131e-04   4.06951e-04   1.62564e-03
   3  Sigma - A/E   8.12996e-03   8.37683e-04   4.67319e-04  -4.84036e-03
   4  p3           4.22862e+00   3.18814e+00   2.39571e-03  -1.57911e-03
   5  p4           3.58508e+00   6.08972e+00   1.31420e-03   1.30652e-03
   6  p5           9.92114e-01   1.34300e-02   3.86705e-05  -3.42196e-02
   7  p6          -3.19965e-01   8.11295e-01   2.66826e-04  -9.31911e-03
   8  p7           1.81436e-02   3.95964e-03   5.61581e-04  -3.10397e-03
                               ERR DEF= 0.5
 FCN=87.3681 FROM MIGRAD    STATUS=CONVERGED    1030 CALLS        1031 TOTAL
                     EDM=7.39228e-08    STRATEGY= 1  ERROR MATRIX UNCERTAINTY   5.4 per cent
  EXT PARAMETER                                   STEP         FIRST   
  NO.   NAME      VALUE            ERROR          SIZE      DERIVATIVE 
   1  Amp. - A/E   1.65796e+01   2.00634e+00  -2.00821e-05  -1.00776e-04
   2  Mean - A/E   9.86746e-01   9.83863e-04  -9.50946e-06   4.68270e-04
   3  Sigma - A/E   8.13389e-03   8.00696e-04   3.15106e-05  -4.37017e-03
   4  p3           4.07366e+00   7.02820e-01  -2.88216e-04  -1.77166e-04
   5  p4           8.11281e+00   1.10992e+00  -1.17574e-03   1.86743e-05
   6  p5           9.92876e-01   8.43731e-03   2.19435e-07  -1.78204e-02
   7  p6          -1.71154e-09   4.02262e-02   2.21087e-04** at limit **
   8  p7           5.00000e-03   5.23445e-03  -1.98418e-04** at limit **
                               ERR DEF= 0.5
 FCN=96.7503 FROM MIGRAD    STATUS=CONVERGED    1020 CALLS        1021 TOTAL
                     EDM=1.06918e-07    STRATEGY= 1  ERROR MATRIX UNCERTAINTY   2.3 per cent
  EXT PARAMETER                                   STEP         FIRST   
  NO.   NAME      VALUE            ERROR          SIZE      DERIVATIVE 
   1  Amp. - A/E   2.27636e+01   2.03261e+00  -1.01283e-03   5.69741e-04
   2  Mean - A/E   9.85589e-01   7.06169e-04  -2.98652e-05   3.82073e-03
   3  Sigma - A/E   7.94725e-03   6.40075e-04   2.34026e-05   2.79909e-03
   4  p3           4.80024e+00   6.17182e-01   2.29806e-04   2.67916e-04
   5  p4           1.00385e+01   1.25464e+00  -3.12438e-04   1.39272e-04
   6  p5           9.79850e-01   8.03987e-03   4.98821e-06   2.91373e-02
   7  p6          -1.83850e-10   1.48547e-02  -2.90020e-04** at limit **
   8  p7           1.53637e-02   2.35948e-03   5.73571e-05   5.01225e-03
                               ERR DEF= 0.5
 FCN=123.256 FROM MIGRAD    STATUS=CONVERGED     779 CALLS         780 TOTAL
                     EDM=6.28786e-07    STRATEGY= 1  ERROR MATRIX UNCERTAINTY   5.2 per cent
  EXT PARAMETER                                   STEP         FIRST   
  NO.   NAME      VALUE            ERROR          SIZE      DERIVATIVE 
   1  Amp. - A/E   2.27892e+01   2.18475e+00  -3.10028e-04   5.32050e-04
   2  Mean - A/E   9.86412e-01   9.07366e-04  -1.12742e-04  -1.49298e-02
   3  Sigma - A/E   7.58899e-03   8.18823e-04   1.89521e-04  -5.49246e-03
   4  p3           4.91821e+00   6.99106e-01  -1.08654e-03   1.00377e-03
   5  p4           8.71217e+00   1.09852e+00  -4.02746e-03  -6.22855e-05
   6  p5           9.85246e-01   5.78724e-03   1.97111e-05   6.52820e-02
   7  p6          -4.76550e-10   1.28946e-02   7.36692e-05** at limit **
   8  p7           1.18481e-02   1.96435e-03  -1.56965e-04   2.75045e-03
                               ERR DEF= 0.5
 FCN=95.7022 FROM MIGRAD    STATUS=CONVERGED     735 CALLS         736 TOTAL
                     EDM=2.42834e-07    STRATEGY= 1  ERROR MATRIX UNCERTAINTY   5.2 per cent
  EXT PARAMETER                                   STEP         FIRST   
  NO.   NAME      VALUE            ERROR          SIZE      DERIVATIVE 
   1  Amp. - A/E   2.49381e+01   2.13686e+00   1.51211e-04  -1.51566e-04
   2  Mean - A/E   9.84406e-01   6.27233e-04  -2.41861e-05   1.17388e-03
   3  Sigma - A/E   7.69323e-03   4.87768e-04  -8.61217e-06  -4.23270e-03
   4  p3           5.39839e+00   5.97737e-01   1.16902e-04  -1.33373e-03
   5  p4           9.42075e+00   1.06054e+00   6.19321e-04   1.12917e-03
   6  p5           9.74827e-01   8.13054e-03  -5.36145e-06   5.15238e-02
   7  p6          -2.09734e-11   1.81043e-02  -5.49518e-04** at limit **
   8  p7           1.22909e-02   2.02287e-03   2.97159e-05  -4.93469e-05
                               ERR DEF= 0.5

****************************************
Minimizer is Linear
Chi2                      =      15.4674
NDf                       =           10
p0                        =     0.999698   +/-   0.00143169  
p1                        = -6.28409e-06   +/-   7.25864e-07 
0.999698
-6.28409e-06
0.00143169
7.25864e-07
0.11986
Calculation of survival fraction for 2104
 FCN=109.833 FROM MIGRAD    STATUS=CONVERGED     104 CALLS         105 TOTAL
                     EDM=1.05021e-09    STRATEGY= 1  ERROR MATRIX UNCERTAINTY   2.5 per cent
  EXT PARAMETER                                   STEP         FIRST   
  NO.   NAME      VALUE            ERROR          SIZE      DERIVATIVE 
   1  Amp.         2.72513e+01   2.49868e+00  -1.79144e-03  -1.85221e-05
   2  Mean         2.10349e+03   1.59035e-01   4.19089e-05   7.26002e-05
   3  Sigma        1.86312e+00   1.46757e-01  -4.28089e-06  -1.38296e-03
   4  Flat Bkg     5.27481e+00   1.82938e-01  -5.11375e-05   5.33685e-05
                               ERR DEF= 0.5
 FCN=100.078 FROM MIGRAD    STATUS=CONVERGED     172 CALLS         173 TOTAL
                     EDM=6.67655e-08    STRATEGY= 1      ERROR MATRIX ACCURATE 
  EXT PARAMETER                                   STEP         FIRST   
  NO.   NAME      VALUE            ERROR          SIZE      DERIVATIVE 
   1  Amp.         9.06894e+00   1.85584e+00   9.68300e-03  -5.76094e-05
   2  Mean         2.10307e+03   2.92872e-01   2.02773e-03  -4.69008e-05
   3  Sigma        1.52139e+00   3.25841e-01   1.35781e-04   3.40425e-03
   4  Flat Bkg     3.56575e+00   1.49296e-01   9.95963e-04   1.38846e-03
                               ERR DEF= 0.5
Calculation of survival fraction for 2614.5
 FCN=227.284 FROM MIGRAD    STATUS=CONVERGED     220 CALLS         221 TOTAL
                     EDM=3.80683e-08    STRATEGY= 1      ERROR MATRIX ACCURATE 
  EXT PARAMETER                                   STEP         FIRST   
  NO.   NAME      VALUE            ERROR          SIZE      DERIVATIVE 
   1  Amp.         1.66317e+02   5.52618e+00   4.48896e-02   7.16541e-06
   2  Mean         2.61475e+03   4.97146e-02   1.24681e-03  -9.99441e-04
   3  Sigma        1.82319e+00   4.15388e-02   2.46286e-05   6.03009e-02
   4  Flat Bkg     1.13801e+00   8.78126e-02   8.95180e-04  -5.32185e-04
                               ERR DEF= 0.5
 FCN=125.374 FROM MIGRAD    STATUS=CONVERGED     104 CALLS         105 TOTAL
                     EDM=1.69509e-07    STRATEGY= 1      ERROR MATRIX ACCURATE 
  EXT PARAMETER                                   STEP         FIRST   
  NO.   NAME      VALUE            ERROR          SIZE      DERIVATIVE 
   1  Amp.         7.84440e+01   3.77569e+00   2.26693e-02   1.70741e-05
   2  Mean         2.61470e+03   7.34258e-02   1.24679e-03   4.26209e-03
   3  Sigma        1.86167e+00   6.22505e-02   2.68669e-05  -2.68981e-02
   4  Flat Bkg     4.88214e-01   5.81564e-02   4.38140e-04  -3.98261e-03
                               ERR DEF= 0.5
Calculation of survival fraction background at 2039
