
[1mRooFit v3.60 -- Developed by Wouter Verkerke and David Kirkby[0m 
                Copyright (C) 2000-2013 NIKHEF, University of California & Stanford University
                All rights reserved, please read http://roofit.sourceforge.net/license.txt

Analizing channel 4 using Standard Analysis ...
Calibration = 0.376934
 FCN=137.426 FROM MIGRAD    STATUS=CONVERGED     448 CALLS         449 TOTAL
                     EDM=1.38186e-07    STRATEGY= 1      ERROR MATRIX ACCURATE 
  EXT PARAMETER                                   STEP         FIRST   
  NO.   NAME      VALUE            ERROR          SIZE      DERIVATIVE 
   1  Amp. - DEP   1.07342e+01   1.20974e+00   7.75914e-03  -9.91504e-05
   2  Mean - DEP   1.59242e+03   1.71099e-01   1.38724e-03  -4.07193e-04
   3  Sigma - DEP   1.62930e+00   1.58868e-01   7.88776e-05  -1.68495e-02
   4  Amp. - FEP   6.05703e+00   1.08397e+00   6.97816e-03   2.28537e-04
   5  Mean - FEP   1.62065e+03   2.36920e-01   1.88757e-03   7.25476e-04
   6  Sigma - FEP   1.35485e+00   2.19771e-01   1.18957e-04   8.22292e-03
   7  Flat Bkg     2.44414e+00   1.07016e-01   8.07819e-04  -1.98054e-03
                               ERR DEF= 0.5
mean_aoe = 0.125592
 FCN=14.3911 FROM MIGRAD    STATUS=CONVERGED     571 CALLS         572 TOTAL
                     EDM=3.26106e-08    STRATEGY= 1  ERROR MATRIX UNCERTAINTY   1.7 per cent
  EXT PARAMETER                                   STEP         FIRST   
  NO.   NAME      VALUE            ERROR          SIZE      DERIVATIVE 
   1  Amp. - A/E   6.66464e-01   2.40668e-01  -1.18554e-04  -1.59450e-04
   2  Mean - A/E   1.01282e+00   3.16323e-03  -7.92877e-07   7.60075e-03
   3  Sigma - A/E   1.01881e-02   2.66460e-03  -4.86584e-06  -8.84540e-03
   4  Flat Bkg    -1.75500e-02   7.98635e-02  -5.62864e-04   1.07068e-02
   5  Linear Bkg   3.88890e-02   9.21889e-02   6.39491e-04   9.45563e-03
                               ERR DEF= 0.5
Integral = 16
AoE_cut = 0.94
CutIntegral = 14.3333
SF_dep = 0.895833
 FCN=149.003 FROM MIGRAD    STATUS=CONVERGED     261 CALLS         262 TOTAL
                     EDM=5.558e-07    STRATEGY= 1      ERROR MATRIX ACCURATE 
  EXT PARAMETER                                   STEP         FIRST   
  NO.   NAME      VALUE            ERROR          SIZE      DERIVATIVE 
   1  Amp. - DEP   8.95159e+00   1.05499e+00   6.86819e-03  -3.12677e-04
   2  Mean - DEP   1.59249e+03   1.87294e-01   1.56708e-03  -7.86772e-04
   3  Sigma - DEP   1.74974e+00   1.83703e-01   8.82859e-05  -2.36488e-03
   4  Amp. - FEP   2.76694e+00   8.68057e-01   5.87880e-03   8.27793e-04
   5  Mean - FEP   1.62079e+03   3.31817e-01   2.78451e-03  -9.75724e-04
   6  Sigma - FEP   1.06031e+00   3.05067e-01   1.98714e-04   1.66647e-02
   7  Flat Bkg     1.49122e+00   8.34917e-02   6.56370e-04   1.39736e-03
                               ERR DEF= 0.5
Correction of AoE...
 FCN=98.7638 FROM MIGRAD    STATUS=CONVERGED    1271 CALLS        1272 TOTAL
                     EDM=9.24062e-07    STRATEGY= 1      ERROR MATRIX ACCURATE 
  EXT PARAMETER                                   STEP         FIRST   
  NO.   NAME      VALUE            ERROR          SIZE      DERIVATIVE 
   1  Amp. - A/E   1.26000e+01   1.56879e+00   4.95911e-03** at limit **
   2  Mean - A/E   1.01480e+00   1.03697e-03   5.00002e-04  -2.96058e-03
   3  Sigma - A/E   8.61734e-03   1.13387e-03   5.60929e-04  -2.73582e-03
   4  p3           2.40348e+00   4.60991e-01   1.31084e-03  -4.01530e-03
   5  p4           5.27952e+00   1.11459e+00   3.40712e-03   1.23420e-03
   6  p5           1.03332e+00   1.15037e-02   3.86322e-05   2.33271e-02
   7  p6          -1.07013e-10   1.38328e-01   5.24506e-03** at limit **
   8  p7           1.42768e-02   4.90686e-03   6.61953e-04  -8.89784e-04
                               ERR DEF= 0.5
 FCN=88.6325 FROM MIGRAD    STATUS=CONVERGED    1578 CALLS        1579 TOTAL
                     EDM=3.12287e-08    STRATEGY= 1      ERROR MATRIX ACCURATE 
  EXT PARAMETER                                   STEP         FIRST   
  NO.   NAME      VALUE            ERROR          SIZE      DERIVATIVE 
   1  Amp. - A/E   1.34135e+01   1.23274e+00   1.49831e-03  -5.37074e-05
   2  Mean - A/E   1.01355e+00   1.23451e-03   3.76963e-04   9.36125e-04
   3  Sigma - A/E   1.09735e-02   9.27758e-04   3.16736e-04  -3.00238e-04
   4  p3           1.84916e+00   3.05506e-01   1.00709e-03   1.08371e-05
   5  p4           4.70861e+00   1.26035e+00   3.93206e-03  -3.63701e-05
   6  p5           9.85282e-01   1.23356e-02   4.45546e-05  -1.54454e-03
   7  p6          -1.15975e-06   6.09553e-01   2.69093e-02  -2.35846e-05
   8  p7           6.79907e-03   5.45064e-03   2.13776e-03   1.17444e-04
                               ERR DEF= 0.5
 FCN=98.7744 FROM MIGRAD    STATUS=CONVERGED    1082 CALLS        1083 TOTAL
                     EDM=1.34108e-07    STRATEGY= 1      ERROR MATRIX ACCURATE 
  EXT PARAMETER                                   STEP         FIRST   
  NO.   NAME      VALUE            ERROR          SIZE      DERIVATIVE 
   1  Amp. - A/E   1.26000e+01   6.05055e-01   3.04080e-03** at limit **
   2  Mean - A/E   1.01371e+00   1.06228e-03   4.51843e-04  -2.20977e-03
   3  Sigma - A/E   8.96713e-03   9.76109e-04   4.74616e-04   9.67022e-04
   4  p3           1.90438e+00   3.64822e-01   1.13434e-03  -7.46586e-04
   5  p4           4.93072e+00   1.19088e+00   3.82737e-03   2.86246e-04
   6  p5           1.01689e+00   1.49783e-02   5.07842e-05   2.58435e-03
   7  p6          -1.93490e-08   6.73459e-01   8.68359e-03** at limit **
   8  p7           1.33754e-02   4.66159e-03   7.37588e-04  -4.66335e-04
                               ERR DEF= 0.5
 FCN=78.6251 FROM MIGRAD    STATUS=CONVERGED    1067 CALLS        1068 TOTAL
                     EDM=1.25741e-07    STRATEGY= 1  ERROR MATRIX UNCERTAINTY   4.4 per cent
  EXT PARAMETER                                   STEP         FIRST   
  NO.   NAME      VALUE            ERROR          SIZE      DERIVATIVE 
   1  Amp. - A/E   1.33759e+01   1.71942e+00  -3.40375e-04  -4.06932e-04
   2  Mean - A/E   1.01139e+00   8.90682e-04   4.80561e-06   1.96939e-03
   3  Sigma - A/E   6.20325e-03   8.51295e-04   1.38438e-04   1.66998e-03
   4  p3           3.93497e+00   5.94703e-01  -5.54741e-04  -6.15295e-04
   5  p4           8.20578e+00   1.08507e+00  -2.07590e-03   3.15330e-04
   6  p5           1.03050e+00   4.56301e-03   2.19076e-06   5.93070e-02
   7  p6          -7.95210e-10   2.70205e-02  -5.27200e-04** at limit **
   8  p7           7.26142e-03   2.08219e-03   9.17673e-05   7.97348e-04
                               ERR DEF= 0.5
 FCN=115.037 FROM MIGRAD    STATUS=CONVERGED     979 CALLS         980 TOTAL
                     EDM=8.55315e-07    STRATEGY= 1      ERROR MATRIX ACCURATE 
  EXT PARAMETER                                   STEP         FIRST   
  NO.   NAME      VALUE            ERROR          SIZE      DERIVATIVE 
   1  Amp. - A/E   1.21756e+01   2.21764e+00   5.20072e-03   4.28788e-04
   2  Mean - A/E   1.00887e+00   1.22752e-03   3.97417e-04   5.87029e-03
   3  Sigma - A/E   1.07739e-02   9.56493e-04   4.23100e-04  -1.94499e-03
   4  p3           2.82650e+00   5.83957e-01   1.66567e-03   2.11387e-04
   5  p4           5.79269e+00   4.66657e+00   3.46061e-03  -7.43814e-04
   6  p5           9.93292e-01   2.13666e-02   5.61976e-05  -4.10334e-02
   7  p6          -6.44566e-02   7.42684e-01   8.08327e-04   2.30935e-03
   8  p7           1.47002e-02   4.77081e-03   7.68786e-04  -1.50360e-03
                               ERR DEF= 0.5
 FCN=87.3223 FROM MIGRAD    STATUS=CONVERGED    1100 CALLS        1101 TOTAL
                     EDM=1.28343e-07    STRATEGY= 1  ERROR MATRIX UNCERTAINTY   1.7 per cent
  EXT PARAMETER                                   STEP         FIRST   
  NO.   NAME      VALUE            ERROR          SIZE      DERIVATIVE 
   1  Amp. - A/E   1.26458e+01   1.04842e+01   1.41727e-04  -1.49788e-04
   2  Mean - A/E   1.00937e+00   1.07031e-03  -6.18993e-07   5.93206e-05
   3  Sigma - A/E   9.55153e-03   9.89874e-04   1.29794e-06  -9.01185e-06
   4  p3           3.62526e+00   4.86285e-01   3.97567e-05  -4.81065e-05
   5  p4           8.95125e+00   1.34833e+00  -1.24018e-03  -4.89749e-06
   6  p5           9.92296e-01   1.31028e-02   1.48880e-06   1.79349e-03
   7  p6          -5.11960e-08   6.18658e-01   1.71379e-04** at limit **
   8  p7           1.44270e-02   3.02567e-03  -9.90542e-08   3.35577e-05
                               ERR DEF= 0.5
 FCN=97.5156 FROM MIGRAD    STATUS=CALL LIMIT   2133 CALLS        2134 TOTAL
                     EDM=1.68261e-05    STRATEGY= 1      ERR MATRIX NOT POS-DEF
  EXT PARAMETER                APPROXIMATE        STEP         FIRST   
  NO.   NAME      VALUE            ERROR          SIZE      DERIVATIVE 
   1  Amp. - A/E   1.02000e+01   6.58274e+00  -8.40298e-04  -8.12225e-04
   2  Mean - A/E   1.00930e+00   1.54902e-03   5.25536e-05   7.45730e-03
   3  Sigma - A/E   9.49621e-03   1.17875e-03  -1.12180e-04  -2.05008e-02
   4  p3           3.65782e+01   1.57123e+02   5.86368e-01  -1.16966e-03
   5  p4           2.06244e-01   9.44971e-01  -3.46285e-03   1.04444e-01
   6  p5           1.00606e+00   9.88066e-03   7.55993e-06   8.63941e-02
   7  p6          -9.33839e-01   5.18665e-01  -4.34071e-03  -2.40341e-01
   8  p7           1.22301e-02   3.45598e-03  -5.35506e-05   7.71425e-04
                               ERR DEF= 0.5
 FCN=90.656 FROM MIGRAD    STATUS=CONVERGED     794 CALLS         795 TOTAL
                     EDM=1.05181e-07    STRATEGY= 1      ERROR MATRIX ACCURATE 
  EXT PARAMETER                                   STEP         FIRST   
  NO.   NAME      VALUE            ERROR          SIZE      DERIVATIVE 
   1  Amp. - A/E   1.58298e+01   1.63127e+00   1.57759e-03  -4.63639e-04
   2  Mean - A/E   1.01007e+00   8.29615e-04   2.93522e-04  -2.37197e-03
   3  Sigma - A/E   8.39090e-03   7.51730e-04   3.89534e-04  -2.15139e-03
   4  p3           3.43801e+00   4.54722e-01   1.64605e-03  -8.34850e-04
   5  p4           7.41480e+00   1.12719e+00   3.66226e-03   4.56555e-04
   6  p5           1.00003e+00   1.08129e-02   3.83862e-05   7.77080e-03
   7  p6          -5.95206e-11   3.38886e-02   2.43905e-03** at limit **
   8  p7           1.50786e-02   2.95842e-03   4.97771e-04  -1.51377e-03
                               ERR DEF= 0.5
 FCN=80.6165 FROM MIGRAD    STATUS=CONVERGED    1006 CALLS        1007 TOTAL
                     EDM=2.47144e-09    STRATEGY= 1  ERROR MATRIX UNCERTAINTY   2.7 per cent
  EXT PARAMETER                                   STEP         FIRST   
  NO.   NAME      VALUE            ERROR          SIZE      DERIVATIVE 
   1  Amp. - A/E   1.16722e+01   1.66123e+00  -3.49063e-04  -2.80702e-05
   2  Mean - A/E   1.00807e+00   1.08886e-03  -1.58814e-04   5.08104e-04
   3  Sigma - A/E   8.98864e-03   9.44495e-04   2.86594e-05  -2.12399e-04
   4  p3           3.62761e+00   6.16124e-01  -7.58971e-05   1.13334e-04
   5  p4           8.46272e+00   1.14613e+00  -5.87206e-04  -7.50655e-05
   6  p5           1.01153e+00   1.27217e-02   7.04412e-06  -4.87525e-03
   7  p6          -4.03784e-11   5.93667e-02  -1.40913e-04** at limit **
   8  p7           1.01447e-02   3.59093e-03  -3.73756e-05  -7.39087e-07
                               ERR DEF= 0.5
 FCN=91.3339 FROM MIGRAD    STATUS=CONVERGED    1117 CALLS        1118 TOTAL
                     EDM=1.16078e-07    STRATEGY= 1      ERROR MATRIX ACCURATE 
  EXT PARAMETER                                   STEP         FIRST   
  NO.   NAME      VALUE            ERROR          SIZE      DERIVATIVE 
   1  Amp. - A/E   1.96582e+01   1.93202e+00   1.50593e-03   9.60477e-05
   2  Mean - A/E   1.00767e+00   8.33778e-04   2.53434e-04   1.45498e-03
   3  Sigma - A/E   8.18242e-03   8.31059e-04   3.88552e-04   9.27177e-04
   4  p3           3.78959e+00   5.80765e-01   1.76737e-03   6.77497e-04
   5  p4           7.33409e+00   1.05595e+00   3.40143e-03  -4.99974e-04
   6  p5           1.01074e+00   8.92866e-03   3.10939e-05  -6.53912e-03
   7  p6          -1.01829e-09   3.51005e-02   2.49877e-03** at limit **
   8  p7           1.28206e-02   2.98183e-03   4.64741e-04   4.15926e-05
                               ERR DEF= 0.5
 FCN=105.39 FROM MIGRAD    STATUS=CONVERGED     926 CALLS         927 TOTAL
                     EDM=4.54396e-08    STRATEGY= 1  ERROR MATRIX UNCERTAINTY   2.8 per cent
  EXT PARAMETER                                   STEP         FIRST   
  NO.   NAME      VALUE            ERROR          SIZE      DERIVATIVE 
   1  Amp. - A/E   2.22593e+01   2.04525e+00  -3.30802e-04   1.13897e-03
   2  Mean - A/E   1.00714e+00   8.74831e-04   4.50356e-05   4.97128e-04
   3  Sigma - A/E   8.87858e-03   7.46028e-04  -3.81446e-05   2.60983e-03
   4  p3           5.05254e+00   7.23900e-01   1.61439e-04   6.68323e-05
   5  p4           8.65440e+00   9.93999e-01  -7.30534e-04   1.31541e-04
   6  p5           1.00579e+00   8.04540e-03   1.22867e-05   3.96147e-02
   7  p6          -5.53965e-11   1.99169e-02  -5.08789e-04** at limit **
   8  p7           9.88249e-03   2.18631e-03  -3.44204e-05   1.55699e-03
                               ERR DEF= 0.5
 FCN=97.6867 FROM MIGRAD    STATUS=CONVERGED    1269 CALLS        1270 TOTAL
                     EDM=3.38696e-07    STRATEGY= 1      ERROR MATRIX ACCURATE 
  EXT PARAMETER                                   STEP         FIRST   
  NO.   NAME      VALUE            ERROR          SIZE      DERIVATIVE 
   1  Amp. - A/E   2.31529e+01   3.05880e+00   1.59780e-03  -1.15005e-03
   2  Mean - A/E   1.00773e+00   7.37793e-04   2.30701e-04   6.43594e-03
   3  Sigma - A/E   7.57388e-03   5.67772e-04   3.53471e-04  -3.35769e-03
   4  p3           6.04559e+00   9.12101e-01   2.56072e-03   3.22702e-04
   5  p4           9.43759e+00   9.36182e-01   3.43151e-03  -3.63384e-04
   6  p5           1.00940e+00   9.95994e-03   2.45369e-05  -5.80006e-02
   7  p6          -2.63555e-09   5.13295e-02   3.08712e-03** at limit **
   8  p7           6.28900e-03   2.27526e-03   7.58223e-04   1.94749e-03
                               ERR DEF= 0.5

****************************************
Minimizer is Linear
Chi2                      =      6.03033
NDf                       =           10
p0                        =      1.02413   +/-   0.00173186  
p1                        = -7.27254e-06   +/-   8.67354e-07 
1.02413
-7.27254e-06
0.00173186
8.67354e-07
0.118057
Calculation of survival fraction for 2104
 FCN=92.9059 FROM MIGRAD    STATUS=CONVERGED     118 CALLS         119 TOTAL
                     EDM=7.19489e-07    STRATEGY= 1      ERROR MATRIX ACCURATE 
  EXT PARAMETER                                   STEP         FIRST   
  NO.   NAME      VALUE            ERROR          SIZE      DERIVATIVE 
   1  Amp.         2.46535e+01   2.36119e+00   1.23167e-02   1.72169e-04
   2  Mean         2.10317e+03   1.72980e-01   1.15388e-03   3.54102e-03
   3  Sigma        1.96980e+00   1.64578e-01   6.06765e-05  -2.04712e-02
   4  Flat Bkg     5.17524e+00   1.81488e-01   1.17318e-03  -8.98515e-04
                               ERR DEF= 0.5
 FCN=95.1517 FROM MIGRAD    STATUS=CONVERGED     119 CALLS         120 TOTAL
                     EDM=1.4878e-06    STRATEGY= 1      ERROR MATRIX ACCURATE 
  EXT PARAMETER                                   STEP         FIRST   
  NO.   NAME      VALUE            ERROR          SIZE      DERIVATIVE 
   1  Amp.         8.62710e+00   1.39383e+00   7.60920e-03   7.12027e-04
   2  Mean         2.10341e+03   3.30966e-01   2.22971e-03   2.44252e-03
   3  Sigma        2.11574e+00   2.90681e-01   1.08581e-04   4.06633e-02
   4  Flat Bkg     2.90285e+00   1.35723e-01   8.85931e-04   3.98811e-03
                               ERR DEF= 0.5
Calculation of survival fraction for 2614.5
 FCN=229.033 FROM MIGRAD    STATUS=CONVERGED     212 CALLS         213 TOTAL
                     EDM=6.23414e-10    STRATEGY= 1      ERROR MATRIX ACCURATE 
  EXT PARAMETER                                   STEP         FIRST   
  NO.   NAME      VALUE            ERROR          SIZE      DERIVATIVE 
   1  Amp.         1.94423e+02   6.37952e+00   5.21989e-02  -1.48543e-06
   2  Mean         2.61425e+03   4.26920e-02   1.24657e-03  -2.07497e-04
   3  Sigma        1.58610e+00   3.51474e-02   2.25777e-05   8.24430e-04
   4  Flat Bkg     1.27243e+00   9.11662e-02   9.38205e-04   2.38669e-04
                               ERR DEF= 0.5
 FCN=136.527 FROM MIGRAD    STATUS=CONVERGED     109 CALLS         110 TOTAL
                     EDM=1.06469e-09    STRATEGY= 1      ERROR MATRIX ACCURATE 
  EXT PARAMETER                                   STEP         FIRST   
  NO.   NAME      VALUE            ERROR          SIZE      DERIVATIVE 
   1  Amp.         7.43754e+01   3.98889e+00   2.49950e-02   2.34995e-07
   2  Mean         2.61424e+03   6.97139e-02   1.24657e-03   3.99576e-04
   3  Sigma        1.58207e+00   5.86077e-02   2.86933e-05  -8.48159e-04
   4  Flat Bkg     5.28362e-01   5.89065e-02   4.66938e-04  -3.11877e-04
                               ERR DEF= 0.5
Calculation of survival fraction background at 2039
