
[1mRooFit v3.60 -- Developed by Wouter Verkerke and David Kirkby[0m 
                Copyright (C) 2000-2013 NIKHEF, University of California & Stanford University
                All rights reserved, please read http://roofit.sourceforge.net/license.txt

Analizing channel 14 using Standard Analysis ...
Calibration = 0.338174
 FCN=145.873 FROM MIGRAD    STATUS=CONVERGED     454 CALLS         455 TOTAL
                     EDM=2.76586e-08    STRATEGY= 1  ERROR MATRIX UNCERTAINTY   3.2 per cent
  EXT PARAMETER                                   STEP         FIRST   
  NO.   NAME      VALUE            ERROR          SIZE      DERIVATIVE 
   1  Amp. - DEP   2.26917e+01   2.04380e+00   2.01930e-03   6.79816e-06
   2  Mean - DEP   4.71024e+03   2.84214e-01   1.52732e-04  -1.83304e-04
   3  Sigma - DEP   3.38709e+00   2.68752e-01   1.14044e-06  -5.75489e-03
   4  Amp. - FEP   1.24715e+01   1.70988e+00   1.86092e-03  -8.78465e-05
   5  Mean - FEP   4.79484e+03   4.02980e-01   2.28943e-04   2.89435e-04
   6  Sigma - FEP   2.87350e+00   3.42909e-01  -3.24230e-05  -2.98484e-03
   7  Flat Bkg     3.81386e+00   1.32971e-01   3.76722e-05   4.39369e-04
                               ERR DEF= 0.5
mean_aoe = 0.04738
 FCN=8.38885 FROM MIGRAD    STATUS=CONVERGED     345 CALLS         346 TOTAL
                     EDM=1.18306e-08    STRATEGY= 1  ERROR MATRIX UNCERTAINTY   2.8 per cent
  EXT PARAMETER                                   STEP         FIRST   
  NO.   NAME      VALUE            ERROR          SIZE      DERIVATIVE 
   1  Amp. - A/E   7.37681e-01   2.40590e-01   1.22558e-04  -6.58750e-04
   2  Mean - A/E   1.00662e+00   2.78181e-03   2.43672e-06   2.89063e-02
   3  Sigma - A/E   9.66030e-03   2.21622e-03  -1.05616e-05  -3.39274e-03
   4  Flat Bkg     5.92041e-03   3.95802e-03  -5.58846e-06  -9.22021e-02
   5  Linear Bkg   3.47198e-03   2.31956e-03  -3.27461e-06   1.63745e-01
                               ERR DEF= 0.5
Integral = 15
AoE_cut = 0.956
CutIntegral = 13.5
SF_dep = 0.9
 FCN=146.63 FROM MIGRAD    STATUS=CONVERGED     194 CALLS         195 TOTAL
                     EDM=1.76347e-08    STRATEGY= 1      ERROR MATRIX ACCURATE 
  EXT PARAMETER                                   STEP         FIRST   
  NO.   NAME      VALUE            ERROR          SIZE      DERIVATIVE 
   1  Amp. - DEP   1.92376e+01   1.76434e+00   1.14373e-02   6.61478e-05
   2  Mean - DEP   4.71018e+03   3.07224e-01   2.53898e-03  -1.41186e-04
   3  Sigma - DEP   3.71661e+00   2.91573e-01   9.71220e-05   6.02300e-03
   4  Amp. - FEP   1.87278e+00   8.15919e-01   5.88067e-03  -2.87523e-05
   5  Mean - FEP   4.79423e+03   1.50803e+00   1.25821e-02   5.21547e-05
   6  Sigma - FEP   3.20796e+00   1.07127e+00   4.38833e-04   2.04117e-04
   7  Flat Bkg     2.27929e+00   9.99984e-02   7.92038e-04   1.54464e-04
                               ERR DEF= 0.5
Correction of AoE...
 FCN=105.724 FROM MIGRAD    STATUS=CONVERGED     862 CALLS         863 TOTAL
                     EDM=6.84584e-07    STRATEGY= 1  ERROR MATRIX UNCERTAINTY   1.5 per cent
  EXT PARAMETER                                   STEP         FIRST   
  NO.   NAME      VALUE            ERROR          SIZE      DERIVATIVE 
   1  Amp. - A/E   1.89809e+01   1.42998e+00   1.93631e-05  -1.34405e-04
   2  Mean - A/E   1.00752e+00   8.36756e-04  -1.63602e-05   3.53698e-04
   3  Sigma - A/E   1.22353e-02   6.93221e-04   2.25489e-05  -7.22775e-04
   4  p3           4.16482e+00   5.02502e-01   7.64748e-04  -3.09411e-03
   5  p4           1.04812e+01   1.95807e+00   6.73318e-03   1.56068e-03
   6  p5           9.49797e-01   1.67412e-02  -3.97783e-05   1.09966e-01
   7  p6          -1.17756e-08   1.74282e-01  -7.47346e-03** at limit **
   8  p7           2.57292e-02   3.36481e-03   3.84714e-05   1.00950e-03
                               ERR DEF= 0.5
 FCN=102.547 FROM MIGRAD    STATUS=CONVERGED     798 CALLS         799 TOTAL
                     EDM=9.11485e-09    STRATEGY= 1  ERROR MATRIX UNCERTAINTY   0.6 per cent
  EXT PARAMETER                                   STEP         FIRST   
  NO.   NAME      VALUE            ERROR          SIZE      DERIVATIVE 
   1  Amp. - A/E   1.68893e+01   1.52384e+00  -4.09856e-06   3.64411e-05
   2  Mean - A/E   1.00711e+00   9.32024e-04  -1.90650e-06  -1.87889e-05
   3  Sigma - A/E   1.03307e-02   7.48141e-04   2.65237e-06   5.06250e-05
   4  p3           4.15632e+00   5.05696e-01   1.45225e-05   1.09798e-04
   5  p4           6.53280e+00   1.01262e+00  -8.01817e-04  -4.86701e-05
   6  p5           9.97024e-01   1.11412e-02   1.37473e-06  -2.80903e-03
   7  p6          -8.92619e-10   5.08275e-02   5.12171e-04** at limit **
   8  p7           1.95025e-02   3.38913e-03   2.76672e-06  -1.86966e-05
                               ERR DEF= 0.5
 FCN=113.52 FROM MIGRAD    STATUS=CONVERGED    1123 CALLS        1124 TOTAL
                     EDM=8.56171e-09    STRATEGY= 1      ERROR MATRIX ACCURATE 
  EXT PARAMETER                                   STEP         FIRST   
  NO.   NAME      VALUE            ERROR          SIZE      DERIVATIVE 
   1  Amp. - A/E   1.76255e+01   1.96579e+00   2.07894e-03   1.87733e-05
   2  Mean - A/E   1.00857e+00   8.26809e-04   3.07923e-04  -4.93103e-05
   3  Sigma - A/E   8.07183e-03   7.34153e-04   4.47865e-04   4.10464e-04
   4  p3           4.82857e+00   6.45940e-01   2.32019e-03   2.54736e-04
   5  p4           8.21481e+00   9.62031e-01   3.66149e-03  -8.99635e-05
   6  p5           1.01150e+00   8.34594e-03   2.89836e-05  -6.04607e-03
   7  p6          -1.15646e-11   3.95999e-02   2.95702e-03** at limit **
   8  p7           1.01546e-02   2.51552e-03   5.03946e-04   5.79972e-05
                               ERR DEF= 0.5
 FCN=113.434 FROM MIGRAD    STATUS=CONVERGED     715 CALLS         716 TOTAL
                     EDM=8.25626e-08    STRATEGY= 1  ERROR MATRIX UNCERTAINTY   3.1 per cent
  EXT PARAMETER                                   STEP         FIRST   
  NO.   NAME      VALUE            ERROR          SIZE      DERIVATIVE 
   1  Amp. - A/E   1.66265e+01   2.00948e+00   2.94283e-04   6.03276e-04
   2  Mean - A/E   1.00714e+00   1.02732e-03   5.92351e-05  -2.07799e-03
   3  Sigma - A/E   9.17847e-03   7.78427e-04  -1.14959e-04   1.82982e-03
   4  p3           5.14822e+00   7.30690e-01  -6.04627e-05   1.40866e-04
   5  p4           8.54611e+00   9.28258e-01   4.53610e-04   1.69222e-04
   6  p5           1.00347e+00   1.09660e-02   2.39515e-06   1.02397e-02
   7  p6          -5.38815e-10   1.67953e-02  -4.44598e-04** at limit **
   8  p7           8.99686e-03   2.54032e-03  -8.76701e-05   4.35855e-04
                               ERR DEF= 0.5
 FCN=82.0925 FROM MIGRAD    STATUS=CONVERGED     866 CALLS         867 TOTAL
                     EDM=4.73945e-08    STRATEGY= 1  ERROR MATRIX UNCERTAINTY   3.1 per cent
  EXT PARAMETER                                   STEP         FIRST   
  NO.   NAME      VALUE            ERROR          SIZE      DERIVATIVE 
   1  Amp. - A/E   1.75164e+01   1.77785e+00   1.67316e-04   6.91405e-04
   2  Mean - A/E   1.00470e+00   9.10183e-04   2.22352e-05   1.34337e-03
   3  Sigma - A/E   8.81236e-03   1.02939e-03  -4.50052e-05   1.24840e-03
   4  p3           6.17284e+00   7.21337e-01  -3.10559e-04  -5.00633e-04
   5  p4           1.11861e+01   1.22015e+00  -1.76687e-04   3.17199e-04
   6  p5           9.92451e-01   1.13752e-02   5.17418e-08   4.23697e-02
   7  p6          -6.60481e-10   3.46572e-02   5.62692e-04** at limit **
   8  p7           1.39719e-02   2.51353e-03   1.38549e-05   8.34520e-04
                               ERR DEF= 0.5
 FCN=77.2063 FROM MIGRAD    STATUS=CONVERGED     747 CALLS         748 TOTAL
                     EDM=4.56834e-07    STRATEGY= 1      ERROR MATRIX ACCURATE 
  EXT PARAMETER                                   STEP         FIRST   
  NO.   NAME      VALUE            ERROR          SIZE      DERIVATIVE 
   1  Amp. - A/E   1.72546e+01   2.18423e+00   1.43884e-03   1.74457e-03
   2  Mean - A/E   1.00389e+00   9.08082e-04   2.55201e-04  -3.23431e-03
   3  Sigma - A/E   8.94970e-03   8.66140e-04   3.58660e-04   2.36814e-03
   4  p3           6.99539e+00   9.05841e-01   2.49149e-03   7.05066e-05
   5  p4           5.01100e+00   2.21068e+00   9.87028e-04  -1.39146e-03
   6  p5           1.00694e+00   1.34437e-02   2.19434e-05  -7.89353e-03
   7  p6          -1.98472e-01   1.49323e-01   1.68578e-04   7.30319e-03
   8  p7           1.11472e-02   3.81983e-03   3.93695e-04  -3.85217e-04
                               ERR DEF= 0.5
 FCN=112.207 FROM MIGRAD    STATUS=CONVERGED    1234 CALLS        1235 TOTAL
                     EDM=9.25544e-08    STRATEGY= 1      ERROR MATRIX ACCURATE 
  EXT PARAMETER                                   STEP         FIRST   
  NO.   NAME      VALUE            ERROR          SIZE      DERIVATIVE 
   1  Amp. - A/E   1.74000e+01   1.44004e+00   4.27935e-03** at limit **
   2  Mean - A/E   1.00421e+00   9.68787e-04   3.18661e-04  -3.76764e-03
   3  Sigma - A/E   1.00529e-02   8.27706e-04   4.07411e-04   8.32432e-04
   4  p3           4.38136e+00   6.10390e-01   2.14038e-03   3.94906e-04
   5  p4           7.63203e+00   1.01342e+00   3.66706e-03   7.65378e-05
   6  p5           1.00284e+00   9.33304e-03   3.59091e-05   4.22744e-03
   7  p6          -6.17045e-11   4.92160e-02   3.26983e-03** at limit **
   8  p7           1.30838e-02   2.62380e-03   4.96543e-04   6.80133e-04
                               ERR DEF= 0.5
 FCN=109.86 FROM MIGRAD    STATUS=CONVERGED     783 CALLS         784 TOTAL
                     EDM=2.08633e-07    STRATEGY= 1      ERROR MATRIX ACCURATE 
  EXT PARAMETER                                   STEP         FIRST   
  NO.   NAME      VALUE            ERROR          SIZE      DERIVATIVE 
   1  Amp. - A/E   1.74019e+01   1.74640e+00   1.62236e-03  -2.87066e-04
   2  Mean - A/E   1.00297e+00   9.92398e-04   2.95675e-04   5.24298e-04
   3  Sigma - A/E   9.24868e-03   8.66471e-04   4.15439e-04   2.25536e-03
   4  p3           4.48864e+00   6.35249e-01   2.13587e-03  -7.23211e-04
   5  p4           7.60102e+00   1.00089e+00   3.57207e-03   6.29339e-04
   6  p5           1.00301e+00   7.67965e-03   3.20149e-05   7.70524e-02
   7  p6          -3.31657e-10   4.62232e-02   3.15169e-03** at limit **
   8  p7           1.22809e-02   2.39435e-03   4.75794e-04   1.81641e-03
                               ERR DEF= 0.5
 FCN=99.3334 FROM MIGRAD    STATUS=CONVERGED     738 CALLS         739 TOTAL
                     EDM=6.30855e-07    STRATEGY= 1      ERROR MATRIX ACCURATE 
  EXT PARAMETER                                   STEP         FIRST   
  NO.   NAME      VALUE            ERROR          SIZE      DERIVATIVE 
   1  Amp. - A/E   2.06604e+01   1.81516e+00   1.37516e-03  -1.93037e-04
   2  Mean - A/E   1.00293e+00   7.69280e-04   2.46938e-04  -4.70307e-03
   3  Sigma - A/E   9.21462e-03   6.32398e-04   3.31240e-04  -2.93455e-03
   4  p3           5.62180e+00   2.15621e+00   2.39366e-03  -1.08683e-03
   5  p4           4.05148e+00   3.94158e+00   1.37257e-03   2.63468e-03
   6  p5           9.99491e-01   1.10156e-02   3.35369e-05  -2.02561e-02
   7  p6          -2.30201e-01   3.42399e-01   2.74939e-04  -1.30469e-02
   8  p7           1.55201e-02   2.99109e-03   4.66730e-04  -6.17375e-03
                               ERR DEF= 0.5
 FCN=97.6109 FROM MIGRAD    STATUS=CONVERGED    1012 CALLS        1013 TOTAL
                     EDM=2.36657e-09    STRATEGY= 1  ERROR MATRIX UNCERTAINTY   2.1 per cent
  EXT PARAMETER                                   STEP         FIRST   
  NO.   NAME      VALUE            ERROR          SIZE      DERIVATIVE 
   1  Amp. - A/E   2.75133e+01   2.31568e+00   5.36057e-05   5.42618e-05
   2  Mean - A/E   1.00073e+00   7.30171e-04   2.38001e-05  -3.74907e-04
   3  Sigma - A/E   8.01567e-03   6.22542e-04  -5.17004e-05   6.04999e-04
   4  p3           7.75067e+00   8.34573e-01  -2.10925e-04   3.87703e-05
   5  p4           9.75774e+00   8.80325e-01  -4.65229e-04   4.03474e-05
   6  p5           9.97856e-01   6.30443e-03  -1.11898e-06   1.82998e-03
   7  p6          -2.16281e-11   2.49480e-02   7.52487e-05** at limit **
   8  p7           1.15691e-02   1.85427e-03   3.81876e-06  -1.59658e-04
                               ERR DEF= 0.5
 FCN=89.1241 FROM MIGRAD    STATUS=CONVERGED    1334 CALLS        1335 TOTAL
                     EDM=6.78479e-08    STRATEGY= 1  ERROR MATRIX UNCERTAINTY   2.6 per cent
  EXT PARAMETER                                   STEP         FIRST   
  NO.   NAME      VALUE            ERROR          SIZE      DERIVATIVE 
   1  Amp. - A/E   2.81805e+01   2.87430e+00   7.43877e-05   1.09789e-03
   2  Mean - A/E   1.00063e+00   8.79882e-04  -1.24793e-05   2.26440e-03
   3  Sigma - A/E   7.64137e-03   7.08045e-04  -5.81058e-05   1.88545e-03
   4  p3           8.88354e+00   1.12095e+00   2.81833e-04  -3.30725e-04
   5  p4           9.13370e+00   7.86534e-01  -8.55899e-05   5.60476e-04
   6  p5           1.01223e+00   6.48527e-03   2.72227e-06   8.46362e-02
   7  p6          -3.81372e-11   2.00808e-02  -4.51593e-04** at limit **
   8  p7           5.66239e-03   2.08700e-03  -6.55153e-05  -2.97101e-04
                               ERR DEF= 0.5
 FCN=113.758 FROM MIGRAD    STATUS=CONVERGED     680 CALLS         681 TOTAL
                     EDM=3.83694e-07    STRATEGY= 1  ERROR MATRIX UNCERTAINTY   2.7 per cent
  EXT PARAMETER                                   STEP         FIRST   
  NO.   NAME      VALUE            ERROR          SIZE      DERIVATIVE 
   1  Amp. - A/E   3.10763e+01   2.54097e+00   2.76922e-04   1.47959e-03
   2  Mean - A/E   1.00078e+00   6.70278e-04  -2.95403e-05  -1.03175e-02
   3  Sigma - A/E   7.99904e-03   6.20280e-04  -6.28686e-05   5.74091e-03
   4  p3           9.69017e+00   9.52921e-01   3.71227e-03  -2.37885e-04
   5  p4           9.90535e+00   7.79509e-01   2.15945e-03   1.15674e-03
   6  p5           1.00008e+00   5.19619e-03   5.47453e-06   1.40005e-01
   7  p6          -9.23394e-10   7.42088e-03  -1.02420e-03** at limit **
   8  p7           1.13970e-02   1.53010e-03  -1.69831e-04   4.30119e-03
                               ERR DEF= 0.5

****************************************
Minimizer is Linear
Chi2                      =      10.3565
NDf                       =           10
p0                        =      1.01955   +/-   0.00144977  
p1                        = -8.03641e-06   +/-   7.34893e-07 
1.01955
-8.03641e-06
0.00144977
7.34893e-07
0.0445372
Calculation of survival fraction for 2104
 FCN=301.092 FROM MIGRAD    STATUS=CONVERGED     204 CALLS         205 TOTAL
                     EDM=1.15985e-06    STRATEGY= 1      ERROR MATRIX ACCURATE 
  EXT PARAMETER                                   STEP         FIRST   
  NO.   NAME      VALUE            ERROR          SIZE      DERIVATIVE 
   1  Amp.         1.16353e+01   1.06926e+00   9.34445e-03   8.94337e-04
   2  Mean         6.22101e+03   4.45603e-01   5.10939e-03   1.04583e-03
   3  Sigma        5.26203e+00   5.03904e-01   1.85829e-04   3.90719e-02
   4  Flat Bkg     2.49484e+00   7.42638e-02   8.48005e-04   1.11222e-02
                               ERR DEF= 0.5
 FCN=295.449 FROM MIGRAD    STATUS=CONVERGED      98 CALLS          99 TOTAL
                     EDM=4.34243e-07    STRATEGY= 1      ERROR MATRIX ACCURATE 
  EXT PARAMETER                                   STEP         FIRST   
  NO.   NAME      VALUE            ERROR          SIZE      DERIVATIVE 
   1  Amp.         3.56154e+00   6.64253e-01   6.39562e-03   7.52535e-04
   2  Mean         6.22201e+03   7.38649e-01   8.74120e-03  -2.28304e-04
   3  Sigma        3.98781e+00   6.52898e-01   3.17299e-04  -2.25840e-03
   4  Flat Bkg     1.35309e+00   5.26399e-02   6.10944e-04   6.17302e-03
                               ERR DEF= 0.5
Calculation of survival fraction for 2614.5
 FCN=441.158 FROM MIGRAD    STATUS=CONVERGED     157 CALLS         158 TOTAL
                     EDM=1.13793e-09    STRATEGY= 1  ERROR MATRIX UNCERTAINTY   2.1 per cent
  EXT PARAMETER                                   STEP         FIRST   
  NO.   NAME      VALUE            ERROR          SIZE      DERIVATIVE 
   1  Amp.         1.12009e+02   2.99075e+00  -1.78651e-03  -2.68072e-06
   2  Mean         7.73285e+03   9.08886e-02  -7.76882e-05   3.91991e-04
   3  Sigma        4.18288e+00   7.51360e-02   5.28334e-06  -7.60643e-03
   4  Flat Bkg     6.69886e-01   3.81514e-02  -2.05916e-05  -2.52370e-04
                               ERR DEF= 0.5
 FCN=212.654 FROM MIGRAD    STATUS=CONVERGED     164 CALLS         165 TOTAL
                     EDM=6.24031e-10    STRATEGY= 1  ERROR MATRIX UNCERTAINTY   1.5 per cent
  EXT PARAMETER                                   STEP         FIRST   
  NO.   NAME      VALUE            ERROR          SIZE      DERIVATIVE 
   1  Amp.         3.53278e+01   1.73355e+00  -8.04299e-04   9.52395e-06
   2  Mean         7.73309e+03   1.60542e-01   7.73969e-05  -6.99838e-05
   3  Sigma        3.90011e+00   1.34659e-01   5.79652e-07   4.77463e-03
   4  Flat Bkg     1.79723e-01   1.99750e-02   2.40127e-05   1.02349e-03
                               ERR DEF= 0.5
Calculation of survival fraction background at 2039
