
[1mRooFit v3.60 -- Developed by Wouter Verkerke and David Kirkby[0m 
                Copyright (C) 2000-2013 NIKHEF, University of California & Stanford University
                All rights reserved, please read http://roofit.sourceforge.net/license.txt

Analizing channel 22 using Standard Analysis ...
Calibration = 0.327993
 FCN=147.783 FROM MIGRAD    STATUS=CONVERGED     440 CALLS         441 TOTAL
                     EDM=4.29604e-07    STRATEGY= 1      ERROR MATRIX ACCURATE 
  EXT PARAMETER                                   STEP         FIRST   
  NO.   NAME      VALUE            ERROR          SIZE      DERIVATIVE 
   1  Amp. - DEP   1.99901e+01   1.79789e+00   1.16469e-02  -2.05078e-04
   2  Mean - DEP   4.85883e+03   3.56973e-01   2.99028e-03  -1.35732e-03
   3  Sigma - DEP   4.33242e+00   3.57069e-01   1.10719e-04  -2.34565e-02
   4  Amp. - FEP   1.20385e+01   1.43203e+00   9.67240e-03  -1.92615e-04
   5  Mean - FEP   4.94417e+03   5.07428e-01   4.25056e-03   1.05607e-04
   6  Sigma - FEP   4.37702e+00   4.59027e-01   1.48779e-04  -2.62916e-03
   7  Flat Bkg     4.22820e+00   1.40728e-01   1.10058e-03   7.38583e-04
                               ERR DEF= 0.5
mean_aoe = 0.04822
 FCN=10.6625 FROM MIGRAD    STATUS=CONVERGED     521 CALLS         522 TOTAL
                     EDM=7.43557e-07    STRATEGY= 1  ERROR MATRIX UNCERTAINTY   1.2 per cent
  EXT PARAMETER                                   STEP         FIRST   
  NO.   NAME      VALUE            ERROR          SIZE      DERIVATIVE 
   1  Amp. - A/E   8.80254e-01   3.10163e-01  -5.75902e-05  -1.11367e-05
   2  Mean - A/E   1.00100e+00   2.27159e-03  -3.21832e-06  -2.49356e-02
   3  Sigma - A/E   7.71135e-03   1.71798e-03  -1.09485e-04  -6.96227e-04
   4  Flat Bkg     5.54858e-03   7.31637e-02  -3.97900e-03  -1.50950e-01
   5  Linear Bkg   1.03061e-02   8.23272e-02   4.47529e-03  -1.26590e-01
                               ERR DEF= 0.5
Integral = 14.2632
AoE_cut = 0.986
CutIntegral = 12.7895
SF_dep = 0.896679
 FCN=151.077 FROM MIGRAD    STATUS=CONVERGED     334 CALLS         335 TOTAL
                     EDM=9.05887e-08    STRATEGY= 1      ERROR MATRIX ACCURATE 
  EXT PARAMETER                                   STEP         FIRST   
  NO.   NAME      VALUE            ERROR          SIZE      DERIVATIVE 
   1  Amp. - DEP   1.82362e+01   1.61630e+00   1.06016e-02  -2.98824e-05
   2  Mean - DEP   4.85874e+03   3.32687e-01   2.82220e-03  -7.63705e-04
   3  Sigma - DEP   4.25538e+00   3.18329e-01   1.01244e-04   2.45240e-04
   4  Amp. - FEP   3.24028e+00   1.89159e+00   1.39398e-02   1.99291e-05
   5  Mean - FEP   4.94615e+03   4.26519e-01   3.60897e-03  -9.18167e-05
   6  Sigma - FEP   7.05118e-01   2.87001e-01   2.52133e-04  -3.30078e-03
   7  Flat Bkg     1.85816e+00   8.81552e-02   7.24594e-04   7.44698e-04
                               ERR DEF= 0.5
Correction of AoE...
 FCN=107.907 FROM MIGRAD    STATUS=CONVERGED    1075 CALLS        1076 TOTAL
                     EDM=3.5739e-07    STRATEGY= 1      ERROR MATRIX ACCURATE 
  EXT PARAMETER                                   STEP         FIRST   
  NO.   NAME      VALUE            ERROR          SIZE      DERIVATIVE 
   1  Amp. - A/E   2.11522e+01   1.92380e+00   1.65043e-03   8.56154e-05
   2  Mean - A/E   1.00242e+00   8.35314e-04   2.81191e-04  -6.43534e-03
   3  Sigma - A/E   9.86807e-03   8.85932e-04   3.86262e-04   3.14199e-04
   4  p3           5.16210e+00   7.30562e-01   2.09474e-03  -1.41632e-03
   5  p4           5.77662e+00   2.57141e+00   2.64993e-03   1.10653e-03
   6  p5           1.01275e+00   1.15848e-02   2.95863e-05   4.32547e-02
   7  p6          -6.63309e-03   8.71155e-01   1.80879e-03  -1.68173e-03
   8  p7           1.37295e-02   3.83600e-03   4.47036e-04   5.23049e-04
                               ERR DEF= 0.5
 FCN=99.1065 FROM MIGRAD    STATUS=CONVERGED     257 CALLS         258 TOTAL
                     EDM=1.76858e-07    STRATEGY= 1  ERROR MATRIX UNCERTAINTY   2.5 per cent
  EXT PARAMETER                                   STEP         FIRST   
  NO.   NAME      VALUE            ERROR          SIZE      DERIVATIVE 
   1  Amp. - A/E   1.89841e+01   1.70040e+00   5.59935e-04  -2.38217e-04
   2  Mean - A/E   1.00058e+00   8.51682e-04  -7.87782e-05  -2.74387e-03
   3  Sigma - A/E   9.93329e-03   8.23217e-04  -4.79051e-06  -3.77083e-03
   4  p3           1.26006e+01   6.93692e-01   9.22326e-04  -9.12449e-04
   5  p4           9.22560e-01   1.17501e-01   1.65854e-04   3.42182e-03
   6  p5           1.00079e+00   1.23847e-02  -4.97200e-06  -2.56883e-02
   7  p6          -7.11892e-01   1.64612e-02   1.48616e-05   5.73788e-03
   8  p7           1.86369e-02   4.45148e-03   3.19824e-05  -7.35972e-04
                               ERR DEF= 0.5
 FCN=104.724 FROM MIGRAD    STATUS=CONVERGED     832 CALLS         833 TOTAL
                     EDM=5.85453e-07    STRATEGY= 1  ERROR MATRIX UNCERTAINTY   5.0 per cent
  EXT PARAMETER                                   STEP         FIRST   
  NO.   NAME      VALUE            ERROR          SIZE      DERIVATIVE 
   1  Amp. - A/E   1.86922e+01   1.99521e+00   1.17891e-03   4.45361e-04
   2  Mean - A/E   1.00030e+00   8.83927e-04  -4.34246e-05   3.38297e-03
   3  Sigma - A/E   8.78555e-03   7.63102e-04  -8.17943e-05  -1.44425e-03
   4  p3           4.43165e+00   6.26841e-01  -1.30751e-03  -2.57446e-03
   5  p4           5.78320e+00   8.85597e-01  -1.24242e-03   1.81718e-03
   6  p5           1.01200e+00   8.58794e-03  -1.17560e-05   7.90539e-02
   7  p6          -2.20661e-11   1.09305e-01   3.79908e-03** at limit **
   8  p7           8.86911e-03   3.05881e-03   1.52092e-04  -3.86956e-03
                               ERR DEF= 0.5
 FCN=105.514 FROM MIGRAD    STATUS=CONVERGED     729 CALLS         730 TOTAL
                     EDM=2.51086e-09    STRATEGY= 1  ERROR MATRIX UNCERTAINTY   0.4 per cent
  EXT PARAMETER                                   STEP         FIRST   
  NO.   NAME      VALUE            ERROR          SIZE      DERIVATIVE 
   1  Amp. - A/E   2.70066e+01   2.21849e+00  -2.98767e-06   2.09928e-06
   2  Mean - A/E   9.99471e-01   6.58922e-04  -9.22622e-07  -1.62801e-05
   3  Sigma - A/E   8.26257e-03   5.35359e-04   1.46141e-06   6.69067e-06
   4  p3           6.15617e+00   6.44393e-01  -3.16899e-05   3.18769e-05
   5  p4           7.96203e+00   8.71210e-01  -5.98138e-04  -2.05057e-05
   6  p5           9.93681e-01   7.81348e-03   7.20195e-07  -1.74027e-03
   7  p6          -1.42348e-10   2.85707e-02   2.76579e-04** at limit **
   8  p7           1.21710e-02   2.11637e-03  -1.02434e-06  -1.21774e-05
                               ERR DEF= 0.5
 FCN=91.5832 FROM MIGRAD    STATUS=CONVERGED     658 CALLS         659 TOTAL
                     EDM=1.78906e-07    STRATEGY= 1  ERROR MATRIX UNCERTAINTY   2.9 per cent
  EXT PARAMETER                                   STEP         FIRST   
  NO.   NAME      VALUE            ERROR          SIZE      DERIVATIVE 
   1  Amp. - A/E   1.84673e+01   1.94460e+00  -3.07745e-04   7.09801e-04
   2  Mean - A/E   9.98730e-01   8.35631e-04   9.49229e-06  -2.73660e-04
   3  Sigma - A/E   7.58766e-03   7.50914e-04   7.63815e-05   5.77852e-03
   4  p3           6.91471e+00   7.19164e-01  -2.72140e-04   6.20160e-04
   5  p4           6.19592e+00   2.65498e+00   1.81277e-03  -2.02203e-04
   6  p5           9.98222e-01   8.19726e-03  -7.83120e-06   7.07588e-02
   7  p6          -1.14290e-01   1.37237e-01   2.56294e-04   3.10322e-03
   8  p7           1.36788e-02   2.39886e-03  -1.91502e-05  -2.28982e-03
                               ERR DEF= 0.5
 FCN=96.5552 FROM MIGRAD    STATUS=CONVERGED     801 CALLS         802 TOTAL
                     EDM=4.72347e-07    STRATEGY= 1      ERROR MATRIX ACCURATE 
  EXT PARAMETER                                   STEP         FIRST   
  NO.   NAME      VALUE            ERROR          SIZE      DERIVATIVE 
   1  Amp. - A/E   2.19011e+01   1.90775e+00   1.32985e-03  -2.48616e-04
   2  Mean - A/E   9.96887e-01   1.22195e-03   2.32486e-04   5.27870e-04
   3  Sigma - A/E   8.79708e-03   1.17836e-03   3.44498e-04   1.42851e-03
   4  p3           6.95030e+00   6.55831e-01   2.60949e-03  -8.24300e-04
   5  p4           8.96750e+00   3.95700e+00   3.08711e-03   1.32946e-03
   6  p5           9.75427e-01   2.10085e-02   2.89924e-05   8.29785e-02
   7  p6          -1.51939e-02   1.27526e-01   8.02443e-04  -5.14154e-03
   8  p7           1.50444e-02   3.71361e-03   3.80995e-04   1.49613e-03
                               ERR DEF= 0.5
 FCN=88.314 FROM MIGRAD    STATUS=CONVERGED     712 CALLS         713 TOTAL
                     EDM=3.88269e-07    STRATEGY= 1  ERROR MATRIX UNCERTAINTY   4.0 per cent
  EXT PARAMETER                                   STEP         FIRST   
  NO.   NAME      VALUE            ERROR          SIZE      DERIVATIVE 
   1  Amp. - A/E   2.51178e+01   2.23333e+00   4.17721e-05   2.01003e-03
   2  Mean - A/E   9.95626e-01   6.63249e-04   1.45738e-05  -1.95574e-03
   3  Sigma - A/E   7.99492e-03   5.83393e-04  -9.99289e-05   4.22071e-03
   4  p3           6.72411e+00   6.81284e-01   6.75906e-04  -1.15067e-03
   5  p4           7.79975e+00   8.40517e-01   7.95133e-04   1.61292e-03
   6  p5           9.95337e-01   8.07006e-03   3.98622e-06   1.19864e-01
   7  p6          -9.66849e-12   5.26490e-02   1.47410e-03** at limit **
   8  p7           1.33057e-02   2.37484e-03  -5.60520e-05   1.94844e-03
                               ERR DEF= 0.5
 FCN=107.352 FROM MIGRAD    STATUS=CONVERGED     796 CALLS         797 TOTAL
                     EDM=4.89186e-09    STRATEGY= 1  ERROR MATRIX UNCERTAINTY   3.3 per cent
  EXT PARAMETER                                   STEP         FIRST   
  NO.   NAME      VALUE            ERROR          SIZE      DERIVATIVE 
   1  Amp. - A/E   2.64160e+01   2.38891e+00  -3.16804e-05  -2.51922e-04
   2  Mean - A/E   9.96473e-01   6.56464e-04  -1.04484e-05   3.32668e-04
   3  Sigma - A/E   7.87530e-03   5.64809e-04  -3.07655e-05  -4.25577e-04
   4  p3           6.01200e+00   6.35164e-01  -3.43082e-04  -1.06659e-04
   5  p4           7.32150e+00   8.38996e-01  -4.38639e-04   1.08338e-04
   6  p5           9.94327e-01   7.37419e-03   1.51616e-06  -3.59066e-03
   7  p6          -2.05591e-12   6.89905e-02   6.97017e-04** at limit **
   8  p7           1.21686e-02   2.15141e-03  -6.70677e-06  -8.51256e-04
                               ERR DEF= 0.5
 FCN=93.1953 FROM MIGRAD    STATUS=CONVERGED     765 CALLS         766 TOTAL
                     EDM=2.01613e-07    STRATEGY= 1      ERROR MATRIX ACCURATE 
  EXT PARAMETER                                   STEP         FIRST   
  NO.   NAME      VALUE            ERROR          SIZE      DERIVATIVE 
   1  Amp. - A/E   3.04640e+01   2.65495e+00   1.29749e-03  -8.73229e-05
   2  Mean - A/E   9.96354e-01   6.52569e-04   1.79843e-04   1.35660e-03
   3  Sigma - A/E   6.82708e-03   6.12209e-04   3.73011e-04   2.49839e-03
   4  p3           7.88447e+00   7.71454e-01   2.60247e-03   7.81696e-04
   5  p4           7.96330e+00   7.60186e-01   2.61333e-03  -9.67514e-04
   6  p5           9.94854e-01   5.28485e-03   2.03590e-05  -1.68002e-02
   7  p6          -1.87489e-11   3.22758e-02   2.41000e-03** at limit **
   8  p7           1.19957e-02   1.74823e-03   3.26371e-04  -7.59132e-04
                               ERR DEF= 0.5
 FCN=100.359 FROM MIGRAD    STATUS=CONVERGED     829 CALLS         830 TOTAL
                     EDM=9.18309e-07    STRATEGY= 1  ERROR MATRIX UNCERTAINTY   3.6 per cent
  EXT PARAMETER                                   STEP         FIRST   
  NO.   NAME      VALUE            ERROR          SIZE      DERIVATIVE 
   1  Amp. - A/E   2.65567e+01   2.47768e+00  -2.08718e-04   2.79316e-04
   2  Mean - A/E   9.95006e-01   7.69862e-04  -4.22252e-05  -6.23070e-04
   3  Sigma - A/E   7.58132e-03   7.58743e-04   8.68870e-05   7.50130e-03
   4  p3           9.45040e+00   9.53120e-01  -1.53993e-03  -1.37612e-03
   5  p4           9.34507e+00   7.92564e-01  -1.81351e-03   2.14009e-03
   6  p5           9.95442e-01   6.17001e-03   6.77299e-06   3.74824e-01
   7  p6          -1.88567e-09   1.34611e-02  -9.21379e-04** at limit **
   8  p7           1.10842e-02   1.89421e-03   2.13499e-06   1.55997e-02
                               ERR DEF= 0.5
 FCN=106.44 FROM MIGRAD    STATUS=CONVERGED     729 CALLS         730 TOTAL
                     EDM=7.59047e-07    STRATEGY= 1  ERROR MATRIX UNCERTAINTY   3.9 per cent
  EXT PARAMETER                                   STEP         FIRST   
  NO.   NAME      VALUE            ERROR          SIZE      DERIVATIVE 
   1  Amp. - A/E   3.63614e+01   2.48716e+00  -5.78750e-04  -2.30017e-03
   2  Mean - A/E   9.93159e-01   6.46188e-04   4.87216e-05   5.34829e-03
   3  Sigma - A/E   8.92919e-03   5.34976e-04   1.06871e-04   2.81668e-03
   4  p3           8.98528e+00   8.30521e-01   1.18124e-04  -9.53691e-04
   5  p4           8.73609e+00   7.85812e-01  -1.39628e-03   2.03532e-03
   6  p5           9.85200e-01   6.89684e-03   5.94416e-06   3.95955e-02
   7  p6          -8.12461e-11   2.00473e-02  -1.46792e-03** at limit **
   8  p7           1.17153e-02   1.81075e-03  -1.06150e-04  -2.82883e-03
                               ERR DEF= 0.5
 FCN=106.674 FROM MIGRAD    STATUS=CONVERGED    1135 CALLS        1136 TOTAL
                     EDM=2.29895e-08    STRATEGY= 1  ERROR MATRIX UNCERTAINTY   3.2 per cent
  EXT PARAMETER                                   STEP         FIRST   
  NO.   NAME      VALUE            ERROR          SIZE      DERIVATIVE 
   1  Amp. - A/E   4.19258e+01   2.97627e+00  -1.13386e-04  -1.50514e-04
   2  Mean - A/E   9.94231e-01   5.59341e-04  -6.03000e-06   1.66125e-03
   3  Sigma - A/E   7.26140e-03   4.85244e-04   1.51378e-05   1.02872e-03
   4  p3           1.28099e+01   1.04411e+00   4.02605e-04  -2.53632e-04
   5  p4           1.03461e+01   6.90613e-01   2.79465e-04   4.15994e-04
   6  p5           9.89804e-01   4.54493e-03  -2.95918e-07   4.52852e-02
   7  p6          -7.15089e-11   2.03890e-02  -3.11754e-04** at limit **
   8  p7           1.15703e-02   1.35020e-03   1.52458e-05   2.17962e-03
                               ERR DEF= 0.5

****************************************
Minimizer is Linear
Chi2                      =      13.4564
NDf                       =           10
p0                        =        1.013   +/-   0.00132811  
p1                        = -8.16625e-06   +/-   6.65164e-07 
1.013
-8.16625e-06
0.00132811
6.65164e-07
0.0453268
Calculation of survival fraction for 2104
 FCN=291.771 FROM MIGRAD    STATUS=CONVERGED     197 CALLS         198 TOTAL
                     EDM=4.31442e-07    STRATEGY= 1      ERROR MATRIX ACCURATE 
  EXT PARAMETER                                   STEP         FIRST   
  NO.   NAME      VALUE            ERROR          SIZE      DERIVATIVE 
   1  Amp.         1.40700e+01   1.17537e+00   1.05519e-02  -1.23487e-04
   2  Mean         6.41702e+03   3.69763e-01   4.35547e-03   4.29858e-05
   3  Sigma        4.85395e+00   3.84523e-01   1.57146e-04   2.20965e-02
   4  Flat Bkg     3.07865e+00   7.96718e-02   9.10608e-04  -4.41293e-03
                               ERR DEF= 0.5
 FCN=316.537 FROM MIGRAD    STATUS=FAILED        219 CALLS         220 TOTAL
                     EDM=16.9952    STRATEGY= 1      ERR MATRIX NOT POS-DEF
  EXT PARAMETER                APPROXIMATE        STEP         FIRST   
  NO.   NAME      VALUE            ERROR          SIZE      DERIVATIVE 
   1  Amp.         3.60544e+04   9.02811e-01   0.00000e+00  -1.57635e-07
   2  Mean         6.41729e+03   6.82857e+06   0.00000e+00  -4.63039e-01
   3  Sigma        4.40558e-02   5.00147e+01  -0.00000e+00   8.51024e+00
   4  Flat Bkg     1.22446e+00   6.82857e+06  -0.00000e+00   1.42578e-02
                               ERR DEF= 0.5
Calculation of survival fraction for 2614.5
 FCN=634.423 FROM MIGRAD    STATUS=CONVERGED     186 CALLS         187 TOTAL
                     EDM=9.33983e-08    STRATEGY= 1  ERROR MATRIX UNCERTAINTY   2.5 per cent
  EXT PARAMETER                                   STEP         FIRST   
  NO.   NAME      VALUE            ERROR          SIZE      DERIVATIVE 
   1  Amp.         1.19276e+02   3.04603e+00  -4.63921e-03   1.38087e-05
   2  Mean         7.97443e+03   9.27862e-02  -5.27872e-04   3.27274e-03
   3  Sigma        4.51056e+00   8.14227e-02   3.38114e-05  -5.05285e-02
   4  Flat Bkg     1.11087e+00   4.85735e-02  -3.61117e-04  -2.20265e-04
                               ERR DEF= 0.5
 FCN=174.141 FROM MIGRAD    STATUS=CONVERGED     199 CALLS         200 TOTAL
                     EDM=1.61824e-08    STRATEGY= 1  ERROR MATRIX UNCERTAINTY   3.3 per cent
  EXT PARAMETER                                   STEP         FIRST   
  NO.   NAME      VALUE            ERROR          SIZE      DERIVATIVE 
   1  Amp.         1.31580e+01   9.88519e-01  -3.04449e-03   1.46907e-04
   2  Mean         7.97481e+03   2.82831e-01   1.53947e-04   1.60134e-04
   3  Sigma        4.55763e+00   2.39324e-01   2.85231e-05   5.07845e-03
   4  Flat Bkg     1.31010e-01   1.69933e-02   3.60225e-06  -6.78027e-03
                               ERR DEF= 0.5
Calculation of survival fraction background at 2039
