
[1mRooFit v3.60 -- Developed by Wouter Verkerke and David Kirkby[0m 
                Copyright (C) 2000-2013 NIKHEF, University of California & Stanford University
                All rights reserved, please read http://roofit.sourceforge.net/license.txt

Analizing channel 23 using Standard Analysis ...
Calibration = 0.34658
 FCN=144.918 FROM MIGRAD    STATUS=CONVERGED     217 CALLS         218 TOTAL
                     EDM=5.28843e-07    STRATEGY= 1      ERROR MATRIX ACCURATE 
  EXT PARAMETER                                   STEP         FIRST   
  NO.   NAME      VALUE            ERROR          SIZE      DERIVATIVE 
   1  Amp. - DEP   2.69347e+01   1.95558e+00   1.25693e-02   1.60569e-04
   2  Mean - DEP   4.59214e+03   3.45808e-01   2.83807e-03   9.42631e-04
   3  Sigma - DEP   5.01698e+00   3.50380e-01   9.91115e-05   2.48191e-02
   4  Amp. - FEP   1.53744e+01   1.64464e+00   1.10813e-02  -2.77188e-04
   5  Mean - FEP   4.67510e+03   4.89345e-01   4.03241e-03  -9.04307e-04
   6  Sigma - FEP   4.50247e+00   4.46736e-01   1.41133e-04  -1.21604e-02
   7  Flat Bkg     7.60668e+00   1.93703e-01   1.46491e-03  -7.02725e-04
                               ERR DEF= 0.5
mean_aoe = 0.04902
 FCN=8.39004 FROM MIGRAD    STATUS=CONVERGED     388 CALLS         389 TOTAL
                     EDM=1.23776e-07    STRATEGY= 1  ERROR MATRIX UNCERTAINTY   6.2 per cent
  EXT PARAMETER                                   STEP         FIRST   
  NO.   NAME      VALUE            ERROR          SIZE      DERIVATIVE 
   1  Amp. - A/E   8.13569e-01   2.71477e-01  -1.34779e-03  -7.40533e-06
   2  Mean - A/E   1.00212e+00   2.37410e-03  -2.55845e-06  -1.70363e-01
   3  Sigma - A/E   9.32387e-03   2.00971e-03   7.52578e-05   6.34737e-03
   4  Flat Bkg     8.63169e-03   4.96106e-03  -2.34935e-05  -1.85104e-01
   5  Linear Bkg   3.54273e-03   2.03486e-03  -9.63904e-06   5.40381e-01
                               ERR DEF= 0.5
Integral = 16.5161
AoE_cut = 0.918
CutIntegral = 14.8387
SF_dep = 0.898437
 FCN=145.375 FROM MIGRAD    STATUS=CONVERGED     223 CALLS         224 TOTAL
                     EDM=7.84401e-08    STRATEGY= 1      ERROR MATRIX ACCURATE 
  EXT PARAMETER                                   STEP         FIRST   
  NO.   NAME      VALUE            ERROR          SIZE      DERIVATIVE 
   1  Amp. - DEP   2.48132e+01   1.80940e+00   1.16063e-02   9.08792e-05
   2  Mean - DEP   4.59205e+03   3.42186e-01   2.76910e-03  -5.09023e-04
   3  Sigma - DEP   4.98859e+00   3.40847e-01   9.53020e-05   5.53572e-03
   4  Amp. - FEP   5.20857e+00   1.11360e+00   7.55210e-03   9.10411e-05
   5  Mean - FEP   4.67569e+03   1.05297e+00   8.46961e-03   1.37686e-04
   6  Sigma - FEP   4.51911e+00   9.53588e-01   2.98125e-04   3.58351e-03
   7  Flat Bkg     4.98596e+00   1.57171e-01   1.18321e-03   7.31189e-04
                               ERR DEF= 0.5
Correction of AoE...
 FCN=109.342 FROM MIGRAD    STATUS=CONVERGED    1112 CALLS        1113 TOTAL
                     EDM=7.28084e-07    STRATEGY= 1      ERROR MATRIX ACCURATE 
  EXT PARAMETER                                   STEP         FIRST   
  NO.   NAME      VALUE            ERROR          SIZE      DERIVATIVE 
   1  Amp. - A/E   3.36857e+01   2.01470e+00   9.97006e-04  -1.23373e-03
   2  Mean - A/E   1.00177e+00   6.53496e-04   2.26058e-04  -2.65411e-03
   3  Sigma - A/E   1.19116e-02   6.13930e-04   2.64107e-04   5.34460e-04
   4  p3           6.46678e+00   6.44038e-01   2.45847e-03  -6.27840e-04
   5  p4           7.00812e+00   1.07565e+00   2.90263e-03   1.43196e-03
   6  p5           9.86117e-01   1.56036e-02   3.92437e-05   1.04315e-01
   7  p6          -3.59242e-08   8.03448e-01   1.21306e-02** at limit **
   8  p7           2.44603e-02   3.91244e-03   4.00368e-04   4.82615e-03
                               ERR DEF= 0.5
 FCN=96.9219 FROM MIGRAD    STATUS=CONVERGED     946 CALLS         947 TOTAL
                     EDM=1.30336e-06    STRATEGY= 1      ERROR MATRIX ACCURATE 
  EXT PARAMETER                                   STEP         FIRST   
  NO.   NAME      VALUE            ERROR          SIZE      DERIVATIVE 
   1  Amp. - A/E   3.09281e+01   1.96961e+00   1.00207e-03   1.33113e-03
   2  Mean - A/E   1.00005e+00   6.75262e-04   2.14641e-04   1.87518e-03
   3  Sigma - A/E   1.12754e-02   6.35494e-04   2.63022e-04   1.25519e-03
   4  p3           6.58416e+00   6.61512e-01   2.21553e-03  -2.06396e-03
   5  p4           6.29317e+00   1.11420e+00   2.62285e-03   2.39219e-03
   6  p5           9.73105e-01   1.51651e-02   3.81484e-05   8.90912e-02
   7  p6          -9.94276e-09   1.88705e-01   6.18654e-03** at limit **
   8  p7           2.56730e-02   3.46092e-03   3.79029e-04   6.35751e-03
                               ERR DEF= 0.5
 FCN=93.3241 FROM MIGRAD    STATUS=CONVERGED    1111 CALLS        1112 TOTAL
                     EDM=9.94473e-07    STRATEGY= 1      ERROR MATRIX ACCURATE 
  EXT PARAMETER                                   STEP         FIRST   
  NO.   NAME      VALUE            ERROR          SIZE      DERIVATIVE 
   1  Amp. - A/E   2.96597e+01   2.04735e+00   1.06623e-03  -1.44368e-03
   2  Mean - A/E   9.99795e-01   6.65890e-04   2.13141e-04   1.23635e-02
   3  Sigma - A/E   1.05405e-02   6.30656e-04   2.70857e-04  -5.44228e-03
   4  p3           6.27819e+00   6.37266e-01   2.14054e-03  -1.42412e-03
   5  p4           6.22328e+00   1.06577e+00   2.48739e-03   1.36788e-03
   6  p5           9.92163e-01   1.71379e-02   3.48251e-05   6.06931e-02
   7  p6          -3.50603e-07   8.74329e-01   1.40577e-02  -2.58494e-04
   8  p7           2.45959e-02   4.88722e-03   3.73814e-04   4.38537e-03
                               ERR DEF= 0.5
 FCN=122.988 FROM MIGRAD    STATUS=CONVERGED     780 CALLS         781 TOTAL
                     EDM=4.26254e-07    STRATEGY= 1  ERROR MATRIX UNCERTAINTY   4.0 per cent
  EXT PARAMETER                                   STEP         FIRST   
  NO.   NAME      VALUE            ERROR          SIZE      DERIVATIVE 
   1  Amp. - A/E   3.09813e+01   2.22267e+00  -3.57817e-04  -8.32382e-04
   2  Mean - A/E   9.97253e-01   6.84540e-04   1.22829e-05   5.31383e-03
   3  Sigma - A/E   1.01173e-02   6.73029e-04   6.74168e-05  -1.10157e-03
   4  p3           9.82972e+00   8.37325e-01   1.26693e-03  -8.29766e-04
   5  p4           9.09024e+00   8.94719e-01  -8.43188e-04   4.34234e-04
   6  p5           9.85772e-01   9.91898e-03   1.04342e-05   1.14340e-01
   7  p6          -2.84473e-09   1.80559e-02  -2.59630e-04** at limit **
   8  p7           1.85554e-02   2.38183e-03   2.57232e-05   1.06099e-02
                               ERR DEF= 0.5
 FCN=106.285 FROM MIGRAD    STATUS=CONVERGED     846 CALLS         847 TOTAL
                     EDM=5.16246e-07    STRATEGY= 1      ERROR MATRIX ACCURATE 
  EXT PARAMETER                                   STEP         FIRST   
  NO.   NAME      VALUE            ERROR          SIZE      DERIVATIVE 
   1  Amp. - A/E   3.18092e+01   2.51801e+00   1.22543e-03  -6.80685e-04
   2  Mean - A/E   9.97007e-01   7.35479e-04   2.31384e-04  -5.41013e-03
   3  Sigma - A/E   9.46739e-03   8.33742e-04   3.32313e-04  -2.23645e-03
   4  p3           1.24125e+01   1.09486e+00   3.71058e-03   2.88587e-04
   5  p4           9.13967e+00   7.52554e-01   2.48511e-03  -4.99793e-04
   6  p5           9.93839e-01   9.52443e-03   2.05746e-05  -7.14342e-02
   7  p6          -3.91394e-08   8.52912e-02   4.09442e-03** at limit **
   8  p7           1.54082e-02   2.55954e-03   2.57532e-04  -3.48689e-03
                               ERR DEF= 0.5
 FCN=107.368 FROM MIGRAD    STATUS=CONVERGED     882 CALLS         883 TOTAL
                     EDM=4.05841e-07    STRATEGY= 1      ERROR MATRIX ACCURATE 
  EXT PARAMETER                                   STEP         FIRST   
  NO.   NAME      VALUE            ERROR          SIZE      DERIVATIVE 
   1  Amp. - A/E   2.64633e+01   1.83902e+00   1.10540e-03   2.87998e-03
   2  Mean - A/E   9.96042e-01   8.81216e-04   2.72451e-04   1.91857e-03
   3  Sigma - A/E   1.23451e-02   7.82321e-04   3.07796e-04   8.48020e-03
   4  p3           1.25727e+01   7.98941e-01   3.89044e-03   4.64257e-04
   5  p4           8.13051e+00   2.40172e+00   1.85093e-03   3.49803e-04
   6  p5           9.70375e-01   1.13034e-02   2.45754e-05   9.95667e-02
   7  p6          -7.32204e-02   7.25901e-02   2.59933e-04  -5.18722e-04
   8  p7           1.84475e-02   2.06182e-03   3.09119e-04   1.82967e-03
                               ERR DEF= 0.5
 FCN=114.623 FROM MIGRAD    STATUS=CONVERGED     994 CALLS         995 TOTAL
                     EDM=2.71458e-07    STRATEGY= 1      ERROR MATRIX ACCURATE 
  EXT PARAMETER                                   STEP         FIRST   
  NO.   NAME      VALUE            ERROR          SIZE      DERIVATIVE 
   1  Amp. - A/E   3.25350e+01   2.39947e+00   1.31085e-03   1.44670e-03
   2  Mean - A/E   9.96033e-01   6.74261e-04   2.29753e-04  -3.12811e-03
   3  Sigma - A/E   9.37596e-03   6.03073e-04   3.13107e-04  -5.14402e-03
   4  p3           1.10596e+01   8.55302e-01   3.49701e-03  -8.11846e-04
   5  p4           7.59519e+00   2.37999e+00   2.20468e-03   1.27793e-03
   6  p5           9.92730e-01   8.97857e-03   2.35846e-05   3.32948e-02
   7  p6          -2.79806e-02   8.29924e-02   5.40965e-04  -5.41413e-03
   8  p7           1.78426e-02   2.39252e-03   2.86951e-04   2.78389e-03
                               ERR DEF= 0.5
 FCN=105.906 FROM MIGRAD    STATUS=CONVERGED     831 CALLS         832 TOTAL
                     EDM=5.16864e-08    STRATEGY= 1  ERROR MATRIX UNCERTAINTY   2.6 per cent
  EXT PARAMETER                                   STEP         FIRST   
  NO.   NAME      VALUE            ERROR          SIZE      DERIVATIVE 
   1  Amp. - A/E   2.95664e+01   2.36029e+00  -1.34442e-04   5.54147e-04
   2  Mean - A/E   9.95992e-01   7.47686e-04   1.01706e-05  -1.22337e-03
   3  Sigma - A/E   9.66245e-03   7.35902e-04  -1.00188e-05  -2.77574e-03
   4  p3           1.00325e+01   9.54735e-01  -5.79196e-05  -2.04043e-04
   5  p4           7.47855e+00   6.83889e-01   2.18338e-04   4.25980e-04
   6  p5           9.96963e-01   7.19188e-03  -6.02877e-07  -4.04561e-02
   7  p6          -3.35548e-11   2.89709e-02   5.01771e-04** at limit **
   8  p7           1.29008e-02   1.99529e-03   7.29947e-06  -2.04844e-03
                               ERR DEF= 0.5
 FCN=117.132 FROM MIGRAD    STATUS=CONVERGED     755 CALLS         756 TOTAL
                     EDM=1.02412e-07    STRATEGY= 1  ERROR MATRIX UNCERTAINTY   5.1 per cent
  EXT PARAMETER                                   STEP         FIRST   
  NO.   NAME      VALUE            ERROR          SIZE      DERIVATIVE 
   1  Amp. - A/E   4.01888e+01   2.86457e+00  -2.56554e-05   1.73716e-03
   2  Mean - A/E   9.94508e-01   6.43485e-04   2.14211e-05   3.87153e-03
   3  Sigma - A/E   8.34587e-03   6.56805e-04  -2.15826e-05   4.00699e-03
   4  p3           1.24996e+01   1.01482e+00   1.65329e-03  -1.64751e-04
   5  p4           7.68413e+00   6.07023e-01   1.62006e-03   7.60700e-04
   6  p5           9.93948e-01   4.91368e-03  -4.12046e-06   9.73462e-02
   7  p6          -6.00872e-10   1.93391e-02   9.11938e-04** at limit **
   8  p7           1.43213e-02   1.55950e-03   1.94911e-05   2.88705e-03
                               ERR DEF= 0.5
 FCN=123.989 FROM MIGRAD    STATUS=CONVERGED     753 CALLS         754 TOTAL
                     EDM=8.80494e-08    STRATEGY= 1  ERROR MATRIX UNCERTAINTY   3.7 per cent
  EXT PARAMETER                                   STEP         FIRST   
  NO.   NAME      VALUE            ERROR          SIZE      DERIVATIVE 
   1  Amp. - A/E   5.05526e+01   3.01901e+00  -1.58903e-04  -5.44460e-04
   2  Mean - A/E   9.93585e-01   5.12165e-04  -4.76102e-06   5.97199e-03
   3  Sigma - A/E   8.88491e-03   4.52364e-04   4.51698e-05   6.16588e-03
   4  p3           1.34213e+01   9.76341e-01  -8.35061e-04  -2.14163e-04
   5  p4           7.18209e+00   5.73398e-01  -9.85032e-04   4.20011e-04
   6  p5           9.92563e-01   5.02529e-03   2.71678e-06   1.64414e-02
   7  p6          -3.50146e-10   1.52740e-02  -2.27274e-04** at limit **
   8  p7           1.43739e-02   1.53920e-03  -4.36988e-06   4.74155e-04
                               ERR DEF= 0.5
 FCN=111.112 FROM MIGRAD    STATUS=CONVERGED     708 CALLS         709 TOTAL
                     EDM=5.62466e-07    STRATEGY= 1  ERROR MATRIX UNCERTAINTY   2.9 per cent
  EXT PARAMETER                                   STEP         FIRST   
  NO.   NAME      VALUE            ERROR          SIZE      DERIVATIVE 
   1  Amp. - A/E   5.77845e+01   3.32362e+00  -2.50192e-04  -1.08256e-03
   2  Mean - A/E   9.93344e-01   4.66517e-04  -4.22684e-05  -1.27812e-02
   3  Sigma - A/E   8.51800e-03   4.27172e-04   3.80408e-05   2.97872e-03
   4  p3           1.71798e+01   1.18991e+00  -4.11527e-03  -5.05827e-04
   5  p4           8.93451e+00   5.89269e-01  -3.80478e-03   7.66982e-04
   6  p5           9.93330e-01   4.83541e-03   1.71609e-05   2.50002e-01
   7  p6          -8.11603e-10   7.31231e-03  -1.65427e-03** at limit **
   8  p7           1.43541e-02   1.44660e-03  -1.07677e-04   1.69437e-02
                               ERR DEF= 0.5
 FCN=122.916 FROM MIGRAD    STATUS=CONVERGED     846 CALLS         847 TOTAL
                     EDM=3.07422e-07    STRATEGY= 1  ERROR MATRIX UNCERTAINTY   1.8 per cent
  EXT PARAMETER                                   STEP         FIRST   
  NO.   NAME      VALUE            ERROR          SIZE      DERIVATIVE 
   1  Amp. - A/E   6.37678e+01   3.15855e+00   1.06988e-04   2.60886e-03
   2  Mean - A/E   9.92189e-01   5.03716e-04  -1.09107e-04   2.24686e-03
   3  Sigma - A/E   9.95103e-03   4.10780e-04   4.82586e-06   7.07339e-03
   4  p3           1.71292e+01   1.14446e+00   3.89641e-04  -8.76819e-04
   5  p4           8.08906e+00   5.60050e-01  -4.61327e-04   1.84168e-03
   6  p5           9.88202e-01   4.40082e-03   3.50404e-06   3.54735e-02
   7  p6          -1.32672e-12   1.73430e-02   2.21622e-03** at limit **
   8  p7           1.33550e-02   1.31399e-03  -1.69716e-04  -4.49452e-03
                               ERR DEF= 0.5

****************************************
Minimizer is Linear
Chi2                      =      5.17021
NDf                       =           10
p0                        =      1.01297   +/-   0.00107046  
p1                        = -8.66048e-06   +/-   5.34055e-07 
1.01297
-8.66048e-06
0.00107046
5.34055e-07
0.0460788
Calculation of survival fraction for 2104
 FCN=275.678 FROM MIGRAD    STATUS=CONVERGED     119 CALLS         120 TOTAL
                     EDM=2.06634e-07    STRATEGY= 1      ERROR MATRIX ACCURATE 
  EXT PARAMETER                                   STEP         FIRST   
  NO.   NAME      VALUE            ERROR          SIZE      DERIVATIVE 
   1  Amp.         2.17453e+01   1.28881e+00   1.16322e-02   2.50438e-04
   2  Mean         6.06862e+03   3.44701e-01   3.89411e-03   7.11039e-04
   3  Sigma        6.09402e+00   3.26286e-01   1.19256e-04   3.74726e-02
   4  Flat Bkg     5.63608e+00   1.12259e-01   1.23982e-03  -3.34097e-04
                               ERR DEF= 0.5
 FCN=273.04 FROM MIGRAD    STATUS=CONVERGED     210 CALLS         211 TOTAL
                     EDM=2.96931e-07    STRATEGY= 1      ERROR MATRIX ACCURATE 
  EXT PARAMETER                                   STEP         FIRST   
  NO.   NAME      VALUE            ERROR          SIZE      DERIVATIVE 
   1  Amp.         6.31682e+00   7.89917e-01   7.09576e-03  -1.68086e-04
   2  Mean         6.06861e+03   7.80559e-01   8.55827e-03   6.02787e-04
   3  Sigma        6.09312e+00   7.56416e-01   2.70428e-04  -7.27208e-03
   4  Flat Bkg     3.42616e+00   8.73708e-02   9.52207e-04  -9.55248e-05
                               ERR DEF= 0.5
Calculation of survival fraction for 2614.5
 FCN=1064.8 FROM MIGRAD    STATUS=CONVERGED     182 CALLS         183 TOTAL
                     EDM=7.63987e-09    STRATEGY= 1  ERROR MATRIX UNCERTAINTY   1.1 per cent
  EXT PARAMETER                                   STEP         FIRST   
  NO.   NAME      VALUE            ERROR          SIZE      DERIVATIVE 
   1  Amp.         1.45895e+02   2.96546e+00   2.68154e-03   3.14198e-05
   2  Mean         7.54395e+03   1.08721e-01  -2.66889e-04  -6.19210e-04
   3  Sigma        6.21580e+00   9.53518e-02  -3.02330e-07   1.85393e-02
   4  Flat Bkg     2.43139e+00   7.85895e-02   1.51700e-04   1.08959e-03
                               ERR DEF= 0.5
 FCN=619.286 FROM MIGRAD    STATUS=CONVERGED      99 CALLS         100 TOTAL
                     EDM=1.04894e-08    STRATEGY= 1      ERROR MATRIX ACCURATE 
  EXT PARAMETER                                   STEP         FIRST   
  NO.   NAME      VALUE            ERROR          SIZE      DERIVATIVE 
   1  Amp.         5.65713e+01   1.89436e+00   2.33892e-02   1.69929e-05
   2  Mean         7.54359e+03   1.84833e-01   3.59706e-03  -2.22693e-04
   3  Sigma        6.36928e+00   1.81416e-01   8.23270e-05   1.41458e-02
   4  Flat Bkg     9.43908e-01   5.03533e-02   7.97708e-04   6.37700e-04
                               ERR DEF= 0.5
Calculation of survival fraction background at 2039
