
[1mRooFit v3.60 -- Developed by Wouter Verkerke and David Kirkby[0m 
                Copyright (C) 2000-2013 NIKHEF, University of California & Stanford University
                All rights reserved, please read http://roofit.sourceforge.net/license.txt

Analizing channel 3 using Standard Analysis ...
Calibration = 0.393086
 FCN=152.228 FROM MIGRAD    STATUS=CONVERGED     457 CALLS         458 TOTAL
                     EDM=8.11353e-07    STRATEGY= 1      ERROR MATRIX ACCURATE 
  EXT PARAMETER                                   STEP         FIRST   
  NO.   NAME      VALUE            ERROR          SIZE      DERIVATIVE 
   1  Amp. - DEP   1.23246e+01   1.43077e+00   9.56219e-03  -3.81202e-04
   2  Mean - DEP   1.59144e+03   1.31297e-01   1.11823e-03   4.65400e-04
   3  Sigma - DEP   1.25978e+00   1.20531e-01   7.12064e-05  -1.01190e-01
   4  Amp. - FEP   9.37331e+00   1.73172e+00   1.06118e-02   1.95718e-06
   5  Mean - FEP   1.61992e+03   1.36336e-01   1.11179e-03  -1.59396e-03
   6  Sigma - FEP   8.25810e-01   1.52958e-01   9.93205e-05   2.42471e-03
   7  Flat Bkg     1.99536e+00   9.34424e-02   7.59236e-04  -4.14467e-03
                               ERR DEF= 0.5
mean_aoe = 0.12786
 FCN=11.1279 FROM MIGRAD    STATUS=CONVERGED     433 CALLS         434 TOTAL
                     EDM=4.58512e-09    STRATEGY= 1  ERROR MATRIX UNCERTAINTY   2.7 per cent
  EXT PARAMETER                                   STEP         FIRST   
  NO.   NAME      VALUE            ERROR          SIZE      DERIVATIVE 
   1  Amp. - A/E   6.52810e-01   2.20410e-01  -2.61257e-04  -2.88886e-04
   2  Mean - A/E   1.00215e+00   3.01870e-03  -1.78564e-06   2.48122e-02
   3  Sigma - A/E   1.07026e-02   2.34096e-03   5.24592e-05  -1.19115e-03
   4  Flat Bkg     6.22642e-03   3.99776e-03   8.43260e-06   2.00345e-01
   5  Linear Bkg   3.69250e-03   2.36912e-03   4.99615e-06  -3.34242e-01
                               ERR DEF= 0.5
Integral = 14.3636
AoE_cut = 0.984
CutIntegral = 12.7273
SF_dep = 0.886076
 FCN=141.709 FROM MIGRAD    STATUS=CONVERGED     227 CALLS         228 TOTAL
                     EDM=2.74681e-07    STRATEGY= 1      ERROR MATRIX ACCURATE 
  EXT PARAMETER                                   STEP         FIRST   
  NO.   NAME      VALUE            ERROR          SIZE      DERIVATIVE 
   1  Amp. - DEP   1.09171e+01   1.28240e+00   8.34757e-03  -1.37833e-05
   2  Mean - DEP   1.59151e+03   1.24192e-01   1.02042e-03   9.73613e-04
   3  Sigma - DEP   1.22047e+00   1.06205e-01   6.22320e-05  -1.21266e-02
   4  Amp. - FEP   1.96478e+00   7.39735e-01   4.35992e-03   2.68833e-04
   5  Mean - FEP   1.62041e+03   4.98759e-01   3.39890e-03  -1.13063e-03
   6  Sigma - FEP   1.20177e+00   5.51496e-01   2.56328e-04   1.03823e-02
   7  Flat Bkg     8.70467e-01   6.39927e-02   4.87411e-04  -1.56508e-03
                               ERR DEF= 0.5
Correction of AoE...
 FCN=105.431 FROM HESSE     STATUS=NOT POSDEF     61 CALLS         382 TOTAL
                     EDM=5.72198e-06    STRATEGY= 1      ERR MATRIX NOT POS-DEF
  EXT PARAMETER                APPROXIMATE        STEP         FIRST   
  NO.   NAME      VALUE            ERROR          SIZE      DERIVATIVE 
   1  Amp. - A/E   1.09168e+01   1.32547e+00   5.93887e-04   9.20723e-04
   2  Mean - A/E   1.00049e+00   9.48125e-04   6.66283e-05   4.38571e-03
   3  Sigma - A/E   8.42187e-03   9.89759e-04   1.05709e-04   3.01060e-03
   4  p3           6.75310e+00   4.74798e+00   8.53281e-04   8.15642e-04
   5  p4           6.04131e-01   4.82154e-01   8.21023e-05  -4.71864e-03
   6  p5           1.01222e+00   2.18917e-02   1.18798e-05   2.94107e-02
   7  p6          -7.75462e-01   1.54854e-01   3.66468e-05   9.88811e-03
   8  p7           1.98302e-02   9.50143e-03   1.80972e-04   1.17381e-03
                               ERR DEF= 0.5
 FCN=87.625 FROM MIGRAD    STATUS=CONVERGED     253 CALLS         254 TOTAL
                     EDM=1.52033e-08    STRATEGY= 1  ERROR MATRIX UNCERTAINTY   2.9 per cent
  EXT PARAMETER                                   STEP         FIRST   
  NO.   NAME      VALUE            ERROR          SIZE      DERIVATIVE 
   1  Amp. - A/E   8.73725e+00   1.11768e+00   2.68669e-04   1.26139e-04
   2  Mean - A/E   1.00097e+00   1.28084e-03   2.89491e-05   6.78382e-04
   3  Sigma - A/E   1.01509e-02   1.17123e-03   4.38594e-06   4.80468e-04
   4  p3           5.71564e+00   5.46804e-01   2.52956e-05   2.30010e-04
   5  p4           6.82149e-01   1.65289e-01   4.67787e-05   3.30308e-04
   6  p5           1.00564e+00   1.63037e-02   2.77270e-06   5.12782e-03
   7  p6          -7.51979e-01   2.25673e-02  -3.12284e-06  -2.92611e-03
   8  p7           1.76832e-02   6.33372e-03  -2.30273e-05   7.22248e-06
                               ERR DEF= 0.5
 FCN=93.6156 FROM MIGRAD    STATUS=CONVERGED    1163 CALLS        1164 TOTAL
                     EDM=2.10973e-07    STRATEGY= 1      ERROR MATRIX ACCURATE 
  EXT PARAMETER                                   STEP         FIRST   
  NO.   NAME      VALUE            ERROR          SIZE      DERIVATIVE 
   1  Amp. - A/E   1.03130e+01   1.45964e+00   3.21287e-03   4.00841e-04
   2  Mean - A/E   1.00075e+00   9.96647e-04   3.20761e-04   1.89139e-03
   3  Sigma - A/E   7.09719e-03   1.02665e-03   6.63689e-04   1.02320e-03
   4  p3           2.24769e+00   5.80530e-01   1.32465e-03   5.96341e-05
   5  p4           4.91646e+00   5.10173e+00   2.84413e-03   5.47265e-05
   6  p5           1.02418e+00   1.05082e-02   3.56350e-05  -1.97327e-02
   7  p6          -8.80446e-02   8.06910e-01   6.90293e-04  -1.40080e-05
   8  p7           1.29046e-02   3.97954e-03   6.80533e-04   1.84881e-04
                               ERR DEF= 0.5
 FCN=99.1955 FROM MIGRAD    STATUS=CONVERGED     771 CALLS         772 TOTAL
                     EDM=1.21665e-06    STRATEGY= 1      ERROR MATRIX ACCURATE 
  EXT PARAMETER                                   STEP         FIRST   
  NO.   NAME      VALUE            ERROR          SIZE      DERIVATIVE 
   1  Amp. - A/E   9.60000e+00   3.48943e-01   2.64440e-03** at limit **
   2  Mean - A/E   9.98639e-01   1.39449e-03   4.24182e-04   1.94817e-04
   3  Sigma - A/E   1.04946e-02   9.49737e-04   4.80181e-04  -3.85359e-03
   4  p3           3.24978e+00   4.61806e-01   1.83763e-03   7.97829e-04
   5  p4           9.77862e+00   1.57464e+00   5.11604e-03  -3.16007e-04
   6  p5           9.76809e-01   1.22871e-02   4.34978e-05  -9.78176e-03
   7  p6          -1.93741e-08   2.65749e-02   2.23485e-03** at limit **
   8  p7           1.84649e-02   2.98107e-03   4.80714e-04  -1.19287e-03
                               ERR DEF= 0.5
 FCN=102.97 FROM MIGRAD    STATUS=CONVERGED     864 CALLS         865 TOTAL
                     EDM=9.43814e-07    STRATEGY= 1  ERROR MATRIX UNCERTAINTY   0.3 per cent
  EXT PARAMETER                                   STEP         FIRST   
  NO.   NAME      VALUE            ERROR          SIZE      DERIVATIVE 
   1  Amp. - A/E   9.00000e+00   1.10742e+00   7.86346e-05** at limit **
   2  Mean - A/E   9.98802e-01   1.58814e-03   3.06736e-04   3.54314e-04
   3  Sigma - A/E   9.88372e-03   1.37406e-03  -5.77468e-04  -4.50070e-04
   4  p3           3.00865e+00   4.38675e-01  -2.87616e-03  -3.23438e-03
   5  p4           8.67773e+00   1.92294e+00  -1.77853e-02   1.41858e-03
   6  p5           9.73089e-01   2.17933e-02   1.64429e-04   7.28583e-02
   7  p6          -1.10667e-07   9.08752e-02   1.21809e-02** at limit **
   8  p7           1.85528e-02   4.26243e-03  -6.77744e-04   8.54871e-04
                               ERR DEF= 0.5
 FCN=88.9479 FROM MIGRAD    STATUS=CONVERGED     852 CALLS         853 TOTAL
                     EDM=8.62521e-09    STRATEGY= 1  ERROR MATRIX UNCERTAINTY   0.7 per cent
  EXT PARAMETER                                   STEP         FIRST   
  NO.   NAME      VALUE            ERROR          SIZE      DERIVATIVE 
   1  Amp. - A/E   7.80000e+00   5.22257e+00   2.17723e-05** at limit **
   2  Mean - A/E   9.98341e-01   1.32782e-03  -2.33176e-06  -2.67587e-05
   3  Sigma - A/E   9.24775e-03   9.71486e-04   3.23986e-06   6.59742e-05
   4  p3           2.71900e+00   4.02470e-01  -1.07893e-05   1.94056e-04
   5  p4           7.11935e+00   1.23964e+00  -1.15444e-03  -1.07028e-04
   6  p5           9.89536e-01   9.97817e-03   1.32770e-06  -2.99923e-03
   7  p6          -1.16197e-09   1.17522e-01   8.97971e-04** at limit **
   8  p7           1.28391e-02   2.86040e-03  -6.92892e-07  -1.71573e-05
                               ERR DEF= 0.5
 FCN=104.267 FROM MIGRAD    STATUS=CONVERGED     865 CALLS         866 TOTAL
                     EDM=6.93898e-08    STRATEGY= 1      ERROR MATRIX ACCURATE 
  EXT PARAMETER                                   STEP         FIRST   
  NO.   NAME      VALUE            ERROR          SIZE      DERIVATIVE 
   1  Amp. - A/E   9.11200e+00   1.12181e+00   2.83966e-03   5.58008e-05
   2  Mean - A/E   9.93795e-01   1.17777e-03   3.98910e-04  -6.55683e-04
   3  Sigma - A/E   9.56707e-03   9.36565e-04   4.95550e-04  -2.14552e-03
   4  p3           2.36391e+00   3.74869e-01   1.42934e-03  -2.74998e-04
   5  p4           7.13069e+00   1.58158e+00   4.88867e-03   2.10086e-05
   6  p5           9.73956e-01   1.55542e-02   5.46629e-05   1.59024e-03
   7  p6          -2.50423e-11   6.99714e-02   3.79634e-03** at limit **
   8  p7           2.12105e-02   4.23836e-03   5.95967e-04   1.61157e-03
                               ERR DEF= 0.5
 FCN=81.63 FROM MIGRAD    STATUS=CONVERGED     681 CALLS         682 TOTAL
                     EDM=8.15265e-08    STRATEGY= 1      ERROR MATRIX ACCURATE 
  EXT PARAMETER                                   STEP         FIRST   
  NO.   NAME      VALUE            ERROR          SIZE      DERIVATIVE 
   1  Amp. - A/E   9.76496e+00   1.23259e+00   1.77011e-03   3.59475e-04
   2  Mean - A/E   9.95153e-01   1.22503e-03   3.44776e-04   6.57554e-04
   3  Sigma - A/E   9.93465e-03   1.03786e-03   4.30783e-04   3.21645e-04
   4  p3           4.00782e+00   9.77769e+00   2.13785e-03   6.57968e-05
   5  p4           1.87994e+00   6.66628e+00   8.54694e-04  -8.28974e-04
   6  p5           9.92741e-01   1.85064e-02   4.65965e-05  -9.23791e-03
   7  p6          -5.07714e-01   6.15183e-01   2.31528e-04   2.24202e-03
   8  p7           1.31431e-02   4.63200e-03   7.02427e-04  -7.81922e-04
                               ERR DEF= 0.5
 FCN=97.4209 FROM MIGRAD    STATUS=CONVERGED    1155 CALLS        1156 TOTAL
                     EDM=4.42189e-08    STRATEGY= 1      ERROR MATRIX ACCURATE 
  EXT PARAMETER                                   STEP         FIRST   
  NO.   NAME      VALUE            ERROR          SIZE      DERIVATIVE 
   1  Amp. - A/E   7.53325e+00   9.20181e-01   3.44638e-03   2.55918e-05
   2  Mean - A/E   9.94314e-01   2.41490e-03   5.33796e-04  -8.64815e-04
   3  Sigma - A/E   1.29701e-02   2.14837e-03   5.84656e-04  -4.00403e-04
   4  p3           2.98167e+00   5.39525e-01   1.64491e-03   4.97223e-04
   5  p4           7.77889e+00   4.64169e+00   4.34729e-03  -2.19818e-04
   6  p5           9.79594e-01   2.36625e-02   4.83746e-05  -1.58578e-02
   7  p6          -5.43326e-03   9.48499e-01   2.34782e-03   3.42371e-04
   8  p7           2.04116e-02   5.77982e-03   5.23390e-04  -1.26643e-04
                               ERR DEF= 0.5
 FCN=88.8842 FROM MIGRAD    STATUS=CONVERGED     729 CALLS         730 TOTAL
                     EDM=1.95172e-08    STRATEGY= 1  ERROR MATRIX UNCERTAINTY   3.3 per cent
  EXT PARAMETER                                   STEP         FIRST   
  NO.   NAME      VALUE            ERROR          SIZE      DERIVATIVE 
   1  Amp. - A/E   1.05394e+01   1.43046e+00   1.14784e-04   7.08467e-05
   2  Mean - A/E   9.94591e-01   1.38342e-03   1.33142e-05   4.71423e-04
   3  Sigma - A/E   9.01063e-03   1.08454e-03  -5.09807e-05  -2.43356e-04
   4  p3           3.35547e+00   5.14219e-01  -1.41822e-05  -2.40100e-04
   5  p4           7.93644e+00   1.20644e+00  -9.48170e-05   2.25760e-04
   6  p5           9.89220e-01   1.36380e-02   2.58581e-06   7.33741e-03
   7  p6          -9.72380e-11   5.16183e-02  -7.02465e-04** at limit **
   8  p7           1.16241e-02   3.60290e-03  -2.28411e-05   8.32612e-05
                               ERR DEF= 0.5
 FCN=114.689 FROM MIGRAD    STATUS=CONVERGED    1066 CALLS        1067 TOTAL
                     EDM=2.00836e-07    STRATEGY= 1      ERROR MATRIX ACCURATE 
  EXT PARAMETER                                   STEP         FIRST   
  NO.   NAME      VALUE            ERROR          SIZE      DERIVATIVE 
   1  Amp. - A/E   1.30971e+01   1.36772e+00   2.01089e-03  -1.64034e-04
   2  Mean - A/E   9.92425e-01   1.42978e-03   3.99083e-04  -2.80597e-03
   3  Sigma - A/E   1.04859e-02   1.24763e-03   4.72564e-04  -1.84887e-04
   4  p3           3.62454e+00   5.88390e-01   1.97361e-03   6.40617e-05
   5  p4           7.97994e+00   1.27854e+00   4.36852e-03   2.41797e-04
   6  p5           9.83909e-01   1.24135e-02   4.26830e-05   5.85132e-02
   7  p6          -4.48559e-09   6.26213e-01   7.76887e-03** at limit **
   8  p7           1.99980e-02   4.04452e-03   4.91662e-04   3.28657e-03
                               ERR DEF= 0.5
 FCN=93.1917 FROM MIGRAD    STATUS=CONVERGED     924 CALLS         925 TOTAL
                     EDM=5.01625e-09    STRATEGY= 1  ERROR MATRIX UNCERTAINTY   2.5 per cent
  EXT PARAMETER                                   STEP         FIRST   
  NO.   NAME      VALUE            ERROR          SIZE      DERIVATIVE 
   1  Amp. - A/E   1.23087e+01   1.66926e+00  -4.06975e-04   4.27404e-05
   2  Mean - A/E   9.94716e-01   1.36092e-03  -3.86271e-05  -1.55985e-04
   3  Sigma - A/E   7.92193e-03   1.23858e-03   2.22192e-05   2.65413e-04
   4  p3           5.70853e+00   8.13692e-01   3.48920e-04  -5.17324e-05
   5  p4           9.96937e+00   1.10365e+00   4.44277e-04   3.00636e-05
   6  p5           9.95469e-01   6.44054e-03  -3.69261e-07   1.89970e-02
   7  p6          -8.34710e-12   1.16769e-02  -4.83152e-05** at limit **
   8  p7           1.06953e-02   1.94905e-03  -2.16729e-05   1.54490e-04
                               ERR DEF= 0.5

****************************************
Minimizer is Linear
Chi2                      =      11.3251
NDf                       =           10
p0                        =      1.01245   +/-   0.00205183  
p1                        = -8.19716e-06   +/-   1.10697e-06 
1.01245
-8.19716e-06
0.00205183
1.10697e-06
0.120189
Calculation of survival fraction for 2104
 FCN=101.202 FROM MIGRAD    STATUS=CONVERGED     158 CALLS         159 TOTAL
                     EDM=4.81899e-08    STRATEGY= 1      ERROR MATRIX ACCURATE 
  EXT PARAMETER                                   STEP         FIRST   
  NO.   NAME      VALUE            ERROR          SIZE      DERIVATIVE 
   1  Amp.         1.66572e+01   2.03097e+00   1.10143e-02  -5.57172e-06
   2  Mean         2.10246e+03   2.16729e-01   1.50907e-03  -9.58354e-04
   3  Sigma        1.89543e+00   2.14566e-01   8.34753e-05  -2.46034e-04
   4  Flat Bkg     4.14843e+00   1.62765e-01   1.09228e-03  -4.43526e-04
                               ERR DEF= 0.5
 FCN=120.701 FROM MIGRAD    STATUS=CONVERGED     239 CALLS         240 TOTAL
                     EDM=6.26749e-09    STRATEGY= 1      ERROR MATRIX ACCURATE 
  EXT PARAMETER                                   STEP         FIRST   
  NO.   NAME      VALUE            ERROR          SIZE      DERIVATIVE 
   1  Amp.         2.89841e+00   1.55933e+00   9.51315e-03   4.64112e-06
   2  Mean         2.10006e+03   4.14831e-01   2.89200e-03  -1.00945e-04
   3  Sigma        7.03504e-01   3.60028e-01   2.45675e-04   9.84389e-04
   4  Flat Bkg     1.64322e+00   9.77188e-02   7.32367e-04   7.01731e-04
                               ERR DEF= 0.5
Calculation of survival fraction for 2614.5
 FCN=154.567 FROM MIGRAD    STATUS=CONVERGED     165 CALLS         166 TOTAL
                     EDM=8.52826e-09    STRATEGY= 1  ERROR MATRIX UNCERTAINTY   3.3 per cent
  EXT PARAMETER                                   STEP         FIRST   
  NO.   NAME      VALUE            ERROR          SIZE      DERIVATIVE 
   1  Amp.         1.72693e+02   6.44469e+00   6.66393e-03   1.03164e-05
   2  Mean         2.61331e+03   4.09582e-02  -3.00732e-05   1.67159e-03
   3  Sigma        1.34020e+00   3.26247e-02  -6.93850e-07   4.52771e-02
   4  Flat Bkg     8.59534e-01   7.40050e-02   1.70913e-04   1.34849e-05
                               ERR DEF= 0.5
 FCN=44.0375 FROM MIGRAD    STATUS=CONVERGED     201 CALLS         202 TOTAL
                     EDM=7.22947e-09    STRATEGY= 1      ERROR MATRIX ACCURATE 
  EXT PARAMETER                                   STEP         FIRST   
  NO.   NAME      VALUE            ERROR          SIZE      DERIVATIVE 
   1  Amp.         2.20808e+01   2.26066e+00   8.13470e-03   3.16838e-05
   2  Mean         2.61333e+03   1.19316e-01   1.24613e-03  -3.07158e-04
   3  Sigma        1.43130e+00   9.89285e-02   2.93239e-05   9.61567e-03
   4  Flat Bkg     7.53372e-02   2.26344e-02   1.01886e-04   2.12979e-03
                               ERR DEF= 0.5
Calculation of survival fraction background at 2039
