
[1mRooFit v3.60 -- Developed by Wouter Verkerke and David Kirkby[0m 
                Copyright (C) 2000-2013 NIKHEF, University of California & Stanford University
                All rights reserved, please read http://roofit.sourceforge.net/license.txt

Analizing channel 29 using Standard Analysis ...
Calibration = 0.408757
 FCN=199.41 FROM MIGRAD    STATUS=CONVERGED    1807 CALLS        1808 TOTAL
                     EDM=7.5916e-09    STRATEGY= 1      ERROR MATRIX ACCURATE 
  EXT PARAMETER                                   STEP         FIRST   
  NO.   NAME      VALUE            ERROR          SIZE      DERIVATIVE 
   1  Amp. - DEP   1.75769e+01   1.81419e+00   1.37760e-02   1.15026e-05
   2  Mean - DEP   3.96677e+03   3.84996e-01   3.69268e-03  -2.24684e-05
   3  Sigma - DEP   3.81220e+00   3.91079e-01   1.45232e-04   1.11118e-03
   4  Amp. - FEP  -4.15285e+00   1.11154e+00   9.59341e-03  -1.05219e-05
   5  Mean - FEP   3.97875e+03   7.38705e-01   6.76929e-03   5.77124e-05
   6  Sigma - FEP   1.76360e+00   5.89389e-01   3.70501e-04  -5.20345e-04
   7  Flat Bkg     8.40855e+00   1.88465e-01   1.71917e-03  -3.22418e-04
                               ERR DEF= 0.5
mean_aoe = 0.02558
 FCN=46.4934 FROM HESSE     STATUS=NOT POSDEF     31 CALLS         824 TOTAL
                     EDM=1.37282e-05    STRATEGY= 1      ERR MATRIX NOT POS-DEF
  EXT PARAMETER                APPROXIMATE        STEP         FIRST   
  NO.   NAME      VALUE            ERROR          SIZE      DERIVATIVE 
   1  Amp. - A/E   5.55333e-01   2.86563e-01   2.67954e-05  -2.40225e-02
   2  Mean - A/E   1.68892e+00   5.18977e-01   3.92526e-05   2.38356e-02
   3  Sigma - A/E   8.28342e-01   2.79436e-01   9.77922e-05  -1.13338e-02
   4  Flat Bkg    -3.86453e-01   1.91045e-01   1.56425e-05  -4.23849e-02
   5  Linear Bkg   1.79924e-01   2.04850e-01   1.89025e-05  -3.96475e-02
                               ERR DEF= 0.5
Integral = 58.4
AoE_cut = 0.901
CutIntegral = 16.4
SF_dep = 0.280822
 FCN=162.802 FROM MIGRAD    STATUS=CONVERGED     919 CALLS         920 TOTAL
                     EDM=1.329e-06    STRATEGY= 1      ERROR MATRIX ACCURATE 
  EXT PARAMETER                                   STEP         FIRST   
  NO.   NAME      VALUE            ERROR          SIZE      DERIVATIVE 
   1  Amp. - DEP   5.46876e+00   1.17554e+00   6.48186e-03  -4.89007e-05
   2  Mean - DEP   3.96675e+03   7.58909e-01   5.35833e-03  -7.24093e-04
   3  Sigma - DEP   3.73325e+00   1.00986e+00   2.22191e-04  -2.23219e-02
   4  Amp. - FEP  -1.24111e+00   6.90884e-01   2.52796e-03  -1.45503e-03
   5  Mean - FEP   3.97600e+03   5.59722e+00   2.36495e-02   9.22646e-05
   6  Sigma - FEP   6.97675e+00   3.37736e+00   8.33325e-04   2.04280e-03
   7  Flat Bkg     2.25292e+00   1.05556e-01   7.88714e-04   1.06959e-03
                               ERR DEF= 0.5
Correction of AoE...
 FCN=91.2534 FROM MIGRAD    STATUS=CONVERGED    1846 CALLS        1847 TOTAL
                     EDM=1.39764e-07    STRATEGY= 1  ERROR MATRIX UNCERTAINTY   2.7 per cent
  EXT PARAMETER                                   STEP         FIRST   
  NO.   NAME      VALUE            ERROR          SIZE      DERIVATIVE 
   1  Amp. - A/E   6.00000e+00   3.08120e-01   9.37835e-05** at limit **
   2  Mean - A/E   1.01377e+00   2.66247e-03   5.90108e-05  -6.13859e-04
   3  Sigma - A/E   5.00000e-03   5.82381e-04  -8.37809e-05** at limit **
   4  p3           7.78705e+00   5.98339e+00   1.05060e-03   3.08109e-04
   5  p4           1.28862e+01   3.71718e+00  -1.05911e-03   4.25381e-05
   6  p5           9.96610e-01   1.14844e-01   1.39016e-05  -1.35097e-02
   7  p6          -4.43240e-09   7.35191e-02   3.11914e-04** at limit **
   8  p7           7.12435e-02   2.04228e-02  -1.60537e-04  -3.80344e-04
                               ERR DEF= 0.5
 FCN=233.454 FROM MIGRAD    STATUS=CONVERGED     873 CALLS         874 TOTAL
                     EDM=9.88947e-08    STRATEGY= 1  ERROR MATRIX UNCERTAINTY   5.3 per cent
  EXT PARAMETER                                   STEP         FIRST   
  NO.   NAME      VALUE            ERROR          SIZE      DERIVATIVE 
   1  Amp. - A/E   8.78702e+00   4.85396e-01   5.03730e-05  -1.71365e-04
   2  Mean - A/E   1.02000e+00   4.29985e-05  -9.27796e-06** at limit **
   3  Sigma - A/E   3.00000e-02   3.87562e-05  -1.06524e-05** at limit **
   4  p3           3.65136e+00   5.82635e-01  -4.87930e-05  -3.44888e-04
   5  p4           1.29723e+01   5.95290e+00   1.82372e-03   1.44355e-04
   6  p5           9.45555e-01   6.95285e-03  -1.02047e-06   4.99259e-03
   7  p6          -3.48475e-03   7.44042e-01   8.87905e-04  -7.73351e-04
   8  p7           8.08375e-03   3.14161e-03  -1.82011e-05   1.99197e-04
                               ERR DEF= 0.5
 FCN=121.424 FROM MIGRAD    STATUS=CONVERGED    1113 CALLS        1114 TOTAL
                     EDM=1.10091e-06    STRATEGY= 1      ERROR MATRIX ACCURATE 
  EXT PARAMETER                                   STEP         FIRST   
  NO.   NAME      VALUE            ERROR          SIZE      DERIVATIVE 
   1  Amp. - A/E   5.40000e+00   1.79573e-01   2.79648e-03** at limit **
   2  Mean - A/E   1.02000e+00   6.25777e-04   1.91248e-03** at limit **
   3  Sigma - A/E   5.00000e-03   1.39860e-03   3.64010e-03** at limit **
   4  p3           8.64272e+00   7.07098e-01   3.14465e-03  -8.53461e-04
   5  p4           6.21807e+00   1.46010e+00   1.39739e-03   2.23098e-03
   6  p5           1.09535e+00   4.26358e-03   2.56252e-05   4.45563e-02
   7  p6          -7.62130e-02   5.77486e-02   2.30770e-04  -9.56767e-03
   8  p7           8.13543e-03   6.71806e-03   2.20745e-03  -1.20354e-03
                               ERR DEF= 0.5
 FCN=236.22 FROM MIGRAD    STATUS=CONVERGED     735 CALLS         736 TOTAL
                     EDM=1.52683e-07    STRATEGY= 1  ERROR MATRIX UNCERTAINTY   2.1 per cent
  EXT PARAMETER                                   STEP         FIRST   
  NO.   NAME      VALUE            ERROR          SIZE      DERIVATIVE 
   1  Amp. - A/E   8.80577e+00   4.88207e-01   1.68955e-05   3.82219e-04
   2  Mean - A/E   1.02000e+00   6.76502e-05   3.58798e-05** at limit **
   3  Sigma - A/E   3.00000e-02   3.85131e-05   3.18223e-06** at limit **
   4  p3           2.87949e+00   8.01908e-01  -8.34401e-04  -1.92079e-03
   5  p4           5.44357e+00   4.54440e+00   4.74983e-03   1.56183e-03
   6  p5           9.65894e-01   4.58806e-03   3.13208e-06   5.65984e-02
   7  p6          -1.80097e-01   2.92147e-01   9.70490e-04  -9.69543e-03
   8  p7           5.00000e-03   1.34841e-03  -3.40049e-05** at limit **
                               ERR DEF= 0.5
 FCN=109.206 FROM MIGRAD    STATUS=CONVERGED    1628 CALLS        1629 TOTAL
                     EDM=2.15998e-08    STRATEGY= 1  ERROR MATRIX UNCERTAINTY   3.4 per cent
  EXT PARAMETER                                   STEP         FIRST   
  NO.   NAME      VALUE            ERROR          SIZE      DERIVATIVE 
   1  Amp. - A/E   6.60000e+00   2.61388e-01  -2.77920e-04** at limit **
   2  Mean - A/E   1.02000e+00   3.84134e-03   7.03191e-04** at limit **
   3  Sigma - A/E   5.00000e-03   6.18650e-04  -2.47937e-05** at limit **
   4  p3           8.75428e+00   9.43964e-01  -9.09206e-05   1.64899e-04
   5  p4           7.18258e+00   1.62431e+00  -4.17877e-04  -1.93660e-04
   6  p5           1.09390e+00   6.77432e-03  -9.63810e-07  -5.64285e-03
   7  p6          -4.20599e-02   4.38974e-02  -3.61478e-05   1.08526e-03
   8  p7           1.44663e-02   9.10717e-03   1.94616e-05   3.43973e-05
                               ERR DEF= 0.5
 FCN=116.389 FROM MIGRAD    STATUS=CONVERGED    1565 CALLS        1566 TOTAL
                     EDM=4.85984e-07    STRATEGY= 1      ERROR MATRIX ACCURATE 
  EXT PARAMETER                                   STEP         FIRST   
  NO.   NAME      VALUE            ERROR          SIZE      DERIVATIVE 
   1  Amp. - A/E   7.20000e+00   1.84906e-01   2.53828e-03** at limit **
   2  Mean - A/E   1.01827e+00   2.73096e-03   2.71758e-03   1.88903e-03
   3  Sigma - A/E   5.00000e-03   2.46368e-04   1.51476e-03** at limit **
   4  p3           2.52858e+01   9.99488e-01   8.87834e-03   9.94254e-05
   5  p4           5.81679e+00   6.74024e-01   6.33460e-04  -2.34194e-03
   6  p5           1.26085e+00   2.18158e-02   3.81024e-05  -3.52642e-02
   7  p6          -3.59310e-02   1.16452e-02   9.53019e-05   1.65735e-02
   8  p7           5.61582e-03   2.15525e-02   3.03133e-01   6.38740e-11
                               ERR DEF= 0.5
 FCN=99.3722 FROM MIGRAD    STATUS=CONVERGED    1613 CALLS        1614 TOTAL
                     EDM=1.47216e-07    STRATEGY= 1      ERROR MATRIX ACCURATE 
  EXT PARAMETER                                   STEP         FIRST   
  NO.   NAME      VALUE            ERROR          SIZE      DERIVATIVE 
   1  Amp. - A/E   6.60000e+00   4.29128e-01   3.55875e-03** at limit **
   2  Mean - A/E   1.01359e+00   2.04466e-03   9.63234e-04   3.24984e-04
   3  Sigma - A/E   5.00000e-03   1.17280e-03   3.01360e-03** at limit **
   4  p3           9.23115e+00   8.50582e-01   3.03801e-03   2.77433e-04
   5  p4           5.98759e+00   1.42762e+00   1.08152e-03   3.48645e-04
   6  p5           1.10136e+00   8.89220e-03   3.22164e-05   2.59187e-02
   7  p6          -8.93736e-02   6.00961e-02   1.74944e-04  -5.09290e-04
   8  p7           1.16642e-02   8.28263e-03   1.42648e-03   1.40322e-03
                               ERR DEF= 0.5
 FCN=86.3095 FROM HESSE     STATUS=OK             65 CALLS         973 TOTAL
                     EDM=8.93029e-07    STRATEGY= 1      ERROR MATRIX ACCURATE 
  EXT PARAMETER                                   STEP         FIRST   
  NO.   NAME      VALUE            ERROR          SIZE      DERIVATIVE 
   1  Amp. - A/E   6.00000e+00   1.04488e-01   3.40616e-04** at limit **
   2  Mean - A/E   1.02000e+00   3.85174e-02   3.28390e-03   1.79899e-04
   3  Sigma - A/E   1.96480e-02   4.00671e-03   2.54757e-04   2.48492e-03
   4  p3           1.19708e+01   4.81958e+01   8.52907e-04   2.83276e-04
   5  p4           3.71220e+00   2.19636e+00   8.81682e-05  -2.00442e-03
   6  p5           1.20614e+00   9.09202e-01   8.00379e-06  -3.10780e-02
   7  p6          -1.56946e-01   7.52020e-01   2.08650e-05   9.77019e-03
   8  p7           6.54986e-03   6.21509e-02   3.90996e-01  -6.04115e-06
                               ERR DEF= 0.5
 FCN=132.545 FROM HESSE     STATUS=OK             65 CALLS        1382 TOTAL
                     EDM=6.50875e-09    STRATEGY= 1      ERROR MATRIX ACCURATE 
  EXT PARAMETER                                   STEP         FIRST   
  NO.   NAME      VALUE            ERROR          SIZE      DERIVATIVE 
   1  Amp. - A/E   7.80000e+00   6.72509e-02   2.96260e-04** at limit **
   2  Mean - A/E   1.02000e+00   2.55455e-03   8.13987e-04** at limit **
   3  Sigma - A/E   2.09492e-02   3.83736e-03   5.77499e-05  -1.35292e-04
   4  p3           2.53082e+01   1.51246e+02   4.52953e-04   1.21312e-05
   5  p4           5.47335e+00   1.14222e+00   2.66613e-05   9.40317e-05
   6  p5           1.30030e+00   9.66124e-01   1.92483e-06  -6.22381e-04
   7  p6          -3.65952e-02   6.87521e-01   4.29121e-06  -1.23186e-03
   8  p7           1.25870e-02   7.58327e-02   5.00000e-01  -8.75210e-06
                               ERR DEF= 0.5
 FCN=107.952 FROM MIGRAD    STATUS=CONVERGED    1106 CALLS        1107 TOTAL
                     EDM=3.8412e-07    STRATEGY= 1      ERROR MATRIX ACCURATE 
  EXT PARAMETER                                   STEP         FIRST   
  NO.   NAME      VALUE            ERROR          SIZE      DERIVATIVE 
   1  Amp. - A/E   7.80000e+00   1.31932e-01   1.94295e-03** at limit **
   2  Mean - A/E   1.02000e+00   2.03637e-03   3.67738e-03** at limit **
   3  Sigma - A/E   1.39712e-02   3.08540e-03   1.29793e-03   4.45149e-04
   4  p3           2.37627e+01   9.99531e-01   8.25045e-03   2.46035e-04
   5  p4           5.34006e+00   7.07354e-01   6.09136e-04  -3.93909e-03
   6  p5           1.26062e+00   2.58377e-02   3.94685e-05  -5.94130e-02
   7  p6          -4.70381e-02   1.71717e-02   1.08086e-04   1.98386e-02
   8  p7           5.40814e-03   2.16480e-02   5.00000e-01  -2.48690e-12
                               ERR DEF= 0.5
 FCN=100.465 FROM MIGRAD    STATUS=CONVERGED    1979 CALLS        1980 TOTAL
                     EDM=1.10113e-07    STRATEGY= 1      ERROR MATRIX ACCURATE 
  EXT PARAMETER                                   STEP         FIRST   
  NO.   NAME      VALUE            ERROR          SIZE      DERIVATIVE 
   1  Amp. - A/E   8.40000e+00   2.97491e-01   2.62723e-03** at limit **
   2  Mean - A/E   1.02000e+00   5.32465e-04   1.60469e-03** at limit **
   3  Sigma - A/E   5.00000e-03   4.62886e-04   1.89419e-03** at limit **
   4  p3           1.76758e+01   1.65887e+00   4.76873e-03   2.83972e-04
   5  p4           9.76784e+00   1.94624e+00   1.59050e-03  -9.01832e-04
   6  p5           1.08667e+00   2.06926e-02   3.03681e-05  -2.50726e-02
   7  p6          -1.90221e-02   1.54642e-02   1.73020e-04   8.37534e-03
   8  p7           3.29807e-02   1.71851e-02   1.28356e-03  -2.64193e-04
                               ERR DEF= 0.5
 FCN=123.198 FROM MIGRAD    STATUS=CONVERGED    1053 CALLS        1054 TOTAL
                     EDM=1.39621e-07    STRATEGY= 1  ERROR MATRIX UNCERTAINTY   3.3 per cent
  EXT PARAMETER                                   STEP         FIRST   
  NO.   NAME      VALUE            ERROR          SIZE      DERIVATIVE 
   1  Amp. - A/E   1.08000e+01   6.49649e-02   6.82528e-05** at limit **
   2  Mean - A/E   1.02000e+00   1.84983e-03  -1.88312e-04** at limit **
   3  Sigma - A/E   3.00000e-02   2.88756e-03   8.05395e-04** at limit **
   4  p3           6.94928e+01   1.90796e+01  -1.75107e-02   5.16869e-05
   5  p4           7.89138e+00   1.23130e+00  -9.27125e-04  -2.87241e-03
   6  p5           1.32799e+00   1.01815e-02   1.35098e-06  -4.34496e-02
   7  p6          -4.09342e-03   6.26279e-03  -8.74912e-05   2.36595e-02
   8  p7           6.16150e-03   8.55921e-02  -5.26742e-03   1.06188e-05
                               ERR DEF= 0.5

****************************************
Minimizer is Linear
Chi2                      =      15.6803
NDf                       =           10
p0                        =      1.02006   +/-   0.000377855 
p1                        = -3.96477e-08   +/-   2.48342e-07 
1.02006
-3.96477e-08
0.000377855
2.48342e-07
0.0240452
Calculation of survival fraction for 2104
 FCN=219.107 FROM MIGRAD    STATUS=CONVERGED     125 CALLS         126 TOTAL
                     EDM=2.7207e-11    STRATEGY= 1      ERROR MATRIX ACCURATE 
  EXT PARAMETER                                   STEP         FIRST   
  NO.   NAME      VALUE            ERROR          SIZE      DERIVATIVE 
   1  Amp.         2.55874e+01   1.35783e+00   1.10762e-02   2.33235e-06
   2  Mean         5.14527e+03   3.07562e-01   3.14056e-03  -6.11261e-06
   3  Sigma        6.15991e+00   2.78952e-01   9.26580e-05   4.03855e-04
   4  Flat Bkg     6.15563e+00   1.28731e-01   1.26545e-03  -1.52254e-05
                               ERR DEF= 0.5
 FCN=266.303 FROM MIGRAD    STATUS=CONVERGED     111 CALLS         112 TOTAL
                     EDM=8.30261e-09    STRATEGY= 1      ERROR MATRIX ACCURATE 
  EXT PARAMETER                                   STEP         FIRST   
  NO.   NAME      VALUE            ERROR          SIZE      DERIVATIVE 
   1  Amp.         1.05060e+01   8.64117e-01   7.64675e-03   3.17608e-05
   2  Mean         5.14530e+03   4.44962e-01   5.01303e-03   1.86670e-04
   3  Sigma        5.96022e+00   4.14588e-01   1.51616e-04   1.06513e-03
   4  Flat Bkg     1.81440e+00   6.99109e-02   7.60126e-04   4.89075e-04
                               ERR DEF= 0.5
Calculation of survival fraction for 2614.5
 FCN=706.932 FROM MIGRAD    STATUS=CONVERGED     102 CALLS         103 TOTAL
                     EDM=5.43216e-08    STRATEGY= 1  ERROR MATRIX UNCERTAINTY   3.2 per cent
  EXT PARAMETER                                   STEP         FIRST   
  NO.   NAME      VALUE            ERROR          SIZE      DERIVATIVE 
   1  Amp.         2.61769e+02   3.77257e+00  -1.34034e-03   3.02231e-05
   2  Mean         6.39245e+03   6.38577e-02   6.92295e-05  -3.93510e-03
   3  Sigma        5.99055e+00   5.56783e-02   6.20961e-07   1.00470e-01
   4  Flat Bkg     2.05218e+00   7.61659e-02   1.16913e-04   2.02743e-03
                               ERR DEF= 0.5
 FCN=333.83 FROM MIGRAD    STATUS=CONVERGED      86 CALLS          87 TOTAL
                     EDM=8.90971e-07    STRATEGY= 1      ERROR MATRIX ACCURATE 
  EXT PARAMETER                                   STEP         FIRST   
  NO.   NAME      VALUE            ERROR          SIZE      DERIVATIVE 
   1  Amp.         7.81227e+01   2.06740e+00   2.06035e-02   4.11711e-05
   2  Mean         6.39268e+03   1.30969e-01   3.04827e-03   5.41516e-03
   3  Sigma        5.99065e+00   1.06382e-01   4.36707e-05  -8.26010e-02
   4  Flat Bkg     6.51545e-01   4.34287e-02   5.35587e-04  -1.17169e-02
                               ERR DEF= 0.5
Calculation of survival fraction background at 2039
