
[1mRooFit v3.60 -- Developed by Wouter Verkerke and David Kirkby[0m 
                Copyright (C) 2000-2013 NIKHEF, University of California & Stanford University
                All rights reserved, please read http://roofit.sourceforge.net/license.txt

Analizing channel 0 using Standard Analysis ...
Calibration = 0.334925
 FCN=160.115 FROM MIGRAD    STATUS=CONVERGED     471 CALLS         472 TOTAL
                     EDM=5.46789e-08    STRATEGY= 1      ERROR MATRIX ACCURATE 
  EXT PARAMETER                                   STEP         FIRST   
  NO.   NAME      VALUE            ERROR          SIZE      DERIVATIVE 
   1  Amp. - DEP   1.14256e+01   1.35673e+00   9.70360e-03  -3.50650e-05
   2  Mean - DEP   1.59304e+03   1.23251e-01   1.07529e-03  -1.74871e-04
   3  Sigma - DEP   1.13830e+00   9.67753e-02   6.47211e-05   1.20635e-02
   4  Amp. - FEP   5.27082e+00   1.06455e+00   7.35806e-03  -5.87204e-05
   5  Mean - FEP   1.62112e+03   2.07121e-01   1.80968e-03   4.12621e-04
   6  Sigma - FEP   1.08654e+00   1.94027e-01   1.27487e-04  -2.90212e-03
   7  Flat Bkg     1.42921e+00   7.86318e-02   6.61150e-04   2.01200e-03
                               ERR DEF= 0.5
mean_aoe = 0.145764
 FCN=8.37909 FROM MIGRAD    STATUS=CONVERGED     380 CALLS         381 TOTAL
                     EDM=1.50983e-07    STRATEGY= 1  ERROR MATRIX UNCERTAINTY   3.1 per cent
  EXT PARAMETER                                   STEP         FIRST   
  NO.   NAME      VALUE            ERROR          SIZE      DERIVATIVE 
   1  Amp. - A/E   6.30861e-01   2.73582e-01  -5.21239e-04   4.31118e-05
   2  Mean - A/E   1.00256e+00   2.59374e-03  -5.49530e-06  -8.52000e-02
   3  Sigma - A/E   7.10675e-03   2.08605e-03  -5.44490e-05   1.40565e-02
   4  Flat Bkg     4.73644e-03   3.10990e-03  -1.67691e-06   2.75162e+00
   5  Linear Bkg   3.95476e-03   2.59549e-03  -1.39940e-06  -3.13620e+00
                               ERR DEF= 0.5
Integral = 10
AoE_cut = 0.901
CutIntegral = 8.83333
SF_dep = 0.883333
 FCN=155.125 FROM MIGRAD    STATUS=CONVERGED     225 CALLS         226 TOTAL
                     EDM=7.5069e-07    STRATEGY= 1      ERROR MATRIX ACCURATE 
  EXT PARAMETER                                   STEP         FIRST   
  NO.   NAME      VALUE            ERROR          SIZE      DERIVATIVE 
   1  Amp. - DEP   1.01083e+01   1.26733e+00   8.80193e-03  -1.59902e-04
   2  Mean - DEP   1.59305e+03   1.27311e-01   1.08917e-03  -3.25010e-05
   3  Sigma - DEP   1.13505e+00   1.03388e-01   6.68817e-05  -3.22343e-02
   4  Amp. - FEP   2.52152e+00   6.85553e-01   4.72384e-03  -1.13177e-03
   5  Mean - FEP   1.62140e+03   3.56297e-01   3.06617e-03   9.03880e-04
   6  Sigma - FEP   1.34742e+00   3.28058e-01   1.93076e-04  -1.99261e-02
   7  Flat Bkg     9.35295e-01   6.44550e-02   5.29015e-04  -9.62997e-03
                               ERR DEF= 0.5
Correction of AoE...
 FCN=81.7663 FROM MIGRAD    STATUS=CONVERGED    1191 CALLS        1192 TOTAL
                     EDM=4.69547e-08    STRATEGY= 1      ERROR MATRIX ACCURATE 
  EXT PARAMETER                                   STEP         FIRST   
  NO.   NAME      VALUE            ERROR          SIZE      DERIVATIVE 
   1  Amp. - A/E   8.96013e+00   1.16162e+00   1.93016e-03  -1.38661e-04
   2  Mean - A/E   1.00401e+00   1.08805e-03   3.35235e-04   2.55050e-04
   3  Sigma - A/E   9.00095e-03   9.41619e-04   4.65121e-04   3.21090e-04
   4  p3           1.63524e+00   3.19624e-01   1.12295e-03  -8.58736e-04
   5  p4           8.32835e+00   2.02493e+00   5.57321e-03   1.84755e-04
   6  p5           9.91930e-01   2.16006e-02   5.92275e-05   1.21177e-02
   7  p6          -7.03261e-10   9.69747e-02   3.96580e-03** at limit **
   8  p7           2.32237e-02   6.21786e-03   6.39789e-04   6.82686e-04
                               ERR DEF= 0.5
 FCN=96.0446 FROM MIGRAD    STATUS=CALL LIMIT   2137 CALLS        2138 TOTAL
                     EDM=8.62137e-05    STRATEGY= 1  ERROR MATRIX UNCERTAINTY  21.3 per cent
  EXT PARAMETER                APPROXIMATE        STEP         FIRST   
  NO.   NAME      VALUE            ERROR          SIZE      DERIVATIVE 
   1  Amp. - A/E   5.60055e+00   8.38810e-01   1.27237e-03   1.81850e-03
   2  Mean - A/E   1.00139e+00   1.67543e-03  -4.26737e-05  -4.46795e-03
   3  Sigma - A/E   1.16603e-02   1.67439e-03  -3.54851e-04   2.08391e-03
   4  p3           7.14043e+01   2.05104e+02   4.57539e-01  -5.96913e-04
   5  p4           4.37134e-02   1.32090e-01  -1.79704e-04   1.72515e+00
   6  p5           9.81934e-01   3.50873e-02  -4.24637e-05   4.89652e-01
   7  p6          -9.86128e-01   4.01086e-02  -6.17573e-04  -9.71967e-01
   8  p7           3.22852e-02   1.41750e-02   1.02786e-04   3.48702e-03
                               ERR DEF= 0.5
 FCN=82.9465 FROM HESSE     STATUS=NOT POSDEF     61 CALLS         364 TOTAL
                     EDM=1.12599e-06    STRATEGY= 1      ERR MATRIX NOT POS-DEF
  EXT PARAMETER                APPROXIMATE        STEP         FIRST   
  NO.   NAME      VALUE            ERROR          SIZE      DERIVATIVE 
   1  Amp. - A/E   8.20485e+00   9.78679e-01   3.45588e-04  -1.15903e-03
   2  Mean - A/E   1.00068e+00   1.50792e-03   7.25750e-05  -3.83902e-03
   3  Sigma - A/E   1.10261e-02   1.09502e-03   8.61909e-05  -7.57236e-03
   4  p3           3.93953e+00   3.69544e+00   6.09576e-04  -7.97076e-04
   5  p4           6.35083e-01   6.62790e-01   9.98701e-05   4.61051e-03
   6  p5           9.88983e-01   1.39378e-02   2.48510e-06   6.39957e-03
   7  p6          -7.87498e-01   1.92114e-01   4.22956e-05  -1.38118e-02
   8  p7           5.00000e-03   5.82914e-03   6.33381e-04** at limit **
                               ERR DEF= 0.5
 FCN=86.8938 FROM MIGRAD    STATUS=CONVERGED    1237 CALLS        1238 TOTAL
                     EDM=3.82022e-07    STRATEGY= 1      ERROR MATRIX ACCURATE 
  EXT PARAMETER                                   STEP         FIRST   
  NO.   NAME      VALUE            ERROR          SIZE      DERIVATIVE 
   1  Amp. - A/E   9.96507e+00   1.39468e+00   2.20675e-03  -1.85754e-04
   2  Mean - A/E   1.00225e+00   1.31895e-03   3.13346e-04   2.33434e-03
   3  Sigma - A/E   7.79795e-03   1.41665e-03   5.37442e-04   2.24755e-03
   4  p3           1.72329e+00   4.05511e-01   1.08262e-03  -5.73670e-04
   5  p4           5.75839e+00   1.34516e+00   4.16743e-03   3.92959e-04
   6  p5           1.01285e+00   1.26104e-02   3.62094e-05   1.66507e-02
   7  p6          -1.14464e-08   1.02827e-01   4.18560e-03** at limit **
   8  p7           5.00000e-03   6.67552e-02   8.62296e-03** at limit **
                               ERR DEF= 0.5
 FCN=78.0667 FROM MIGRAD    STATUS=CONVERGED    1250 CALLS        1251 TOTAL
                     EDM=2.2054e-07    STRATEGY= 1      ERROR MATRIX ACCURATE 
  EXT PARAMETER                                   STEP         FIRST   
  NO.   NAME      VALUE            ERROR          SIZE      DERIVATIVE 
   1  Amp. - A/E   7.20000e+00   7.16884e+00   1.78407e-02** at limit **
   2  Mean - A/E   9.99019e-01   1.72183e-03   3.92822e-04  -1.62002e-03
   3  Sigma - A/E   8.91969e-03   1.46742e-03   5.65082e-04  -1.80186e-03
   4  p3           2.66110e+00   5.73134e-01   1.57456e-03  -1.53074e-04
   5  p4           1.04017e+01   1.61817e+00   5.14653e-03  -1.46757e-04
   6  p5           9.97027e-01   1.10419e-02   3.44165e-05  -2.05941e-02
   7  p6          -1.59424e-09   1.83429e-02   1.66468e-03** at limit **
   8  p7           1.00212e-02   3.00435e-03   5.77991e-04   7.85690e-05
                               ERR DEF= 0.5
 FCN=93.1368 FROM MIGRAD    STATUS=CONVERGED    1142 CALLS        1143 TOTAL
                     EDM=8.95717e-08    STRATEGY= 1  ERROR MATRIX UNCERTAINTY   1.1 per cent
  EXT PARAMETER                                   STEP         FIRST   
  NO.   NAME      VALUE            ERROR          SIZE      DERIVATIVE 
   1  Amp. - A/E   1.00437e+01   1.30934e+00  -7.57433e-05   5.07293e-05
   2  Mean - A/E   9.98228e-01   9.71669e-04  -1.14378e-05   2.89316e-04
   3  Sigma - A/E   8.00231e-03   8.54678e-04   3.34743e-05  -2.72652e-05
   4  p3           2.22704e+00   3.64946e-01   3.29867e-04  -1.41073e-03
   5  p4           1.10165e+01   2.53228e+00   5.05317e-03   4.15428e-04
   6  p5           9.70638e-01   2.31769e-02  -3.08722e-05   3.15710e-02
   7  p6          -1.51695e-09   1.98989e-01  -4.33490e-03** at limit **
   8  p7           2.29226e-02   4.89246e-03   6.64579e-05   3.58299e-04
                               ERR DEF= 0.5
 FCN=106.909 FROM MIGRAD    STATUS=CONVERGED    1184 CALLS        1185 TOTAL
                     EDM=2.38264e-08    STRATEGY= 1  ERROR MATRIX UNCERTAINTY   3.3 per cent
  EXT PARAMETER                                   STEP         FIRST   
  NO.   NAME      VALUE            ERROR          SIZE      DERIVATIVE 
   1  Amp. - A/E   1.08000e+01   7.24444e+00   1.28835e-03** at limit **
   2  Mean - A/E   1.00131e+00   8.59432e-04   4.35086e-05   1.49464e-03
   3  Sigma - A/E   6.55229e-03   5.83354e-04  -4.47177e-05   2.02702e-03
   4  p3           2.66928e+00   3.93178e-01   1.54992e-04   3.54155e-04
   5  p4           9.84626e+00   1.57396e+00   2.32271e-05  -5.14683e-05
   6  p5           9.84356e-01   1.14797e-02   2.01339e-06   1.15192e-02
   7  p6          -1.68148e-11   1.09457e-02   2.55181e-04** at limit **
   8  p7           1.97121e-02   3.30422e-03  -1.96171e-05   2.55678e-04
                               ERR DEF= 0.5
 FCN=98.6584 FROM MIGRAD    STATUS=CONVERGED     810 CALLS         811 TOTAL
                     EDM=1.71423e-07    STRATEGY= 1      ERROR MATRIX ACCURATE 
  EXT PARAMETER                                   STEP         FIRST   
  NO.   NAME      VALUE            ERROR          SIZE      DERIVATIVE 
   1  Amp. - A/E   9.83757e+00   1.30178e+00   2.04843e-03  -2.79850e-04
   2  Mean - A/E   1.00011e+00   1.25426e-03   3.54119e-04   9.49802e-05
   3  Sigma - A/E   8.69998e-03   1.36810e-03   5.56815e-04  -1.72734e-04
   4  p3           1.99246e+00   3.96732e-01   1.29385e-03   3.99315e-04
   5  p4           6.96157e+00   1.55662e+00   4.80877e-03  -1.34373e-04
   6  p5           9.98998e-01   2.16046e-02   5.12580e-05  -7.53722e-03
   7  p6          -2.62943e-08   1.63618e-01   5.62362e-03** at limit **
   8  p7           1.73323e-02   6.89228e-03   6.42148e-04   2.31963e-04
                               ERR DEF= 0.5
 FCN=90.3142 FROM MIGRAD    STATUS=CALL LIMIT   2127 CALLS        2128 TOTAL
                     EDM=0.000109934    STRATEGY= 1  ERROR MATRIX UNCERTAINTY  19.6 per cent
  EXT PARAMETER                APPROXIMATE        STEP         FIRST   
  NO.   NAME      VALUE            ERROR          SIZE      DERIVATIVE 
   1  Amp. - A/E   9.99188e+00   1.16803e+00   4.47553e-04  -8.96268e-04
   2  Mean - A/E   9.97517e-01   1.15978e-03  -1.23571e-04  -2.63329e-02
   3  Sigma - A/E   9.76596e-03   8.21515e-04  -2.20529e-05  -3.73186e-02
   4  p3           5.52057e+01   2.00433e+02   1.97561e+00  -1.17655e-03
   5  p4           5.72010e-02   2.20000e-01  -2.15083e-03   8.00383e-01
   6  p5           9.89608e-01   1.17872e-02  -1.17235e-05   3.04273e-01
   7  p6          -9.80300e-01   7.07190e-02  -5.24804e-03  -7.72109e-01
   8  p7           5.00001e-03   5.25305e-03   6.38097e-04** at limit **
                               ERR DEF= 0.5
 FCN=83.4838 FROM MIGRAD    STATUS=CONVERGED    1328 CALLS        1329 TOTAL
                     EDM=3.08326e-07    STRATEGY= 1      ERROR MATRIX ACCURATE 
  EXT PARAMETER                                   STEP         FIRST   
  NO.   NAME      VALUE            ERROR          SIZE      DERIVATIVE 
   1  Amp. - A/E   1.02078e+01   1.27555e+00   2.16354e-03  -5.33219e-04
   2  Mean - A/E   9.97393e-01   1.06202e-03   3.10480e-04   1.29355e-03
   3  Sigma - A/E   8.55710e-03   9.47935e-04   4.64362e-04   4.83853e-04
   4  p3           2.62913e+00   4.52052e-01   1.62548e-03   1.12948e-03
   5  p4           1.12200e+01   8.50041e+00   5.63317e-03  -3.44047e-04
   6  p5           9.75745e-01   2.24200e-02   4.35153e-05  -2.18125e-02
   7  p6          -1.05628e-02   7.60104e-01   1.21589e-03   1.48379e-03
   8  p7           1.92149e-02   3.66961e-03   4.54018e-04  -2.81001e-03
                               ERR DEF= 0.5
 FCN=104.785 FROM MIGRAD    STATUS=CONVERGED    1114 CALLS        1115 TOTAL
                     EDM=4.76528e-07    STRATEGY= 1      ERROR MATRIX ACCURATE 
  EXT PARAMETER                                   STEP         FIRST   
  NO.   NAME      VALUE            ERROR          SIZE      DERIVATIVE 
   1  Amp. - A/E   1.38980e+01   1.79720e+00   2.61277e-03   7.04043e-04
   2  Mean - A/E   9.98482e-01   8.66317e-04   2.70483e-04   7.60986e-03
   3  Sigma - A/E   6.56069e-03   9.83736e-04   6.47822e-04   4.78436e-03
   4  p3           3.49324e+00   4.46898e-01   1.94318e-03  -1.49121e-04
   5  p4           8.37412e+00   4.18291e+00   3.87192e-03   3.97473e-04
   6  p5           9.87822e-01   1.48756e-02   3.87626e-05   8.23735e-02
   7  p6          -3.87234e-02   1.18685e-01   6.97752e-04  -1.58720e-03
   8  p7           1.76532e-02   3.64325e-03   4.80155e-04   6.05943e-04
                               ERR DEF= 0.5
 FCN=111.673 FROM MIGRAD    STATUS=CONVERGED     796 CALLS         797 TOTAL
                     EDM=8.38875e-08    STRATEGY= 1  ERROR MATRIX UNCERTAINTY   2.5 per cent
  EXT PARAMETER                                   STEP         FIRST   
  NO.   NAME      VALUE            ERROR          SIZE      DERIVATIVE 
   1  Amp. - A/E   1.60421e+01   1.76311e+00   7.21855e-05  -9.66772e-06
   2  Mean - A/E   9.96736e-01   1.00265e-03  -9.60753e-05  -4.86245e-03
   3  Sigma - A/E   8.39033e-03   9.38087e-04   3.40956e-06   1.59018e-03
   4  p3           3.11552e+00   5.48538e-01  -6.41563e-04   8.81409e-04
   5  p4           7.66994e+00   1.24703e+00  -1.01870e-03  -6.86643e-05
   6  p5           9.98607e-01   7.37424e-03   3.57039e-06   9.33194e-03
   7  p6          -2.07301e-12   2.69994e-02   2.17641e-05** at limit **
   8  p7           1.13226e-02   2.51665e-03  -5.80745e-05  -3.26398e-05
                               ERR DEF= 0.5

****************************************
Minimizer is Linear
Chi2                      =      13.2053
NDf                       =           10
p0                        =      1.01132   +/-   0.00209199  
p1                        = -5.95624e-06   +/-   1.04537e-06 
1.01132
-5.95624e-06
0.00209199
1.04537e-06
0.137018
Calculation of survival fraction for 2104
 FCN=85.446 FROM MIGRAD    STATUS=CONVERGED     171 CALLS         172 TOTAL
                     EDM=1.50392e-07    STRATEGY= 1      ERROR MATRIX ACCURATE 
  EXT PARAMETER                                   STEP         FIRST   
  NO.   NAME      VALUE            ERROR          SIZE      DERIVATIVE 
   1  Amp.         1.93495e+01   2.36219e+00   1.19354e-02   1.05973e-04
   2  Mean         2.10440e+03   1.63054e-01   1.03794e-03  -6.71518e-04
   3  Sigma        1.44204e+00   1.49576e-01   6.22576e-05   4.96444e-03
   4  Flat Bkg     3.20625e+00   1.40499e-01   8.79067e-04   2.26250e-03
                               ERR DEF= 0.5
 FCN=103.036 FROM MIGRAD    STATUS=CONVERGED      98 CALLS          99 TOTAL
                     EDM=9.33937e-07    STRATEGY= 1      ERROR MATRIX ACCURATE 
  EXT PARAMETER                                   STEP         FIRST   
  NO.   NAME      VALUE            ERROR          SIZE      DERIVATIVE 
   1  Amp.         8.41344e+00   1.69595e+00   9.48448e-03  -6.12889e-04
   2  Mean         2.10450e+03   2.55364e-01   1.79477e-03   1.20372e-03
   3  Sigma        1.31649e+00   2.36090e-01   1.14487e-04  -3.52009e-02
   4  Flat Bkg     2.11365e+00   1.13475e-01   7.78634e-04  -4.55113e-03
                               ERR DEF= 0.5
Calculation of survival fraction for 2614.5
 FCN=181.313 FROM MIGRAD    STATUS=CONVERGED     183 CALLS         184 TOTAL
                     EDM=2.08405e-08    STRATEGY= 1      ERROR MATRIX ACCURATE 
  EXT PARAMETER                                   STEP         FIRST   
  NO.   NAME      VALUE            ERROR          SIZE      DERIVATIVE 
   1  Amp.         1.45033e+02   6.14415e+00   4.48766e-02   1.89693e-05
   2  Mean         2.61559e+03   4.40343e-02   1.24721e-03   1.84796e-03
   3  Sigma        1.26591e+00   3.60020e-02   2.31303e-05   4.52137e-02
   4  Flat Bkg     8.03178e-01   7.16713e-02   6.57390e-04  -5.47825e-04
                               ERR DEF= 0.5
 FCN=96.5849 FROM MIGRAD    STATUS=CONVERGED     166 CALLS         167 TOTAL
                     EDM=1.50407e-06    STRATEGY= 1      ERROR MATRIX ACCURATE 
  EXT PARAMETER                                   STEP         FIRST   
  NO.   NAME      VALUE            ERROR          SIZE      DERIVATIVE 
   1  Amp.         7.73027e+01   4.47053e+00   2.42617e-02   6.85377e-05
   2  Mean         2.61558e+03   5.84245e-02   1.24720e-03   1.20642e-02
   3  Sigma        1.22886e+00   4.54995e-02   2.22220e-05  -1.54003e-01
   4  Flat Bkg     3.43197e-01   4.65483e-02   3.14279e-04   7.24612e-03
                               ERR DEF= 0.5
Calculation of survival fraction background at 2039
